[2022-12-10 15:12:20,076][bmrc_v4.py][line:1199][INFO] Namespace(add_note='', batch_size=2, bert_model_type='../../bert/bert-base-uncased', beta=1, checkpoint_path='./model/final_2.pth', data_path='./data', dataset_type='ASTE', epoch_num=40, gat=False, gpu=True, hidden_size=768, infer_rt=False, inference_beta=0.8, learning_rate=0.001, log_path='./log', mode='train', model_name='BMRC', nizhuan=True, save_model_path='./checkpoint/2022-12-10-15-12-19-', task_type='ASTE', train_rt=True, tuning_bert_rate=1e-05, warm_up=0.1, work_nums=1, zhongzi=[5, 77, 89, 32, 66])
[2022-12-10 15:12:20,086][bmrc_v4.py][line:1200][INFO] ####################################
[2022-12-10 15:12:20,087][bmrc_v4.py][line:1201][INFO] ####################################
[2022-12-10 15:12:20,087][bmrc_v4.py][line:1202][INFO] loading data......
[2022-12-10 15:12:22,003][bmrc_v4.py][line:1220][INFO] initial optimizer......
[2022-12-10 15:12:22,006][bmrc_v4.py][line:1230][INFO] New model and optimizer from epoch 1
[2022-12-10 15:12:25,650][bmrc_v4.py][line:1246][INFO] begin training......
[2022-12-10 15:12:25,658][bmrc_v4.py][line:1280][INFO] train
[2022-12-10 15:12:31,991][bmrc_v4.py][line:1395][INFO] Epoch:[1/40]	 Batch:[10/460]	 Loss Sum:24.5673	 S_A Loss:4.2447;S_O Loss:4.086	 A_O Loss:3.8097;O_A Loss:4.1511	 AO_P Loss:0.3249	;	 PA_O Loss:3.8464	;	 PO_A Loss:4.1044	;
[2022-12-10 15:12:37,119][bmrc_v4.py][line:1395][INFO] Epoch:[1/40]	 Batch:[20/460]	 Loss Sum:33.9586	 S_A Loss:5.7793;S_O Loss:5.4603	 A_O Loss:5.4835;O_A Loss:5.5511	 AO_P Loss:0.3372	;	 PA_O Loss:5.4699	;	 PO_A Loss:5.8774	;
[2022-12-10 15:12:42,341][bmrc_v4.py][line:1395][INFO] Epoch:[1/40]	 Batch:[30/460]	 Loss Sum:16.8463	 S_A Loss:2.1848;S_O Loss:2.5719	 A_O Loss:2.6264;O_A Loss:3.3589	 AO_P Loss:0.2241	;	 PA_O Loss:2.4515	;	 PO_A Loss:3.4287	;
[2022-12-10 15:12:47,638][bmrc_v4.py][line:1395][INFO] Epoch:[1/40]	 Batch:[40/460]	 Loss Sum:31.1232	 S_A Loss:5.0676;S_O Loss:5.3601	 A_O Loss:4.9936;O_A Loss:5.1605	 AO_P Loss:0.4074	;	 PA_O Loss:5.0228	;	 PO_A Loss:5.1111	;
[2022-12-10 15:12:53,019][bmrc_v4.py][line:1395][INFO] Epoch:[1/40]	 Batch:[50/460]	 Loss Sum:30.2962	 S_A Loss:4.2265;S_O Loss:4.4573	 A_O Loss:4.3985;O_A Loss:6.3373	 AO_P Loss:0.3026	;	 PA_O Loss:4.385	;	 PO_A Loss:6.189	;
[2022-12-10 15:12:58,362][bmrc_v4.py][line:1395][INFO] Epoch:[1/40]	 Batch:[60/460]	 Loss Sum:23.1631	 S_A Loss:4.0374;S_O Loss:3.8149	 A_O Loss:3.7275;O_A Loss:4.1459	 AO_P Loss:0.272	;	 PA_O Loss:3.4829	;	 PO_A Loss:3.6825	;
[2022-12-10 15:13:03,703][bmrc_v4.py][line:1395][INFO] Epoch:[1/40]	 Batch:[70/460]	 Loss Sum:15.4318	 S_A Loss:2.4588;S_O Loss:2.5001	 A_O Loss:2.4934;O_A Loss:2.5749	 AO_P Loss:0.2494	;	 PA_O Loss:2.579	;	 PO_A Loss:2.5761	;
[2022-12-10 15:13:08,839][bmrc_v4.py][line:1395][INFO] Epoch:[1/40]	 Batch:[80/460]	 Loss Sum:32.7523	 S_A Loss:4.6478;S_O Loss:4.0622	 A_O Loss:5.384;O_A Loss:6.1126	 AO_P Loss:0.7917	;	 PA_O Loss:5.2904	;	 PO_A Loss:6.4636	;
[2022-12-10 15:13:14,009][bmrc_v4.py][line:1395][INFO] Epoch:[1/40]	 Batch:[90/460]	 Loss Sum:18.3372	 S_A Loss:2.25;S_O Loss:3.0751	 A_O Loss:3.0706;O_A Loss:2.97	 AO_P Loss:0.261	;	 PA_O Loss:3.6174	;	 PO_A Loss:3.0931	;
[2022-12-10 15:13:19,202][bmrc_v4.py][line:1395][INFO] Epoch:[1/40]	 Batch:[100/460]	 Loss Sum:15.1425	 S_A Loss:2.458;S_O Loss:2.4048	 A_O Loss:2.4095;O_A Loss:2.5057	 AO_P Loss:0.22	;	 PA_O Loss:2.7328	;	 PO_A Loss:2.4117	;
[2022-12-10 15:13:24,420][bmrc_v4.py][line:1395][INFO] Epoch:[1/40]	 Batch:[110/460]	 Loss Sum:18.3135	 S_A Loss:2.9836;S_O Loss:2.804	 A_O Loss:3.0753;O_A Loss:3.011	 AO_P Loss:0.2607	;	 PA_O Loss:3.2247	;	 PO_A Loss:2.9542	;
[2022-12-10 15:13:29,599][bmrc_v4.py][line:1395][INFO] Epoch:[1/40]	 Batch:[120/460]	 Loss Sum:20.1624	 S_A Loss:2.0554;S_O Loss:3.4851	 A_O Loss:3.155;O_A Loss:3.7438	 AO_P Loss:0.3785	;	 PA_O Loss:3.2735	;	 PO_A Loss:4.0711	;
[2022-12-10 15:13:34,750][bmrc_v4.py][line:1395][INFO] Epoch:[1/40]	 Batch:[130/460]	 Loss Sum:27.0165	 S_A Loss:3.3121;S_O Loss:3.4008	 A_O Loss:4.0854;O_A Loss:5.8303	 AO_P Loss:0.6161	;	 PA_O Loss:4.0079	;	 PO_A Loss:5.7638	;
[2022-12-10 15:13:39,863][bmrc_v4.py][line:1395][INFO] Epoch:[1/40]	 Batch:[140/460]	 Loss Sum:13.6181	 S_A Loss:2.1414;S_O Loss:2.2001	 A_O Loss:2.3967;O_A Loss:2.0552	 AO_P Loss:0.4325	;	 PA_O Loss:2.3813	;	 PO_A Loss:2.0109	;
[2022-12-10 15:13:45,020][bmrc_v4.py][line:1395][INFO] Epoch:[1/40]	 Batch:[150/460]	 Loss Sum:11.2158	 S_A Loss:1.7102;S_O Loss:1.9278	 A_O Loss:1.9949;O_A Loss:1.7456	 AO_P Loss:0.2089	;	 PA_O Loss:1.8256	;	 PO_A Loss:1.8028	;
[2022-12-10 15:13:50,204][bmrc_v4.py][line:1395][INFO] Epoch:[1/40]	 Batch:[160/460]	 Loss Sum:26.9154	 S_A Loss:3.189;S_O Loss:4.0857	 A_O Loss:5.1203;O_A Loss:4.3317	 AO_P Loss:0.5983	;	 PA_O Loss:5.0906	;	 PO_A Loss:4.4999	;
[2022-12-10 15:13:55,528][bmrc_v4.py][line:1395][INFO] Epoch:[1/40]	 Batch:[170/460]	 Loss Sum:28.6999	 S_A Loss:2.9564;S_O Loss:4.0275	 A_O Loss:3.6744;O_A Loss:6.7959	 AO_P Loss:0.4943	;	 PA_O Loss:3.8721	;	 PO_A Loss:6.8793	;
[2022-12-10 15:14:00,925][bmrc_v4.py][line:1395][INFO] Epoch:[1/40]	 Batch:[180/460]	 Loss Sum:13.1883	 S_A Loss:2.1343;S_O Loss:2.3793	 A_O Loss:2.1204;O_A Loss:1.8022	 AO_P Loss:0.5647	;	 PA_O Loss:2.3088	;	 PO_A Loss:1.8786	;
[2022-12-10 15:14:06,309][bmrc_v4.py][line:1395][INFO] Epoch:[1/40]	 Batch:[190/460]	 Loss Sum:12.801	 S_A Loss:2.1213;S_O Loss:1.6919	 A_O Loss:2.1285;O_A Loss:2.4133	 AO_P Loss:0.2665	;	 PA_O Loss:2.2218	;	 PO_A Loss:1.9577	;
[2022-12-10 15:14:11,684][bmrc_v4.py][line:1395][INFO] Epoch:[1/40]	 Batch:[200/460]	 Loss Sum:14.0339	 S_A Loss:1.874;S_O Loss:2.4823	 A_O Loss:2.7186;O_A Loss:1.9175	 AO_P Loss:0.2553	;	 PA_O Loss:3.0095	;	 PO_A Loss:1.7767	;
[2022-12-10 15:14:17,040][bmrc_v4.py][line:1395][INFO] Epoch:[1/40]	 Batch:[210/460]	 Loss Sum:19.5103	 S_A Loss:2.3898;S_O Loss:2.7182	 A_O Loss:2.5398;O_A Loss:4.6897	 AO_P Loss:0.2121	;	 PA_O Loss:2.4743	;	 PO_A Loss:4.4865	;
[2022-12-10 15:14:22,264][bmrc_v4.py][line:1395][INFO] Epoch:[1/40]	 Batch:[220/460]	 Loss Sum:30.1808	 S_A Loss:3.3117;S_O Loss:4.0343	 A_O Loss:5.1137;O_A Loss:5.9987	 AO_P Loss:0.4728	;	 PA_O Loss:5.1174	;	 PO_A Loss:6.1322	;
[2022-12-10 15:14:27,522][bmrc_v4.py][line:1395][INFO] Epoch:[1/40]	 Batch:[230/460]	 Loss Sum:12.7644	 S_A Loss:2.0709;S_O Loss:2.2031	 A_O Loss:1.9881;O_A Loss:2.0063	 AO_P Loss:0.2828	;	 PA_O Loss:2.1227	;	 PO_A Loss:2.0905	;
[2022-12-10 15:14:32,889][bmrc_v4.py][line:1395][INFO] Epoch:[1/40]	 Batch:[240/460]	 Loss Sum:19.1166	 S_A Loss:2.4717;S_O Loss:3.1621	 A_O Loss:3.4123;O_A Loss:3.3049	 AO_P Loss:0.639	;	 PA_O Loss:3.3132	;	 PO_A Loss:2.8133	;
[2022-12-10 15:14:38,126][bmrc_v4.py][line:1395][INFO] Epoch:[1/40]	 Batch:[250/460]	 Loss Sum:23.1232	 S_A Loss:2.7874;S_O Loss:4.3487	 A_O Loss:4.4425;O_A Loss:3.4643	 AO_P Loss:0.5965	;	 PA_O Loss:4.2991	;	 PO_A Loss:3.1847	;
[2022-12-10 15:14:43,401][bmrc_v4.py][line:1395][INFO] Epoch:[1/40]	 Batch:[260/460]	 Loss Sum:13.7308	 S_A Loss:2.4032;S_O Loss:2.2063	 A_O Loss:2.1943;O_A Loss:2.2047	 AO_P Loss:0.2317	;	 PA_O Loss:2.234	;	 PO_A Loss:2.2565	;
[2022-12-10 15:14:48,664][bmrc_v4.py][line:1395][INFO] Epoch:[1/40]	 Batch:[270/460]	 Loss Sum:16.9133	 S_A Loss:3.0221;S_O Loss:2.8451	 A_O Loss:2.8999;O_A Loss:2.639	 AO_P Loss:0.4504	;	 PA_O Loss:2.4405	;	 PO_A Loss:2.6163	;
[2022-12-10 15:14:53,904][bmrc_v4.py][line:1395][INFO] Epoch:[1/40]	 Batch:[280/460]	 Loss Sum:14.7103	 S_A Loss:1.5924;S_O Loss:2.9997	 A_O Loss:2.9036;O_A Loss:1.5592	 AO_P Loss:0.5537	;	 PA_O Loss:3.4013	;	 PO_A Loss:1.7004	;
[2022-12-10 15:14:59,296][bmrc_v4.py][line:1395][INFO] Epoch:[1/40]	 Batch:[290/460]	 Loss Sum:14.8409	 S_A Loss:2.3723;S_O Loss:2.3463	 A_O Loss:2.3539;O_A Loss:2.5484	 AO_P Loss:0.3668	;	 PA_O Loss:2.6062	;	 PO_A Loss:2.2471	;
[2022-12-10 15:15:04,671][bmrc_v4.py][line:1395][INFO] Epoch:[1/40]	 Batch:[300/460]	 Loss Sum:11.4595	 S_A Loss:1.4453;S_O Loss:2.054	 A_O Loss:1.8374;O_A Loss:2.0826	 AO_P Loss:0.3052	;	 PA_O Loss:1.9413	;	 PO_A Loss:1.7938	;
[2022-12-10 15:15:09,854][bmrc_v4.py][line:1395][INFO] Epoch:[1/40]	 Batch:[310/460]	 Loss Sum:16.5292	 S_A Loss:2.3865;S_O Loss:2.5575	 A_O Loss:2.9109;O_A Loss:2.7703	 AO_P Loss:0.4025	;	 PA_O Loss:3.0672	;	 PO_A Loss:2.4344	;
[2022-12-10 15:15:15,065][bmrc_v4.py][line:1395][INFO] Epoch:[1/40]	 Batch:[320/460]	 Loss Sum:18.2953	 S_A Loss:2.1604;S_O Loss:2.3977	 A_O Loss:3.0322;O_A Loss:3.5729	 AO_P Loss:0.3271	;	 PA_O Loss:2.8822	;	 PO_A Loss:3.923	;
[2022-12-10 15:15:20,220][bmrc_v4.py][line:1395][INFO] Epoch:[1/40]	 Batch:[330/460]	 Loss Sum:14.4096	 S_A Loss:1.8454;S_O Loss:2.7942	 A_O Loss:2.5867;O_A Loss:2.2803	 AO_P Loss:0.2874	;	 PA_O Loss:2.5026	;	 PO_A Loss:2.113	;
[2022-12-10 15:15:25,654][bmrc_v4.py][line:1395][INFO] Epoch:[1/40]	 Batch:[340/460]	 Loss Sum:6.429	 S_A Loss:1.4224;S_O Loss:0.9986	 A_O Loss:0.6211;O_A Loss:1.3175	 AO_P Loss:0.1845	;	 PA_O Loss:0.6416	;	 PO_A Loss:1.2433	;
[2022-12-10 15:15:31,150][bmrc_v4.py][line:1395][INFO] Epoch:[1/40]	 Batch:[350/460]	 Loss Sum:17.7277	 S_A Loss:2.8762;S_O Loss:2.3637	 A_O Loss:3.1616;O_A Loss:2.8282	 AO_P Loss:0.2533	;	 PA_O Loss:2.9826	;	 PO_A Loss:3.2622	;
[2022-12-10 15:15:36,517][bmrc_v4.py][line:1395][INFO] Epoch:[1/40]	 Batch:[360/460]	 Loss Sum:11.6102	 S_A Loss:1.3771;S_O Loss:2.8339	 A_O Loss:2.3965;O_A Loss:1.0901	 AO_P Loss:0.2479	;	 PA_O Loss:2.6284	;	 PO_A Loss:1.0362	;
[2022-12-10 15:15:41,924][bmrc_v4.py][line:1395][INFO] Epoch:[1/40]	 Batch:[370/460]	 Loss Sum:8.547	 S_A Loss:1.7592;S_O Loss:1.4544	 A_O Loss:1.2531;O_A Loss:1.3063	 AO_P Loss:0.2868	;	 PA_O Loss:1.2365	;	 PO_A Loss:1.2507	;
[2022-12-10 15:15:47,389][bmrc_v4.py][line:1395][INFO] Epoch:[1/40]	 Batch:[380/460]	 Loss Sum:6.156	 S_A Loss:1.3243;S_O Loss:1.1028	 A_O Loss:0.86;O_A Loss:0.984	 AO_P Loss:0.2368	;	 PA_O Loss:0.6575	;	 PO_A Loss:0.9905	;
[2022-12-10 15:15:52,971][bmrc_v4.py][line:1395][INFO] Epoch:[1/40]	 Batch:[390/460]	 Loss Sum:27.6911	 S_A Loss:3.4576;S_O Loss:4.6509	 A_O Loss:4.3383;O_A Loss:4.6351	 AO_P Loss:1.5377	;	 PA_O Loss:4.7338	;	 PO_A Loss:4.3377	;
[2022-12-10 15:15:58,468][bmrc_v4.py][line:1395][INFO] Epoch:[1/40]	 Batch:[400/460]	 Loss Sum:8.121	 S_A Loss:1.5816;S_O Loss:1.5644	 A_O Loss:1.0527;O_A Loss:1.2571	 AO_P Loss:0.2405	;	 PA_O Loss:0.9419	;	 PO_A Loss:1.4829	;
[2022-12-10 15:16:04,134][bmrc_v4.py][line:1395][INFO] Epoch:[1/40]	 Batch:[410/460]	 Loss Sum:11.4601	 S_A Loss:2.5562;S_O Loss:1.4206	 A_O Loss:1.5718;O_A Loss:1.8259	 AO_P Loss:0.3926	;	 PA_O Loss:1.2649	;	 PO_A Loss:2.4281	;
[2022-12-10 15:16:09,647][bmrc_v4.py][line:1395][INFO] Epoch:[1/40]	 Batch:[420/460]	 Loss Sum:19.7665	 S_A Loss:1.9959;S_O Loss:2.9596	 A_O Loss:3.0287;O_A Loss:4.5023	 AO_P Loss:0.5481	;	 PA_O Loss:2.4253	;	 PO_A Loss:4.3065	;
[2022-12-10 15:16:15,262][bmrc_v4.py][line:1395][INFO] Epoch:[1/40]	 Batch:[430/460]	 Loss Sum:8.4098	 S_A Loss:1.597;S_O Loss:1.8609	 A_O Loss:1.366;O_A Loss:1.192	 AO_P Loss:0.3631	;	 PA_O Loss:0.9	;	 PO_A Loss:1.1308	;
[2022-12-10 15:16:20,769][bmrc_v4.py][line:1395][INFO] Epoch:[1/40]	 Batch:[440/460]	 Loss Sum:14.5232	 S_A Loss:1.9694;S_O Loss:2.3257	 A_O Loss:2.1303;O_A Loss:2.9406	 AO_P Loss:0.2531	;	 PA_O Loss:1.9518	;	 PO_A Loss:2.9524	;
[2022-12-10 15:16:26,378][bmrc_v4.py][line:1395][INFO] Epoch:[1/40]	 Batch:[450/460]	 Loss Sum:7.5556	 S_A Loss:1.2404;S_O Loss:1.4318	 A_O Loss:1.096;O_A Loss:1.3735	 AO_P Loss:0.2395	;	 PA_O Loss:0.9198	;	 PO_A Loss:1.2546	;
[2022-12-10 15:16:32,086][bmrc_v4.py][line:1395][INFO] Epoch:[1/40]	 Batch:[460/460]	 Loss Sum:11.6158	 S_A Loss:2.4597;S_O Loss:1.6858	 A_O Loss:1.2295;O_A Loss:2.3919	 AO_P Loss:0.2473	;	 PA_O Loss:1.1781	;	 PO_A Loss:2.4235	;
[2022-12-10 15:16:32,086][bmrc_v4.py][line:1416][INFO] dev
