[2022-12-11 02:00:49,780][bmrc_v4.py][line:1266][INFO] Namespace(add_note='', batch_size=2, bert_model_type='../../bert/bert-base-uncased', beta=1, checkpoint_path='./model/final_2.pth', data_path='./data', dataset_type='ASTE', epoch_num=40, gat=False, gpu=True, hidden_size=768, infer_rt=False, inference_beta=0.8, learning_rate=0.001, log_path='./log', mode='train', model_name='BMRC', nizhuan=False, save_model_path='./checkpoint/2022-12-11-02-00-48-', task_type='ASTE', train_rt=True, tuning_bert_rate=1e-05, warm_up=0.1, work_nums=1, zhongzi=[5, 77, 89, 32, 66])
[2022-12-11 02:00:49,783][bmrc_v4.py][line:1267][INFO] ####################################
[2022-12-11 02:00:49,783][bmrc_v4.py][line:1268][INFO] ####################################
[2022-12-11 02:00:49,785][bmrc_v4.py][line:1269][INFO] loading data......
[2022-12-11 02:00:51,405][bmrc_v4.py][line:1287][INFO] initial optimizer......
[2022-12-11 02:00:51,412][bmrc_v4.py][line:1297][INFO] New model and optimizer from epoch 1
[2022-12-11 02:00:55,270][bmrc_v4.py][line:1313][INFO] begin training......
[2022-12-11 02:00:55,273][bmrc_v4.py][line:1347][INFO] train
[2022-12-11 02:01:01,580][bmrc_v4.py][line:1462][INFO] Epoch:[1/40]	 Batch:[10/460]	 Loss Sum:24.3392	 S_A Loss:4.3163;S_O Loss:4.1071	 A_O Loss:3.7676;O_A Loss:4.066	 AO_P Loss:0.2887	;	 PA_O Loss:3.7815	;	 PO_A Loss:4.012	;
[2022-12-11 02:01:06,489][bmrc_v4.py][line:1462][INFO] Epoch:[1/40]	 Batch:[20/460]	 Loss Sum:34.274	 S_A Loss:5.7614;S_O Loss:5.7134	 A_O Loss:5.5018;O_A Loss:5.7593	 AO_P Loss:0.3389	;	 PA_O Loss:5.7059	;	 PO_A Loss:5.4933	;
[2022-12-11 02:01:11,414][bmrc_v4.py][line:1462][INFO] Epoch:[1/40]	 Batch:[30/460]	 Loss Sum:16.0098	 S_A Loss:2.0295;S_O Loss:2.4896	 A_O Loss:2.5079;O_A Loss:3.0633	 AO_P Loss:0.2319	;	 PA_O Loss:2.5513	;	 PO_A Loss:3.1364	;
[2022-12-11 02:01:16,380][bmrc_v4.py][line:1462][INFO] Epoch:[1/40]	 Batch:[40/460]	 Loss Sum:31.8271	 S_A Loss:5.1417;S_O Loss:5.3449	 A_O Loss:5.122;O_A Loss:5.4292	 AO_P Loss:0.4136	;	 PA_O Loss:4.9096	;	 PO_A Loss:5.4662	;
[2022-12-11 02:01:21,344][bmrc_v4.py][line:1462][INFO] Epoch:[1/40]	 Batch:[50/460]	 Loss Sum:30.0153	 S_A Loss:4.0228;S_O Loss:4.3223	 A_O Loss:4.3134;O_A Loss:6.4191	 AO_P Loss:0.2957	;	 PA_O Loss:4.4733	;	 PO_A Loss:6.1688	;
[2022-12-11 02:01:26,297][bmrc_v4.py][line:1462][INFO] Epoch:[1/40]	 Batch:[60/460]	 Loss Sum:22.7426	 S_A Loss:4.1118;S_O Loss:3.8455	 A_O Loss:3.4471;O_A Loss:3.8612	 AO_P Loss:0.2877	;	 PA_O Loss:3.5169	;	 PO_A Loss:3.6724	;
[2022-12-11 02:01:31,244][bmrc_v4.py][line:1462][INFO] Epoch:[1/40]	 Batch:[70/460]	 Loss Sum:15.2604	 S_A Loss:2.678;S_O Loss:2.4628	 A_O Loss:2.3191;O_A Loss:2.5816	 AO_P Loss:0.256	;	 PA_O Loss:2.625	;	 PO_A Loss:2.3379	;
[2022-12-11 02:01:36,209][bmrc_v4.py][line:1462][INFO] Epoch:[1/40]	 Batch:[80/460]	 Loss Sum:32.7974	 S_A Loss:4.7401;S_O Loss:4.3265	 A_O Loss:5.6071;O_A Loss:5.9134	 AO_P Loss:0.7894	;	 PA_O Loss:5.3788	;	 PO_A Loss:6.0421	;
[2022-12-11 02:01:41,166][bmrc_v4.py][line:1462][INFO] Epoch:[1/40]	 Batch:[90/460]	 Loss Sum:19.0232	 S_A Loss:1.9709;S_O Loss:3.6229	 A_O Loss:3.4364;O_A Loss:3.3378	 AO_P Loss:0.2643	;	 PA_O Loss:3.303	;	 PO_A Loss:3.0879	;
[2022-12-11 02:01:46,112][bmrc_v4.py][line:1462][INFO] Epoch:[1/40]	 Batch:[100/460]	 Loss Sum:15.6406	 S_A Loss:2.6704;S_O Loss:2.6518	 A_O Loss:2.6113;O_A Loss:2.5193	 AO_P Loss:0.1925	;	 PA_O Loss:2.4108	;	 PO_A Loss:2.5846	;
[2022-12-11 02:01:51,107][bmrc_v4.py][line:1462][INFO] Epoch:[1/40]	 Batch:[110/460]	 Loss Sum:18.8331	 S_A Loss:2.7563;S_O Loss:2.858	 A_O Loss:3.3093;O_A Loss:3.1624	 AO_P Loss:0.3131	;	 PA_O Loss:3.3256	;	 PO_A Loss:3.1085	;
[2022-12-11 02:01:56,083][bmrc_v4.py][line:1462][INFO] Epoch:[1/40]	 Batch:[120/460]	 Loss Sum:19.4498	 S_A Loss:1.8819;S_O Loss:3.1886	 A_O Loss:3.1393;O_A Loss:4.2608	 AO_P Loss:0.3678	;	 PA_O Loss:3.0094	;	 PO_A Loss:3.6021	;
[2022-12-11 02:02:01,064][bmrc_v4.py][line:1462][INFO] Epoch:[1/40]	 Batch:[130/460]	 Loss Sum:26.3198	 S_A Loss:3.0943;S_O Loss:3.8336	 A_O Loss:3.9616;O_A Loss:5.367	 AO_P Loss:0.6116	;	 PA_O Loss:3.8605	;	 PO_A Loss:5.5912	;
[2022-12-11 02:02:06,121][bmrc_v4.py][line:1462][INFO] Epoch:[1/40]	 Batch:[140/460]	 Loss Sum:12.492	 S_A Loss:1.8443;S_O Loss:2.1494	 A_O Loss:2.2806;O_A Loss:1.8299	 AO_P Loss:0.4471	;	 PA_O Loss:2.1757	;	 PO_A Loss:1.765	;
[2022-12-11 02:02:11,163][bmrc_v4.py][line:1462][INFO] Epoch:[1/40]	 Batch:[150/460]	 Loss Sum:12.2779	 S_A Loss:1.7922;S_O Loss:2.1294	 A_O Loss:1.9458;O_A Loss:1.8356	 AO_P Loss:0.2496	;	 PA_O Loss:2.4857	;	 PO_A Loss:1.8396	;
[2022-12-11 02:02:16,301][bmrc_v4.py][line:1462][INFO] Epoch:[1/40]	 Batch:[160/460]	 Loss Sum:27.5649	 S_A Loss:3.6264;S_O Loss:3.8588	 A_O Loss:5.2732;O_A Loss:4.5252	 AO_P Loss:0.5887	;	 PA_O Loss:5.2172	;	 PO_A Loss:4.4754	;
[2022-12-11 02:02:21,531][bmrc_v4.py][line:1462][INFO] Epoch:[1/40]	 Batch:[170/460]	 Loss Sum:28.2512	 S_A Loss:3.0945;S_O Loss:3.7977	 A_O Loss:3.5502;O_A Loss:7.0801	 AO_P Loss:0.5297	;	 PA_O Loss:3.6391	;	 PO_A Loss:6.56	;
[2022-12-11 02:02:27,375][bmrc_v4.py][line:1462][INFO] Epoch:[1/40]	 Batch:[180/460]	 Loss Sum:13.688	 S_A Loss:2.1312;S_O Loss:2.3003	 A_O Loss:2.3622;O_A Loss:1.8883	 AO_P Loss:0.49	;	 PA_O Loss:2.5306	;	 PO_A Loss:1.9853	;
[2022-12-11 02:02:32,878][bmrc_v4.py][line:1462][INFO] Epoch:[1/40]	 Batch:[190/460]	 Loss Sum:13.4338	 S_A Loss:1.8727;S_O Loss:1.942	 A_O Loss:2.3673;O_A Loss:2.4669	 AO_P Loss:0.2698	;	 PA_O Loss:2.2545	;	 PO_A Loss:2.2605	;
[2022-12-11 02:02:38,275][bmrc_v4.py][line:1462][INFO] Epoch:[1/40]	 Batch:[200/460]	 Loss Sum:13.0387	 S_A Loss:1.9272;S_O Loss:2.4305	 A_O Loss:2.5275;O_A Loss:1.5954	 AO_P Loss:0.2648	;	 PA_O Loss:2.73	;	 PO_A Loss:1.5632	;
[2022-12-11 02:02:43,742][bmrc_v4.py][line:1462][INFO] Epoch:[1/40]	 Batch:[210/460]	 Loss Sum:18.9644	 S_A Loss:2.0819;S_O Loss:2.7501	 A_O Loss:2.7643;O_A Loss:3.9471	 AO_P Loss:0.2211	;	 PA_O Loss:2.6888	;	 PO_A Loss:4.5112	;
[2022-12-11 02:02:49,184][bmrc_v4.py][line:1462][INFO] Epoch:[1/40]	 Batch:[220/460]	 Loss Sum:30.6774	 S_A Loss:3.6491;S_O Loss:3.8451	 A_O Loss:4.9004;O_A Loss:6.165	 AO_P Loss:0.4497	;	 PA_O Loss:5.2837	;	 PO_A Loss:6.3843	;
[2022-12-11 02:02:54,898][bmrc_v4.py][line:1462][INFO] Epoch:[1/40]	 Batch:[230/460]	 Loss Sum:12.2678	 S_A Loss:2.0565;S_O Loss:2.1339	 A_O Loss:2.1811;O_A Loss:1.9387	 AO_P Loss:0.2642	;	 PA_O Loss:1.9658	;	 PO_A Loss:1.7277	;
[2022-12-11 02:03:00,472][bmrc_v4.py][line:1462][INFO] Epoch:[1/40]	 Batch:[240/460]	 Loss Sum:19.0818	 S_A Loss:2.5266;S_O Loss:2.9611	 A_O Loss:3.4073;O_A Loss:2.8242	 AO_P Loss:0.58	;	 PA_O Loss:3.643	;	 PO_A Loss:3.1397	;
[2022-12-11 02:03:06,187][bmrc_v4.py][line:1462][INFO] Epoch:[1/40]	 Batch:[250/460]	 Loss Sum:22.4844	 S_A Loss:2.3304;S_O Loss:4.0339	 A_O Loss:4.2693;O_A Loss:3.4965	 AO_P Loss:0.6968	;	 PA_O Loss:4.3124	;	 PO_A Loss:3.345	;
[2022-12-11 02:03:11,822][bmrc_v4.py][line:1462][INFO] Epoch:[1/40]	 Batch:[260/460]	 Loss Sum:13.8471	 S_A Loss:2.4023;S_O Loss:2.142	 A_O Loss:2.0472;O_A Loss:2.3445	 AO_P Loss:0.25	;	 PA_O Loss:2.3216	;	 PO_A Loss:2.3395	;
[2022-12-11 02:03:18,267][bmrc_v4.py][line:1462][INFO] Epoch:[1/40]	 Batch:[270/460]	 Loss Sum:17.4323	 S_A Loss:2.9235;S_O Loss:2.8821	 A_O Loss:2.8889;O_A Loss:2.7795	 AO_P Loss:0.4571	;	 PA_O Loss:2.6923	;	 PO_A Loss:2.8089	;
[2022-12-11 02:03:23,739][bmrc_v4.py][line:1462][INFO] Epoch:[1/40]	 Batch:[280/460]	 Loss Sum:14.23	 S_A Loss:1.7642;S_O Loss:3.2255	 A_O Loss:2.6925;O_A Loss:1.5971	 AO_P Loss:0.5885	;	 PA_O Loss:2.7336	;	 PO_A Loss:1.6285	;
[2022-12-11 02:03:29,117][bmrc_v4.py][line:1462][INFO] Epoch:[1/40]	 Batch:[290/460]	 Loss Sum:16.4531	 S_A Loss:2.4476;S_O Loss:2.4536	 A_O Loss:2.881;O_A Loss:2.8422	 AO_P Loss:0.3063	;	 PA_O Loss:2.7498	;	 PO_A Loss:2.7727	;
[2022-12-11 02:03:34,481][bmrc_v4.py][line:1462][INFO] Epoch:[1/40]	 Batch:[300/460]	 Loss Sum:11.7691	 S_A Loss:1.442;S_O Loss:2.2179	 A_O Loss:1.9066;O_A Loss:2.0888	 AO_P Loss:0.3042	;	 PA_O Loss:1.9485	;	 PO_A Loss:1.8611	;
[2022-12-11 02:03:39,840][bmrc_v4.py][line:1462][INFO] Epoch:[1/40]	 Batch:[310/460]	 Loss Sum:17.2263	 S_A Loss:2.4741;S_O Loss:2.7679	 A_O Loss:3.133;O_A Loss:2.6527	 AO_P Loss:0.3885	;	 PA_O Loss:3.1237	;	 PO_A Loss:2.6864	;
[2022-12-11 02:03:45,163][bmrc_v4.py][line:1462][INFO] Epoch:[1/40]	 Batch:[320/460]	 Loss Sum:18.6369	 S_A Loss:2.1947;S_O Loss:2.9371	 A_O Loss:2.7767;O_A Loss:4.013	 AO_P Loss:0.3309	;	 PA_O Loss:2.658	;	 PO_A Loss:3.7265	;
[2022-12-11 02:03:50,480][bmrc_v4.py][line:1462][INFO] Epoch:[1/40]	 Batch:[330/460]	 Loss Sum:14.2332	 S_A Loss:1.7703;S_O Loss:2.9159	 A_O Loss:2.2079;O_A Loss:2.4348	 AO_P Loss:0.2704	;	 PA_O Loss:2.5972	;	 PO_A Loss:2.0367	;
[2022-12-11 02:03:55,805][bmrc_v4.py][line:1462][INFO] Epoch:[1/40]	 Batch:[340/460]	 Loss Sum:7.2573	 S_A Loss:1.6638;S_O Loss:0.9226	 A_O Loss:0.7443;O_A Loss:1.62	 AO_P Loss:0.1946	;	 PA_O Loss:0.6965	;	 PO_A Loss:1.4154	;
[2022-12-11 02:04:01,738][bmrc_v4.py][line:1462][INFO] Epoch:[1/40]	 Batch:[350/460]	 Loss Sum:18.1684	 S_A Loss:2.4403;S_O Loss:2.9332	 A_O Loss:3.3425;O_A Loss:2.5565	 AO_P Loss:0.2716	;	 PA_O Loss:4.0877	;	 PO_A Loss:2.5365	;
[2022-12-11 02:04:07,685][bmrc_v4.py][line:1462][INFO] Epoch:[1/40]	 Batch:[360/460]	 Loss Sum:11.5994	 S_A Loss:1.3639;S_O Loss:2.9278	 A_O Loss:2.6087;O_A Loss:1.0181	 AO_P Loss:0.228	;	 PA_O Loss:2.4588	;	 PO_A Loss:0.9941	;
[2022-12-11 02:04:13,386][bmrc_v4.py][line:1462][INFO] Epoch:[1/40]	 Batch:[370/460]	 Loss Sum:8.3792	 S_A Loss:1.5665;S_O Loss:1.5642	 A_O Loss:1.3287;O_A Loss:1.1596	 AO_P Loss:0.2299	;	 PA_O Loss:1.3074	;	 PO_A Loss:1.223	;
[2022-12-11 02:04:19,342][bmrc_v4.py][line:1462][INFO] Epoch:[1/40]	 Batch:[380/460]	 Loss Sum:5.9895	 S_A Loss:1.6337;S_O Loss:1.074	 A_O Loss:0.7822;O_A Loss:0.7645	 AO_P Loss:0.2095	;	 PA_O Loss:0.6644	;	 PO_A Loss:0.8612	;
[2022-12-11 02:04:24,929][bmrc_v4.py][line:1462][INFO] Epoch:[1/40]	 Batch:[390/460]	 Loss Sum:29.6583	 S_A Loss:3.9207;S_O Loss:4.4005	 A_O Loss:5.3352;O_A Loss:4.9344	 AO_P Loss:1.4483	;	 PA_O Loss:5.0	;	 PO_A Loss:4.6193	;
[2022-12-11 02:04:30,494][bmrc_v4.py][line:1462][INFO] Epoch:[1/40]	 Batch:[400/460]	 Loss Sum:8.6965	 S_A Loss:1.5039;S_O Loss:1.9757	 A_O Loss:1.1682;O_A Loss:1.2688	 AO_P Loss:0.2424	;	 PA_O Loss:1.294	;	 PO_A Loss:1.2436	;
[2022-12-11 02:04:36,069][bmrc_v4.py][line:1462][INFO] Epoch:[1/40]	 Batch:[410/460]	 Loss Sum:11.6937	 S_A Loss:2.6278;S_O Loss:1.739	 A_O Loss:1.4556;O_A Loss:2.0286	 AO_P Loss:0.4339	;	 PA_O Loss:1.4694	;	 PO_A Loss:1.9394	;
[2022-12-11 02:04:41,577][bmrc_v4.py][line:1462][INFO] Epoch:[1/40]	 Batch:[420/460]	 Loss Sum:20.3914	 S_A Loss:1.7874;S_O Loss:3.143	 A_O Loss:3.6365;O_A Loss:3.8045	 AO_P Loss:0.5035	;	 PA_O Loss:3.4065	;	 PO_A Loss:4.11	;
[2022-12-11 02:04:47,894][bmrc_v4.py][line:1462][INFO] Epoch:[1/40]	 Batch:[430/460]	 Loss Sum:8.5589	 S_A Loss:1.3958;S_O Loss:1.9976	 A_O Loss:1.3892;O_A Loss:1.1959	 AO_P Loss:0.3895	;	 PA_O Loss:1.1116	;	 PO_A Loss:1.0794	;
[2022-12-11 02:04:53,490][bmrc_v4.py][line:1462][INFO] Epoch:[1/40]	 Batch:[440/460]	 Loss Sum:13.9232	 S_A Loss:2.1004;S_O Loss:2.3179	 A_O Loss:1.706;O_A Loss:2.9567	 AO_P Loss:0.2742	;	 PA_O Loss:1.644	;	 PO_A Loss:2.924	;
[2022-12-11 02:04:58,892][bmrc_v4.py][line:1462][INFO] Epoch:[1/40]	 Batch:[450/460]	 Loss Sum:7.8866	 S_A Loss:1.4669;S_O Loss:1.4666	 A_O Loss:1.0678;O_A Loss:1.0585	 AO_P Loss:0.2449	;	 PA_O Loss:0.9256	;	 PO_A Loss:1.6564	;
[2022-12-11 02:05:04,339][bmrc_v4.py][line:1462][INFO] Epoch:[1/40]	 Batch:[460/460]	 Loss Sum:9.8496	 S_A Loss:2.1782;S_O Loss:2.0393	 A_O Loss:1.1292;O_A Loss:1.7212	 AO_P Loss:0.2231	;	 PA_O Loss:1.0027	;	 PO_A Loss:1.556	;
[2022-12-11 02:05:04,339][bmrc_v4.py][line:1483][INFO] dev
[2022-12-11 02:05:43,629][bmrc_v4.py][line:1212][INFO] Triplet - Precision: 0.12403100751156781	Recall: 0.18991097866495257	F1: 0.15005813831481982
[2022-12-11 02:05:43,629][bmrc_v4.py][line:1218][INFO] Aspect - Precision: 0.3343749989550781	Recall: 0.38351254342827046	F1: 0.3572616046561986
[2022-12-11 02:05:43,629][bmrc_v4.py][line:1223][INFO] Opinion - Precision: 0.45768024934896473	Recall: 0.4332344200794231	F1: 0.4451214502394439
[2022-12-11 02:05:43,630][bmrc_v4.py][line:1231][INFO] Aspect-Sentiment - Precision: 0.2281249992871094	Recall: 0.2616487445819041	F1: 0.24373906747295737
[2022-12-11 02:05:43,630][bmrc_v4.py][line:1239][INFO] Aspect-Opinion - Precision: 0.18604651126735172	Recall: 0.2848664679974289	F1: 0.22508744646195755
[2022-12-11 02:05:43,632][bmrc_v4.py][line:1493][INFO] test
[2022-12-11 02:06:43,639][bmrc_v4.py][line:1212][INFO] Triplet - Precision: 0.15850144069380195	Recall: 0.2244897954602249	F1: 0.18581032534138722
[2022-12-11 02:06:43,639][bmrc_v4.py][line:1218][INFO] Aspect - Precision: 0.3459915604514946	Recall: 0.3923444966690323	F1: 0.36771250563119195
[2022-12-11 02:06:43,639][bmrc_v4.py][line:1223][INFO] Opinion - Precision: 0.47708333233940975	Recall: 0.46734693782174097	F1: 0.47216444753374226
[2022-12-11 02:06:43,639][bmrc_v4.py][line:1231][INFO] Aspect-Sentiment - Precision: 0.25105485179102355	Recall: 0.28468899453423685	F1: 0.2668156448711261
[2022-12-11 02:06:43,639][bmrc_v4.py][line:1239][INFO] Aspect-Opinion - Precision: 0.2089337172781935	Recall: 0.29591836674302374	F1: 0.24493194686283548
[2022-12-11 02:06:43,644][bmrc_v4.py][line:1504][INFO] Model saved after epoch 1
[2022-12-11 02:06:46,351][bmrc_v4.py][line:1347][INFO] train
[2022-12-11 02:06:52,509][bmrc_v4.py][line:1462][INFO] Epoch:[2/40]	 Batch:[10/460]	 Loss Sum:5.7506	 S_A Loss:1.0912;S_O Loss:1.1944	 A_O Loss:0.6234;O_A Loss:0.919	 AO_P Loss:0.4205	;	 PA_O Loss:0.6249	;	 PO_A Loss:0.8772	;
[2022-12-11 02:06:58,013][bmrc_v4.py][line:1462][INFO] Epoch:[2/40]	 Batch:[20/460]	 Loss Sum:7.2196	 S_A Loss:1.5074;S_O Loss:1.1277	 A_O Loss:1.0355;O_A Loss:1.0953	 AO_P Loss:0.4211	;	 PA_O Loss:0.6599	;	 PO_A Loss:1.3727	;
[2022-12-11 02:07:03,763][bmrc_v4.py][line:1462][INFO] Epoch:[2/40]	 Batch:[30/460]	 Loss Sum:10.1876	 S_A Loss:1.5736;S_O Loss:1.6712	 A_O Loss:1.7195;O_A Loss:1.5809	 AO_P Loss:0.1406	;	 PA_O Loss:1.6461	;	 PO_A Loss:1.8556	;
[2022-12-11 02:07:09,659][bmrc_v4.py][line:1462][INFO] Epoch:[2/40]	 Batch:[40/460]	 Loss Sum:8.762	 S_A Loss:1.3851;S_O Loss:1.9882	 A_O Loss:0.9118;O_A Loss:1.5041	 AO_P Loss:0.2051	;	 PA_O Loss:1.7864	;	 PO_A Loss:0.9812	;
[2022-12-11 02:07:14,950][bmrc_v4.py][line:1462][INFO] Epoch:[2/40]	 Batch:[50/460]	 Loss Sum:10.1342	 S_A Loss:1.8989;S_O Loss:1.4239	 A_O Loss:1.1789;O_A Loss:2.1386	 AO_P Loss:0.3214	;	 PA_O Loss:1.0016	;	 PO_A Loss:2.1709	;
[2022-12-11 02:07:20,334][bmrc_v4.py][line:1462][INFO] Epoch:[2/40]	 Batch:[60/460]	 Loss Sum:6.9271	 S_A Loss:1.5053;S_O Loss:1.5466	 A_O Loss:0.5756;O_A Loss:1.1235	 AO_P Loss:0.2527	;	 PA_O Loss:0.5915	;	 PO_A Loss:1.332	;
[2022-12-11 02:07:25,619][bmrc_v4.py][line:1462][INFO] Epoch:[2/40]	 Batch:[70/460]	 Loss Sum:4.0455	 S_A Loss:1.0903;S_O Loss:0.7285	 A_O Loss:0.333;O_A Loss:0.8605	 AO_P Loss:0.2153	;	 PA_O Loss:0.2246	;	 PO_A Loss:0.5934	;
[2022-12-11 02:07:31,273][bmrc_v4.py][line:1462][INFO] Epoch:[2/40]	 Batch:[80/460]	 Loss Sum:14.0012	 S_A Loss:1.8757;S_O Loss:1.5803	 A_O Loss:1.7602;O_A Loss:3.7046	 AO_P Loss:0.2721	;	 PA_O Loss:1.5067	;	 PO_A Loss:3.3016	;
[2022-12-11 02:07:37,107][bmrc_v4.py][line:1462][INFO] Epoch:[2/40]	 Batch:[90/460]	 Loss Sum:9.0242	 S_A Loss:1.8589;S_O Loss:0.8086	 A_O Loss:0.9996;O_A Loss:2.0397	 AO_P Loss:0.2816	;	 PA_O Loss:0.9129	;	 PO_A Loss:2.1229	;
[2022-12-11 02:07:42,824][bmrc_v4.py][line:1462][INFO] Epoch:[2/40]	 Batch:[100/460]	 Loss Sum:9.6497	 S_A Loss:1.3401;S_O Loss:1.1165	 A_O Loss:1.3917;O_A Loss:2.1458	 AO_P Loss:0.231	;	 PA_O Loss:1.3034	;	 PO_A Loss:2.1214	;
[2022-12-11 02:07:48,386][bmrc_v4.py][line:1462][INFO] Epoch:[2/40]	 Batch:[110/460]	 Loss Sum:10.1905	 S_A Loss:2.4068;S_O Loss:1.7438	 A_O Loss:0.8015;O_A Loss:2.4252	 AO_P Loss:0.1879	;	 PA_O Loss:0.7029	;	 PO_A Loss:1.9224	;
[2022-12-11 02:07:54,100][bmrc_v4.py][line:1462][INFO] Epoch:[2/40]	 Batch:[120/460]	 Loss Sum:6.6372	 S_A Loss:1.1575;S_O Loss:1.5719	 A_O Loss:1.0261;O_A Loss:0.6477	 AO_P Loss:0.1388	;	 PA_O Loss:1.149	;	 PO_A Loss:0.9462	;
[2022-12-11 02:08:00,161][bmrc_v4.py][line:1462][INFO] Epoch:[2/40]	 Batch:[130/460]	 Loss Sum:13.8659	 S_A Loss:2.6298;S_O Loss:1.3723	 A_O Loss:1.4333;O_A Loss:3.0554	 AO_P Loss:0.0846	;	 PA_O Loss:1.7438	;	 PO_A Loss:3.5467	;
[2022-12-11 02:08:05,993][bmrc_v4.py][line:1462][INFO] Epoch:[2/40]	 Batch:[140/460]	 Loss Sum:5.9016	 S_A Loss:0.9926;S_O Loss:0.8435	 A_O Loss:0.9091;O_A Loss:1.2917	 AO_P Loss:0.2506	;	 PA_O Loss:0.6101	;	 PO_A Loss:1.004	;
[2022-12-11 02:08:11,929][bmrc_v4.py][line:1462][INFO] Epoch:[2/40]	 Batch:[150/460]	 Loss Sum:11.5578	 S_A Loss:1.6796;S_O Loss:2.0171	 A_O Loss:2.306;O_A Loss:1.3105	 AO_P Loss:0.1882	;	 PA_O Loss:2.1529	;	 PO_A Loss:1.9034	;
[2022-12-11 02:08:18,051][bmrc_v4.py][line:1462][INFO] Epoch:[2/40]	 Batch:[160/460]	 Loss Sum:6.3839	 S_A Loss:1.4443;S_O Loss:1.1917	 A_O Loss:0.7655;O_A Loss:1.0678	 AO_P Loss:0.3368	;	 PA_O Loss:0.708	;	 PO_A Loss:0.8698	;
[2022-12-11 02:08:24,465][bmrc_v4.py][line:1462][INFO] Epoch:[2/40]	 Batch:[170/460]	 Loss Sum:6.164	 S_A Loss:1.3174;S_O Loss:1.2381	 A_O Loss:0.8748;O_A Loss:0.9606	 AO_P Loss:0.3363	;	 PA_O Loss:0.638	;	 PO_A Loss:0.7989	;
[2022-12-11 02:08:31,193][bmrc_v4.py][line:1462][INFO] Epoch:[2/40]	 Batch:[180/460]	 Loss Sum:11.1691	 S_A Loss:2.0091;S_O Loss:1.3884	 A_O Loss:1.0394;O_A Loss:1.5095	 AO_P Loss:0.2009	;	 PA_O Loss:2.5083	;	 PO_A Loss:2.5136	;
[2022-12-11 02:08:37,997][bmrc_v4.py][line:1462][INFO] Epoch:[2/40]	 Batch:[190/460]	 Loss Sum:4.2436	 S_A Loss:0.5963;S_O Loss:0.8172	 A_O Loss:0.7291;O_A Loss:0.766	 AO_P Loss:0.2302	;	 PA_O Loss:0.4773	;	 PO_A Loss:0.6276	;
[2022-12-11 02:08:44,724][bmrc_v4.py][line:1462][INFO] Epoch:[2/40]	 Batch:[200/460]	 Loss Sum:7.3478	 S_A Loss:1.2162;S_O Loss:1.3753	 A_O Loss:1.0793;O_A Loss:0.7715	 AO_P Loss:0.5787	;	 PA_O Loss:1.3272	;	 PO_A Loss:0.9994	;
[2022-12-11 02:08:51,780][bmrc_v4.py][line:1462][INFO] Epoch:[2/40]	 Batch:[210/460]	 Loss Sum:5.7052	 S_A Loss:1.2458;S_O Loss:1.2135	 A_O Loss:0.92;O_A Loss:0.558	 AO_P Loss:0.1976	;	 PA_O Loss:1.0287	;	 PO_A Loss:0.5417	;
[2022-12-11 02:08:57,622][bmrc_v4.py][line:1462][INFO] Epoch:[2/40]	 Batch:[220/460]	 Loss Sum:8.1908	 S_A Loss:1.5053;S_O Loss:1.7868	 A_O Loss:1.0122;O_A Loss:1.0875	 AO_P Loss:0.3298	;	 PA_O Loss:1.1577	;	 PO_A Loss:1.3114	;
[2022-12-11 02:09:03,365][bmrc_v4.py][line:1462][INFO] Epoch:[2/40]	 Batch:[230/460]	 Loss Sum:7.4184	 S_A Loss:1.4804;S_O Loss:1.2054	 A_O Loss:1.0043;O_A Loss:1.2516	 AO_P Loss:0.2027	;	 PA_O Loss:0.8737	;	 PO_A Loss:1.4002	;
[2022-12-11 02:09:09,096][bmrc_v4.py][line:1462][INFO] Epoch:[2/40]	 Batch:[240/460]	 Loss Sum:7.5731	 S_A Loss:1.3756;S_O Loss:1.4256	 A_O Loss:0.918;O_A Loss:0.9685	 AO_P Loss:0.2332	;	 PA_O Loss:1.904	;	 PO_A Loss:0.7482	;
[2022-12-11 02:09:14,832][bmrc_v4.py][line:1462][INFO] Epoch:[2/40]	 Batch:[250/460]	 Loss Sum:8.427	 S_A Loss:2.0877;S_O Loss:1.0727	 A_O Loss:1.1929;O_A Loss:1.7845	 AO_P Loss:0.1308	;	 PA_O Loss:0.8894	;	 PO_A Loss:1.2689	;
[2022-12-11 02:09:20,432][bmrc_v4.py][line:1462][INFO] Epoch:[2/40]	 Batch:[260/460]	 Loss Sum:4.3228	 S_A Loss:1.2178;S_O Loss:0.8645	 A_O Loss:0.2561;O_A Loss:0.7763	 AO_P Loss:0.2605	;	 PA_O Loss:0.1905	;	 PO_A Loss:0.7571	;
[2022-12-11 02:09:25,928][bmrc_v4.py][line:1462][INFO] Epoch:[2/40]	 Batch:[270/460]	 Loss Sum:8.7667	 S_A Loss:2.4511;S_O Loss:0.5763	 A_O Loss:0.4111;O_A Loss:2.4987	 AO_P Loss:0.1273	;	 PA_O Loss:0.5067	;	 PO_A Loss:2.1955	;
[2022-12-11 02:09:31,459][bmrc_v4.py][line:1462][INFO] Epoch:[2/40]	 Batch:[280/460]	 Loss Sum:15.2934	 S_A Loss:1.843;S_O Loss:2.3703	 A_O Loss:2.0562;O_A Loss:3.1576	 AO_P Loss:0.396	;	 PA_O Loss:2.4234	;	 PO_A Loss:3.0467	;
[2022-12-11 02:09:37,077][bmrc_v4.py][line:1462][INFO] Epoch:[2/40]	 Batch:[290/460]	 Loss Sum:9.3721	 S_A Loss:1.1155;S_O Loss:2.3297	 A_O Loss:1.2467;O_A Loss:1.4494	 AO_P Loss:0.3617	;	 PA_O Loss:1.2913	;	 PO_A Loss:1.5778	;
[2022-12-11 02:09:42,726][bmrc_v4.py][line:1462][INFO] Epoch:[2/40]	 Batch:[300/460]	 Loss Sum:7.0415	 S_A Loss:1.9805;S_O Loss:1.6974	 A_O Loss:0.9451;O_A Loss:0.6436	 AO_P Loss:0.0958	;	 PA_O Loss:1.2229	;	 PO_A Loss:0.4563	;
[2022-12-11 02:09:48,399][bmrc_v4.py][line:1462][INFO] Epoch:[2/40]	 Batch:[310/460]	 Loss Sum:13.0314	 S_A Loss:1.4918;S_O Loss:1.4933	 A_O Loss:2.0094;O_A Loss:2.9919	 AO_P Loss:0.2192	;	 PA_O Loss:1.5345	;	 PO_A Loss:3.2913	;
[2022-12-11 02:09:54,174][bmrc_v4.py][line:1462][INFO] Epoch:[2/40]	 Batch:[320/460]	 Loss Sum:13.0865	 S_A Loss:1.1414;S_O Loss:2.6594	 A_O Loss:2.7251;O_A Loss:1.8753	 AO_P Loss:0.3492	;	 PA_O Loss:2.4729	;	 PO_A Loss:1.8631	;
[2022-12-11 02:09:59,906][bmrc_v4.py][line:1462][INFO] Epoch:[2/40]	 Batch:[330/460]	 Loss Sum:25.5437	 S_A Loss:2.8626;S_O Loss:4.1369	 A_O Loss:4.0007;O_A Loss:5.247	 AO_P Loss:0.4967	;	 PA_O Loss:3.6319	;	 PO_A Loss:5.1678	;
[2022-12-11 02:10:05,612][bmrc_v4.py][line:1462][INFO] Epoch:[2/40]	 Batch:[340/460]	 Loss Sum:8.7301	 S_A Loss:2.4667;S_O Loss:1.004	 A_O Loss:1.3432;O_A Loss:1.5401	 AO_P Loss:0.3107	;	 PA_O Loss:0.7921	;	 PO_A Loss:1.2731	;
[2022-12-11 02:10:11,496][bmrc_v4.py][line:1462][INFO] Epoch:[2/40]	 Batch:[350/460]	 Loss Sum:8.7783	 S_A Loss:0.8874;S_O Loss:2.2256	 A_O Loss:1.3868;O_A Loss:1.3634	 AO_P Loss:0.0623	;	 PA_O Loss:1.6163	;	 PO_A Loss:1.2366	;
[2022-12-11 02:10:17,125][bmrc_v4.py][line:1462][INFO] Epoch:[2/40]	 Batch:[360/460]	 Loss Sum:14.4346	 S_A Loss:1.2445;S_O Loss:4.0379	 A_O Loss:3.4773;O_A Loss:1.6503	 AO_P Loss:0.3783	;	 PA_O Loss:2.3805	;	 PO_A Loss:1.2658	;
[2022-12-11 02:10:22,780][bmrc_v4.py][line:1462][INFO] Epoch:[2/40]	 Batch:[370/460]	 Loss Sum:5.8829	 S_A Loss:0.4605;S_O Loss:1.4071	 A_O Loss:1.1096;O_A Loss:1.0312	 AO_P Loss:0.1354	;	 PA_O Loss:0.5501	;	 PO_A Loss:1.1889	;
[2022-12-11 02:10:28,670][bmrc_v4.py][line:1462][INFO] Epoch:[2/40]	 Batch:[380/460]	 Loss Sum:2.2427	 S_A Loss:0.3392;S_O Loss:0.6247	 A_O Loss:0.2331;O_A Loss:0.3796	 AO_P Loss:0.0686	;	 PA_O Loss:0.2646	;	 PO_A Loss:0.3328	;
[2022-12-11 02:10:34,504][bmrc_v4.py][line:1462][INFO] Epoch:[2/40]	 Batch:[390/460]	 Loss Sum:4.8274	 S_A Loss:0.8537;S_O Loss:1.1967	 A_O Loss:0.648;O_A Loss:0.5073	 AO_P Loss:0.1507	;	 PA_O Loss:0.8987	;	 PO_A Loss:0.5722	;
[2022-12-11 02:10:40,321][bmrc_v4.py][line:1462][INFO] Epoch:[2/40]	 Batch:[400/460]	 Loss Sum:3.254	 S_A Loss:0.3083;S_O Loss:0.8691	 A_O Loss:0.6035;O_A Loss:0.3062	 AO_P Loss:0.2024	;	 PA_O Loss:0.6758	;	 PO_A Loss:0.2885	;
[2022-12-11 02:10:46,058][bmrc_v4.py][line:1462][INFO] Epoch:[2/40]	 Batch:[410/460]	 Loss Sum:7.7808	 S_A Loss:0.7559;S_O Loss:1.3091	 A_O Loss:1.3461;O_A Loss:0.8044	 AO_P Loss:0.6359	;	 PA_O Loss:2.1352	;	 PO_A Loss:0.7942	;
[2022-12-11 02:10:51,583][bmrc_v4.py][line:1462][INFO] Epoch:[2/40]	 Batch:[420/460]	 Loss Sum:3.6266	 S_A Loss:0.7332;S_O Loss:0.643	 A_O Loss:0.5717;O_A Loss:0.5694	 AO_P Loss:0.3647	;	 PA_O Loss:0.4309	;	 PO_A Loss:0.3138	;
[2022-12-11 02:10:57,444][bmrc_v4.py][line:1462][INFO] Epoch:[2/40]	 Batch:[430/460]	 Loss Sum:1.3467	 S_A Loss:0.2615;S_O Loss:0.1741	 A_O Loss:0.2299;O_A Loss:0.0879	 AO_P Loss:0.2306	;	 PA_O Loss:0.2278	;	 PO_A Loss:0.1349	;
[2022-12-11 02:11:03,207][bmrc_v4.py][line:1462][INFO] Epoch:[2/40]	 Batch:[440/460]	 Loss Sum:6.7573	 S_A Loss:1.2051;S_O Loss:0.8286	 A_O Loss:1.2414;O_A Loss:1.1267	 AO_P Loss:0.3818	;	 PA_O Loss:0.9855	;	 PO_A Loss:0.9882	;
[2022-12-11 02:11:08,976][bmrc_v4.py][line:1462][INFO] Epoch:[2/40]	 Batch:[450/460]	 Loss Sum:4.8494	 S_A Loss:0.9929;S_O Loss:0.6726	 A_O Loss:0.8618;O_A Loss:0.7346	 AO_P Loss:0.1489	;	 PA_O Loss:0.6575	;	 PO_A Loss:0.7811	;
[2022-12-11 02:11:14,625][bmrc_v4.py][line:1462][INFO] Epoch:[2/40]	 Batch:[460/460]	 Loss Sum:12.1889	 S_A Loss:1.5052;S_O Loss:1.8938	 A_O Loss:2.3494;O_A Loss:1.8437	 AO_P Loss:0.3617	;	 PA_O Loss:2.2802	;	 PO_A Loss:1.9549	;
[2022-12-11 02:11:14,626][bmrc_v4.py][line:1483][INFO] dev
[2022-12-11 02:11:50,191][bmrc_v4.py][line:1212][INFO] Triplet - Precision: 0.3159090901911157	Recall: 0.4124629067879439	F1: 0.357785865652316
[2022-12-11 02:11:50,192][bmrc_v4.py][line:1218][INFO] Aspect - Precision: 0.6345514929084668	Recall: 0.6845878111663519	F1: 0.6586201881038268
[2022-12-11 02:11:50,192][bmrc_v4.py][line:1223][INFO] Opinion - Precision: 0.6928104552522534	Recall: 0.6290801168276554	F1: 0.6594085193292426
[2022-12-11 02:11:50,192][bmrc_v4.py][line:1231][INFO] Aspect-Sentiment - Precision: 0.5116279052769838	Recall: 0.5519713241864828	F1: 0.5310339816473185
[2022-12-11 02:11:50,192][bmrc_v4.py][line:1239][INFO] Aspect-Opinion - Precision: 0.39090909002066115	Recall: 0.5103857551620601	F1: 0.4427279503756305
[2022-12-11 02:11:50,194][bmrc_v4.py][line:1493][INFO] test
[2022-12-11 02:12:38,274][bmrc_v4.py][line:1212][INFO] Triplet - Precision: 0.3433098585505108	Recall: 0.39795918286130777	F1: 0.36861953982864454
[2022-12-11 02:12:38,275][bmrc_v4.py][line:1218][INFO] Aspect - Precision: 0.6356783903626171	Recall: 0.6052631564467389	F1: 0.6200975379966062
[2022-12-11 02:12:38,275][bmrc_v4.py][line:1223][INFO] Opinion - Precision: 0.7499999982311321	Recall: 0.6489795905122866	F1: 0.6958419518507356
[2022-12-11 02:12:38,275][bmrc_v4.py][line:1231][INFO] Aspect-Sentiment - Precision: 0.5125628127825055	Recall: 0.48803827634440605	F1: 0.4999994990753745
[2022-12-11 02:12:38,275][bmrc_v4.py][line:1239][INFO] Aspect-Opinion - Precision: 0.4190140837693414	Recall: 0.4857142847230321	F1: 0.44990498390926925
[2022-12-11 02:12:38,277][bmrc_v4.py][line:1504][INFO] Model saved after epoch 2
[2022-12-11 02:12:40,545][bmrc_v4.py][line:1347][INFO] train
[2022-12-11 02:12:45,798][bmrc_v4.py][line:1462][INFO] Epoch:[3/40]	 Batch:[10/460]	 Loss Sum:3.2376	 S_A Loss:0.5737;S_O Loss:0.7295	 A_O Loss:0.5049;O_A Loss:0.4412	 AO_P Loss:0.0753	;	 PA_O Loss:0.5788	;	 PO_A Loss:0.3341	;
[2022-12-11 02:12:50,915][bmrc_v4.py][line:1462][INFO] Epoch:[3/40]	 Batch:[20/460]	 Loss Sum:8.2302	 S_A Loss:0.5461;S_O Loss:1.3552	 A_O Loss:2.0795;O_A Loss:0.8367	 AO_P Loss:0.7181	;	 PA_O Loss:1.7596	;	 PO_A Loss:0.9349	;
[2022-12-11 02:12:56,039][bmrc_v4.py][line:1462][INFO] Epoch:[3/40]	 Batch:[30/460]	 Loss Sum:9.2723	 S_A Loss:2.0015;S_O Loss:0.5296	 A_O Loss:1.0313;O_A Loss:2.2062	 AO_P Loss:0.1944	;	 PA_O Loss:1.123	;	 PO_A Loss:2.1862	;
[2022-12-11 02:13:01,173][bmrc_v4.py][line:1462][INFO] Epoch:[3/40]	 Batch:[40/460]	 Loss Sum:13.6862	 S_A Loss:1.181;S_O Loss:0.7542	 A_O Loss:2.8534;O_A Loss:2.6948	 AO_P Loss:1.272	;	 PA_O Loss:2.5255	;	 PO_A Loss:2.4052	;
[2022-12-11 02:13:06,323][bmrc_v4.py][line:1462][INFO] Epoch:[3/40]	 Batch:[50/460]	 Loss Sum:5.5801	 S_A Loss:1.0107;S_O Loss:0.9115	 A_O Loss:0.7561;O_A Loss:0.8716	 AO_P Loss:0.1695	;	 PA_O Loss:0.6236	;	 PO_A Loss:1.2371	;
[2022-12-11 02:13:11,377][bmrc_v4.py][line:1462][INFO] Epoch:[3/40]	 Batch:[60/460]	 Loss Sum:4.5566	 S_A Loss:0.2887;S_O Loss:1.256	 A_O Loss:1.1876;O_A Loss:0.2299	 AO_P Loss:0.4451	;	 PA_O Loss:0.8421	;	 PO_A Loss:0.3071	;
[2022-12-11 02:13:16,502][bmrc_v4.py][line:1462][INFO] Epoch:[3/40]	 Batch:[70/460]	 Loss Sum:8.8881	 S_A Loss:0.9856;S_O Loss:2.0283	 A_O Loss:1.6524;O_A Loss:0.941	 AO_P Loss:0.4979	;	 PA_O Loss:1.1996	;	 PO_A Loss:1.5833	;
[2022-12-11 02:13:21,770][bmrc_v4.py][line:1462][INFO] Epoch:[3/40]	 Batch:[80/460]	 Loss Sum:3.8352	 S_A Loss:0.4754;S_O Loss:1.1077	 A_O Loss:0.6877;O_A Loss:0.2915	 AO_P Loss:0.2518	;	 PA_O Loss:0.73	;	 PO_A Loss:0.2912	;
[2022-12-11 02:13:27,075][bmrc_v4.py][line:1462][INFO] Epoch:[3/40]	 Batch:[90/460]	 Loss Sum:17.3897	 S_A Loss:1.8688;S_O Loss:3.4166	 A_O Loss:3.849;O_A Loss:2.0324	 AO_P Loss:0.3359	;	 PA_O Loss:4.0992	;	 PO_A Loss:1.7878	;
[2022-12-11 02:13:32,453][bmrc_v4.py][line:1462][INFO] Epoch:[3/40]	 Batch:[100/460]	 Loss Sum:5.5874	 S_A Loss:0.728;S_O Loss:1.6891	 A_O Loss:0.8255;O_A Loss:0.5381	 AO_P Loss:0.1523	;	 PA_O Loss:1.3524	;	 PO_A Loss:0.302	;
[2022-12-11 02:13:38,017][bmrc_v4.py][line:1462][INFO] Epoch:[3/40]	 Batch:[110/460]	 Loss Sum:5.571	 S_A Loss:1.2225;S_O Loss:1.2561	 A_O Loss:0.9516;O_A Loss:0.6751	 AO_P Loss:0.1306	;	 PA_O Loss:0.7541	;	 PO_A Loss:0.581	;
[2022-12-11 02:13:43,438][bmrc_v4.py][line:1462][INFO] Epoch:[3/40]	 Batch:[120/460]	 Loss Sum:9.0276	 S_A Loss:1.018;S_O Loss:1.146	 A_O Loss:1.5058;O_A Loss:2.0038	 AO_P Loss:0.2953	;	 PA_O Loss:1.2887	;	 PO_A Loss:1.7699	;
[2022-12-11 02:13:49,088][bmrc_v4.py][line:1462][INFO] Epoch:[3/40]	 Batch:[130/460]	 Loss Sum:1.6102	 S_A Loss:0.3405;S_O Loss:0.5016	 A_O Loss:0.1831;O_A Loss:0.1213	 AO_P Loss:0.0731	;	 PA_O Loss:0.2553	;	 PO_A Loss:0.1353	;
[2022-12-11 02:13:54,566][bmrc_v4.py][line:1462][INFO] Epoch:[3/40]	 Batch:[140/460]	 Loss Sum:4.8409	 S_A Loss:1.4397;S_O Loss:0.7761	 A_O Loss:0.8251;O_A Loss:0.3878	 AO_P Loss:0.1683	;	 PA_O Loss:0.8238	;	 PO_A Loss:0.4201	;
[2022-12-11 02:14:00,199][bmrc_v4.py][line:1462][INFO] Epoch:[3/40]	 Batch:[150/460]	 Loss Sum:0.5119	 S_A Loss:0.0417;S_O Loss:0.0828	 A_O Loss:0.0758;O_A Loss:0.0645	 AO_P Loss:0.0724	;	 PA_O Loss:0.0568	;	 PO_A Loss:0.1178	;
[2022-12-11 02:14:05,850][bmrc_v4.py][line:1462][INFO] Epoch:[3/40]	 Batch:[160/460]	 Loss Sum:6.0555	 S_A Loss:0.8123;S_O Loss:0.6898	 A_O Loss:0.5293;O_A Loss:0.9665	 AO_P Loss:0.4655	;	 PA_O Loss:0.6144	;	 PO_A Loss:1.9776	;
[2022-12-11 02:14:11,398][bmrc_v4.py][line:1462][INFO] Epoch:[3/40]	 Batch:[170/460]	 Loss Sum:4.6075	 S_A Loss:0.864;S_O Loss:0.5205	 A_O Loss:0.71;O_A Loss:0.651	 AO_P Loss:0.3092	;	 PA_O Loss:1.0538	;	 PO_A Loss:0.4989	;
[2022-12-11 02:14:16,902][bmrc_v4.py][line:1462][INFO] Epoch:[3/40]	 Batch:[180/460]	 Loss Sum:8.4794	 S_A Loss:1.2867;S_O Loss:1.0559	 A_O Loss:1.1069;O_A Loss:1.3433	 AO_P Loss:0.2068	;	 PA_O Loss:2.6937	;	 PO_A Loss:0.786	;
[2022-12-11 02:14:22,536][bmrc_v4.py][line:1462][INFO] Epoch:[3/40]	 Batch:[190/460]	 Loss Sum:9.3357	 S_A Loss:1.885;S_O Loss:1.6357	 A_O Loss:1.1898;O_A Loss:1.852	 AO_P Loss:0.0902	;	 PA_O Loss:1.3972	;	 PO_A Loss:1.2859	;
[2022-12-11 02:14:28,151][bmrc_v4.py][line:1462][INFO] Epoch:[3/40]	 Batch:[200/460]	 Loss Sum:2.5631	 S_A Loss:0.3507;S_O Loss:0.1352	 A_O Loss:0.1227;O_A Loss:1.2528	 AO_P Loss:0.0346	;	 PA_O Loss:0.117	;	 PO_A Loss:0.55	;
[2022-12-11 02:14:33,870][bmrc_v4.py][line:1462][INFO] Epoch:[3/40]	 Batch:[210/460]	 Loss Sum:4.4202	 S_A Loss:0.7978;S_O Loss:1.3561	 A_O Loss:0.2864;O_A Loss:0.8216	 AO_P Loss:0.1793	;	 PA_O Loss:0.2167	;	 PO_A Loss:0.7623	;
[2022-12-11 02:14:39,722][bmrc_v4.py][line:1462][INFO] Epoch:[3/40]	 Batch:[220/460]	 Loss Sum:3.1542	 S_A Loss:0.547;S_O Loss:0.306	 A_O Loss:0.1866;O_A Loss:0.8484	 AO_P Loss:0.2132	;	 PA_O Loss:0.1957	;	 PO_A Loss:0.8574	;
[2022-12-11 02:14:45,483][bmrc_v4.py][line:1462][INFO] Epoch:[3/40]	 Batch:[230/460]	 Loss Sum:5.9392	 S_A Loss:0.4122;S_O Loss:1.2485	 A_O Loss:1.3194;O_A Loss:0.5787	 AO_P Loss:0.5208	;	 PA_O Loss:1.2485	;	 PO_A Loss:0.6111	;
