[2022-12-09 19:20:22,904][bmrc_v4.py][line:1199][INFO] Namespace(add_note='', batch_size=2, bert_model_type='../../bert/bert-base-uncased', beta=1, checkpoint_path='./model/final_2.pth', data_path='./data', dataset_type='ASTE', epoch_num=40, gat=False, gpu=True, hidden_size=768, infer_rt=False, inference_beta=0.8, learning_rate=0.001, log_path='./log', mode='train', model_name='BMRC', nizhuan=True, save_model_path='./checkpoint/2022-12-09-19-20-21-', task_type='ASTE', train_rt=True, tuning_bert_rate=1e-05, warm_up=0.1, work_nums=1)
[2022-12-09 19:20:22,905][bmrc_v4.py][line:1200][INFO] ####################################
[2022-12-09 19:20:22,905][bmrc_v4.py][line:1201][INFO] ####################################
[2022-12-09 19:20:22,915][bmrc_v4.py][line:1202][INFO] loading data......
[2022-12-09 19:20:24,697][bmrc_v4.py][line:1220][INFO] initial optimizer......
[2022-12-09 19:20:24,706][bmrc_v4.py][line:1230][INFO] New model and optimizer from epoch 1
[2022-12-09 19:20:27,125][bmrc_v4.py][line:1246][INFO] begin training......
[2022-12-09 19:20:27,130][bmrc_v4.py][line:1280][INFO] train
[2022-12-09 19:20:32,011][bmrc_v4.py][line:1395][INFO] Epoch:[1/40]	 Batch:[10/460]	 Loss Sum:256.9086	 S_A Loss:38.5881;S_O Loss:39.5629	 A_O Loss:40.002;O_A Loss:38.2455	 AO_P Loss:2.1063	;:P_A_loss18.389	;P_O loss20.645;	 PA_O Loss:21.1368	;	 PO_A Loss:38.2329	;
[2022-12-09 19:20:35,920][bmrc_v4.py][line:1395][INFO] Epoch:[1/40]	 Batch:[20/460]	 Loss Sum:190.7179	 S_A Loss:23.0249;S_O Loss:24.3688	 A_O Loss:24.0719;O_A Loss:24.2418	 AO_P Loss:2.1453	;:P_A_loss17.3376	;P_O loss19.8821;	 PA_O Loss:20.0483	;	 PO_A Loss:35.5971	;
[2022-12-09 19:20:39,855][bmrc_v4.py][line:1395][INFO] Epoch:[1/40]	 Batch:[30/460]	 Loss Sum:191.0258	 S_A Loss:21.6268;S_O Loss:24.661	 A_O Loss:24.5316;O_A Loss:33.1807	 AO_P Loss:1.8955	;:P_A_loss15.4793	;P_O loss18.7729;	 PA_O Loss:19.6981	;	 PO_A Loss:31.1798	;
[2022-12-09 19:20:43,812][bmrc_v4.py][line:1395][INFO] Epoch:[1/40]	 Batch:[40/460]	 Loss Sum:217.2855	 S_A Loss:33.4735;S_O Loss:34.7178	 A_O Loss:34.4666;O_A Loss:34.2908	 AO_P Loss:1.6867	;:P_A_loss13.8018	;P_O loss18.0818;	 PA_O Loss:18.3141	;	 PO_A Loss:28.4525	;
[2022-12-09 19:20:47,752][bmrc_v4.py][line:1395][INFO] Epoch:[1/40]	 Batch:[50/460]	 Loss Sum:121.9914	 S_A Loss:11.4461;S_O Loss:11.6945	 A_O Loss:12.2722;O_A Loss:10.7078	 AO_P Loss:1.5528	;:P_A_loss12.506	;P_O loss18.2799;	 PA_O Loss:18.3825	;	 PO_A Loss:25.1497	;
[2022-12-09 19:20:52,226][bmrc_v4.py][line:1395][INFO] Epoch:[1/40]	 Batch:[60/460]	 Loss Sum:152.6489	 S_A Loss:20.3268;S_O Loss:20.5808	 A_O Loss:21.2032;O_A Loss:21.1204	 AO_P Loss:1.4258	;:P_A_loss11.4254	;P_O loss18.5048;	 PA_O Loss:16.4748	;	 PO_A Loss:21.587	;
[2022-12-09 19:20:57,832][bmrc_v4.py][line:1395][INFO] Epoch:[1/40]	 Batch:[70/460]	 Loss Sum:123.4065	 S_A Loss:15.1842;S_O Loss:15.0498	 A_O Loss:15.5222;O_A Loss:15.4653	 AO_P Loss:2.0461	;:P_A_loss9.1911	;P_O loss17.2051;	 PA_O Loss:15.5191	;	 PO_A Loss:18.2237	;
[2022-12-09 19:21:03,637][bmrc_v4.py][line:1395][INFO] Epoch:[1/40]	 Batch:[80/460]	 Loss Sum:189.7126	 S_A Loss:19.2581;S_O Loss:30.4595	 A_O Loss:32.2945;O_A Loss:50.6631	 AO_P Loss:2.8011	;:P_A_loss8.4102	;P_O loss14.1034;	 PA_O Loss:14.7225	;	 PO_A Loss:17.0002	;
[2022-12-09 19:21:09,386][bmrc_v4.py][line:1395][INFO] Epoch:[1/40]	 Batch:[90/460]	 Loss Sum:154.7982	 S_A Loss:18.0879;S_O Loss:24.4583	 A_O Loss:28.7999;O_A Loss:34.8907	 AO_P Loss:2.4737	;:P_A_loss7.2744	;P_O loss12.2127;	 PA_O Loss:11.9808	;	 PO_A Loss:14.6197	;
[2022-12-09 19:21:15,067][bmrc_v4.py][line:1395][INFO] Epoch:[1/40]	 Batch:[100/460]	 Loss Sum:103.9494	 S_A Loss:13.3939;S_O Loss:14.7924	 A_O Loss:14.3101;O_A Loss:14.0484	 AO_P Loss:3.025	;:P_A_loss7.0209	;P_O loss12.8034;	 PA_O Loss:10.9604	;	 PO_A Loss:13.5949	;
[2022-12-09 19:21:20,758][bmrc_v4.py][line:1395][INFO] Epoch:[1/40]	 Batch:[110/460]	 Loss Sum:130.964	 S_A Loss:19.0447;S_O Loss:20.0971	 A_O Loss:25.6653;O_A Loss:23.1488	 AO_P Loss:3.7312	;:P_A_loss7.1283	;P_O loss10.1473;	 PA_O Loss:9.691	;	 PO_A Loss:12.31	;
[2022-12-09 19:21:26,461][bmrc_v4.py][line:1395][INFO] Epoch:[1/40]	 Batch:[120/460]	 Loss Sum:102.4823	 S_A Loss:15.0174;S_O Loss:13.9671	 A_O Loss:16.1589;O_A Loss:18.7636	 AO_P Loss:3.5699	;:P_A_loss6.4442	;P_O loss9.2437;	 PA_O Loss:8.2372	;	 PO_A Loss:11.0803	;
[2022-12-09 19:21:32,159][bmrc_v4.py][line:1395][INFO] Epoch:[1/40]	 Batch:[130/460]	 Loss Sum:140.593	 S_A Loss:19.8815;S_O Loss:25.5433	 A_O Loss:30.6424;O_A Loss:30.7199	 AO_P Loss:1.7214	;:P_A_loss5.9041	;P_O loss8.5084;	 PA_O Loss:7.7168	;	 PO_A Loss:9.9551	;
[2022-12-09 19:21:37,851][bmrc_v4.py][line:1395][INFO] Epoch:[1/40]	 Batch:[140/460]	 Loss Sum:106.8387	 S_A Loss:11.5589;S_O Loss:22.2332	 A_O Loss:19.3157;O_A Loss:20.8672	 AO_P Loss:1.5913	;:P_A_loss6.1025	;P_O loss8.6427;	 PA_O Loss:6.6103	;	 PO_A Loss:9.9169	;
[2022-12-09 19:21:43,405][bmrc_v4.py][line:1395][INFO] Epoch:[1/40]	 Batch:[150/460]	 Loss Sum:115.725	 S_A Loss:19.1136;S_O Loss:19.1993	 A_O Loss:25.5381;O_A Loss:21.2967	 AO_P Loss:2.5056	;:P_A_loss4.5616	;P_O loss8.2762;	 PA_O Loss:6.3235	;	 PO_A Loss:8.9103	;
[2022-12-09 19:21:49,185][bmrc_v4.py][line:1395][INFO] Epoch:[1/40]	 Batch:[160/460]	 Loss Sum:121.0959	 S_A Loss:15.9192;S_O Loss:23.1053	 A_O Loss:26.2132;O_A Loss:25.1623	 AO_P Loss:2.6971	;:P_A_loss5.6446	;P_O loss7.9239;	 PA_O Loss:6.283	;	 PO_A Loss:8.1471	;
[2022-12-09 19:21:54,956][bmrc_v4.py][line:1395][INFO] Epoch:[1/40]	 Batch:[170/460]	 Loss Sum:83.7292	 S_A Loss:13.0983;S_O Loss:16.1017	 A_O Loss:15.9808;O_A Loss:13.3221	 AO_P Loss:1.4839	;:P_A_loss4.3853	;P_O loss7.7373;	 PA_O Loss:4.6327	;	 PO_A Loss:6.9871	;
[2022-12-09 19:22:00,639][bmrc_v4.py][line:1395][INFO] Epoch:[1/40]	 Batch:[180/460]	 Loss Sum:81.6171	 S_A Loss:15.087;S_O Loss:18.2412	 A_O Loss:14.3536;O_A Loss:14.1546	 AO_P Loss:1.4937	;:P_A_loss3.7069	;P_O loss6.3253;	 PA_O Loss:4.2452	;	 PO_A Loss:4.0095	;
[2022-12-09 19:22:06,363][bmrc_v4.py][line:1395][INFO] Epoch:[1/40]	 Batch:[190/460]	 Loss Sum:47.9069	 S_A Loss:6.0049;S_O Loss:9.383	 A_O Loss:7.2526;O_A Loss:6.1674	 AO_P Loss:1.8845	;:P_A_loss2.6371	;P_O loss7.081;	 PA_O Loss:3.5446	;	 PO_A Loss:3.9517	;
[2022-12-09 19:22:12,121][bmrc_v4.py][line:1395][INFO] Epoch:[1/40]	 Batch:[200/460]	 Loss Sum:59.4633	 S_A Loss:11.7818;S_O Loss:10.3122	 A_O Loss:10.1132;O_A Loss:12.9591	 AO_P Loss:1.565	;:P_A_loss2.6325	;P_O loss4.9618;	 PA_O Loss:2.5029	;	 PO_A Loss:2.6349	;
[2022-12-09 19:22:18,040][bmrc_v4.py][line:1395][INFO] Epoch:[1/40]	 Batch:[210/460]	 Loss Sum:52.1672	 S_A Loss:7.8517;S_O Loss:12.9745	 A_O Loss:10.4162;O_A Loss:8.6973	 AO_P Loss:1.6739	;:P_A_loss1.6747	;P_O loss4.3615;	 PA_O Loss:2.2026	;	 PO_A Loss:2.3147	;
[2022-12-09 19:22:23,945][bmrc_v4.py][line:1395][INFO] Epoch:[1/40]	 Batch:[220/460]	 Loss Sum:103.1179	 S_A Loss:21.3815;S_O Loss:16.3295	 A_O Loss:24.8145;O_A Loss:27.2032	 AO_P Loss:3.8522	;:P_A_loss1.8237	;P_O loss3.8387;	 PA_O Loss:1.4741	;	 PO_A Loss:2.4007	;
[2022-12-09 19:22:30,114][bmrc_v4.py][line:1395][INFO] Epoch:[1/40]	 Batch:[230/460]	 Loss Sum:58.712	 S_A Loss:12.3316;S_O Loss:12.8332	 A_O Loss:9.8433;O_A Loss:13.5808	 AO_P Loss:1.6712	;:P_A_loss2.761	;P_O loss2.9403;	 PA_O Loss:0.9926	;	 PO_A Loss:1.7579	;
[2022-12-09 19:22:41,525][bmrc_v4.py][line:1395][INFO] Epoch:[1/40]	 Batch:[240/460]	 Loss Sum:44.9724	 S_A Loss:7.3084;S_O Loss:11.9298	 A_O Loss:8.0757;O_A Loss:10.6511	 AO_P Loss:1.3445	;:P_A_loss1.2773	;P_O loss1.9159;	 PA_O Loss:0.8139	;	 PO_A Loss:1.6559	;
[2022-12-09 19:22:52,463][bmrc_v4.py][line:1395][INFO] Epoch:[1/40]	 Batch:[250/460]	 Loss Sum:55.2676	 S_A Loss:13.0467;S_O Loss:13.7091	 A_O Loss:9.6838;O_A Loss:12.4631	 AO_P Loss:1.2919	;:P_A_loss0.9158	;P_O loss2.3538;	 PA_O Loss:0.5562	;	 PO_A Loss:1.2471	;
[2022-12-09 19:22:59,634][bmrc_v4.py][line:1395][INFO] Epoch:[1/40]	 Batch:[260/460]	 Loss Sum:36.7899	 S_A Loss:8.5556;S_O Loss:8.8728	 A_O Loss:7.0166;O_A Loss:7.2242	 AO_P Loss:0.4513	;:P_A_loss1.5441	;P_O loss0.9929;	 PA_O Loss:0.676	;	 PO_A Loss:1.4563	;
[2022-12-09 19:23:07,117][bmrc_v4.py][line:1395][INFO] Epoch:[1/40]	 Batch:[270/460]	 Loss Sum:33.2846	 S_A Loss:5.6515;S_O Loss:6.9884	 A_O Loss:9.7071;O_A Loss:5.91	 AO_P Loss:1.9051	;:P_A_loss0.736	;P_O loss0.7531;	 PA_O Loss:0.5449	;	 PO_A Loss:1.0886	;
[2022-12-09 19:23:15,641][bmrc_v4.py][line:1395][INFO] Epoch:[1/40]	 Batch:[280/460]	 Loss Sum:109.2111	 S_A Loss:20.386;S_O Loss:26.6849	 A_O Loss:31.0696;O_A Loss:24.5886	 AO_P Loss:3.1426	;:P_A_loss0.9454	;P_O loss1.173;	 PA_O Loss:0.4061	;	 PO_A Loss:0.8149	;
[2022-12-09 19:23:21,440][bmrc_v4.py][line:1395][INFO] Epoch:[1/40]	 Batch:[290/460]	 Loss Sum:30.4488	 S_A Loss:7.6073;S_O Loss:4.9902	 A_O Loss:5.0763;O_A Loss:8.732	 AO_P Loss:1.0874	;:P_A_loss0.7979	;P_O loss0.6385;	 PA_O Loss:0.3303	;	 PO_A Loss:1.189	;
[2022-12-09 19:23:30,126][bmrc_v4.py][line:1395][INFO] Epoch:[1/40]	 Batch:[300/460]	 Loss Sum:33.3654	 S_A Loss:8.0752;S_O Loss:5.9631	 A_O Loss:5.1818;O_A Loss:7.1445	 AO_P Loss:1.7875	;:P_A_loss3.1712	;P_O loss0.8697;	 PA_O Loss:0.3078	;	 PO_A Loss:0.8646	;
[2022-12-09 19:23:36,355][bmrc_v4.py][line:1395][INFO] Epoch:[1/40]	 Batch:[310/460]	 Loss Sum:38.391	 S_A Loss:7.5889;S_O Loss:11.2774	 A_O Loss:8.3839;O_A Loss:7.4514	 AO_P Loss:1.4763	;:P_A_loss0.6479	;P_O loss0.4927;	 PA_O Loss:0.323	;	 PO_A Loss:0.7495	;
[2022-12-09 19:23:42,657][bmrc_v4.py][line:1395][INFO] Epoch:[1/40]	 Batch:[320/460]	 Loss Sum:65.4255	 S_A Loss:16.7281;S_O Loss:11.4428	 A_O Loss:16.4963;O_A Loss:17.1348	 AO_P Loss:1.9075	;:P_A_loss0.3889	;P_O loss0.5258;	 PA_O Loss:0.2735	;	 PO_A Loss:0.5278	;
[2022-12-09 19:23:49,196][bmrc_v4.py][line:1395][INFO] Epoch:[1/40]	 Batch:[330/460]	 Loss Sum:42.7526	 S_A Loss:16.9944;S_O Loss:6.4311	 A_O Loss:4.4033;O_A Loss:12.0396	 AO_P Loss:1.2738	;:P_A_loss0.273	;P_O loss0.493;	 PA_O Loss:0.2946	;	 PO_A Loss:0.5497	;
[2022-12-09 19:23:55,646][bmrc_v4.py][line:1395][INFO] Epoch:[1/40]	 Batch:[340/460]	 Loss Sum:35.1464	 S_A Loss:10.4645;S_O Loss:6.893	 A_O Loss:4.8489;O_A Loss:10.8787	 AO_P Loss:0.6112	;:P_A_loss0.297	;P_O loss0.42;	 PA_O Loss:0.2162	;	 PO_A Loss:0.5169	;
[2022-12-09 19:24:02,096][bmrc_v4.py][line:1395][INFO] Epoch:[1/40]	 Batch:[350/460]	 Loss Sum:40.4348	 S_A Loss:10.7035;S_O Loss:8.2499	 A_O Loss:5.8324;O_A Loss:12.7707	 AO_P Loss:1.4312	;:P_A_loss0.3174	;P_O loss0.2773;	 PA_O Loss:0.32	;	 PO_A Loss:0.5324	;
