[2022-12-09 19:29:27,277][bmrc_v4.py][line:1199][INFO] Namespace(add_note='', batch_size=2, bert_model_type='../../bert/bert-base-uncased', beta=1, checkpoint_path='./model/final_2.pth', data_path='./data', dataset_type='ASTE', epoch_num=40, gat=False, gpu=True, hidden_size=768, infer_rt=False, inference_beta=0.8, learning_rate=0.001, log_path='./log', mode='train', model_name='BMRC', nizhuan=True, save_model_path='./checkpoint/2022-12-09-19-29-26-', task_type='ASTE', train_rt=True, tuning_bert_rate=1e-05, warm_up=0.1, work_nums=1, zhongzi=[5, 77, 89, 32, 66])
[2022-12-09 19:29:27,278][bmrc_v4.py][line:1200][INFO] ####################################
[2022-12-09 19:29:27,278][bmrc_v4.py][line:1201][INFO] ####################################
[2022-12-09 19:29:27,289][bmrc_v4.py][line:1202][INFO] loading data......
[2022-12-09 19:29:29,155][bmrc_v4.py][line:1220][INFO] initial optimizer......
[2022-12-09 19:29:29,165][bmrc_v4.py][line:1230][INFO] New model and optimizer from epoch 1
[2022-12-09 19:29:32,209][bmrc_v4.py][line:1246][INFO] begin training......
[2022-12-09 19:29:32,214][bmrc_v4.py][line:1280][INFO] train
[2022-12-09 19:29:37,430][bmrc_v4.py][line:1395][INFO] Epoch:[1/40]	 Batch:[10/460]	 Loss Sum:258.0488	 S_A Loss:37.7769;S_O Loss:38.1827	 A_O Loss:40.1583;O_A Loss:39.7024	 AO_P Loss:1.9685	;:P_A_loss18.7234	;P_O loss21.4304;	 PA_O Loss:21.2163	;	 PO_A Loss:38.8899	;
[2022-12-09 19:29:42,009][bmrc_v4.py][line:1395][INFO] Epoch:[1/40]	 Batch:[20/460]	 Loss Sum:191.582	 S_A Loss:23.9433;S_O Loss:25.0244	 A_O Loss:23.3846;O_A Loss:23.4713	 AO_P Loss:2.4156	;:P_A_loss17.4341	;P_O loss20.0218;	 PA_O Loss:20.2814	;	 PO_A Loss:35.6056	;
[2022-12-09 19:29:46,355][bmrc_v4.py][line:1395][INFO] Epoch:[1/40]	 Batch:[30/460]	 Loss Sum:193.333	 S_A Loss:22.3659;S_O Loss:25.1314	 A_O Loss:24.0238;O_A Loss:33.5646	 AO_P Loss:1.9708	;:P_A_loss15.7088	;P_O loss19.0312;	 PA_O Loss:19.1356	;	 PO_A Loss:32.4008	;
[2022-12-09 19:29:50,647][bmrc_v4.py][line:1395][INFO] Epoch:[1/40]	 Batch:[40/460]	 Loss Sum:220.5595	 S_A Loss:34.4983;S_O Loss:35.1829	 A_O Loss:34.7434;O_A Loss:35.4372	 AO_P Loss:1.8672	;:P_A_loss13.7423	;P_O loss18.5928;	 PA_O Loss:18.4906	;	 PO_A Loss:28.0049	;
[2022-12-09 19:29:54,797][bmrc_v4.py][line:1395][INFO] Epoch:[1/40]	 Batch:[50/460]	 Loss Sum:122.7753	 S_A Loss:11.0689;S_O Loss:12.3774	 A_O Loss:11.9433;O_A Loss:10.7033	 AO_P Loss:1.65	;:P_A_loss13.1068	;P_O loss18.3794;	 PA_O Loss:18.5145	;	 PO_A Loss:25.0318	;
[2022-12-09 19:30:00,211][bmrc_v4.py][line:1395][INFO] Epoch:[1/40]	 Batch:[60/460]	 Loss Sum:153.864	 S_A Loss:20.9944;S_O Loss:21.9994	 A_O Loss:21.1122;O_A Loss:21.1881	 AO_P Loss:1.4005	;:P_A_loss10.2309	;P_O loss17.6455;	 PA_O Loss:17.9357	;	 PO_A Loss:21.3571	;
[2022-12-09 19:30:04,396][bmrc_v4.py][line:1395][INFO] Epoch:[1/40]	 Batch:[70/460]	 Loss Sum:125.0172	 S_A Loss:15.665;S_O Loss:15.583	 A_O Loss:14.6155;O_A Loss:15.5262	 AO_P Loss:1.6417	;:P_A_loss9.6727	;P_O loss16.7566;	 PA_O Loss:16.0804	;	 PO_A Loss:19.4761	;
[2022-12-09 19:30:08,649][bmrc_v4.py][line:1395][INFO] Epoch:[1/40]	 Batch:[80/460]	 Loss Sum:196.7097	 S_A Loss:21.1759;S_O Loss:32.0028	 A_O Loss:33.8715;O_A Loss:50.8267	 AO_P Loss:2.4248	;:P_A_loss8.8242	;P_O loss16.5177;	 PA_O Loss:14.413	;	 PO_A Loss:16.6531	;
[2022-12-09 19:30:13,927][bmrc_v4.py][line:1395][INFO] Epoch:[1/40]	 Batch:[90/460]	 Loss Sum:158.4302	 S_A Loss:19.754;S_O Loss:22.6908	 A_O Loss:28.9072;O_A Loss:36.0148	 AO_P Loss:2.5257	;:P_A_loss7.188	;P_O loss14.0589;	 PA_O Loss:12.5044	;	 PO_A Loss:14.7865	;
[2022-12-09 19:30:19,928][bmrc_v4.py][line:1395][INFO] Epoch:[1/40]	 Batch:[100/460]	 Loss Sum:102.9898	 S_A Loss:14.4995;S_O Loss:13.969	 A_O Loss:15.1803;O_A Loss:13.6312	 AO_P Loss:3.3238	;:P_A_loss7.3213	;P_O loss11.8501;	 PA_O Loss:9.9491	;	 PO_A Loss:13.2656	;
[2022-12-09 19:30:25,870][bmrc_v4.py][line:1395][INFO] Epoch:[1/40]	 Batch:[110/460]	 Loss Sum:133.1336	 S_A Loss:19.0003;S_O Loss:22.9934	 A_O Loss:25.1154;O_A Loss:23.371	 AO_P Loss:3.4312	;:P_A_loss7.1539	;P_O loss10.2019;	 PA_O Loss:8.8952	;	 PO_A Loss:12.9713	;
[2022-12-09 19:30:31,844][bmrc_v4.py][line:1395][INFO] Epoch:[1/40]	 Batch:[120/460]	 Loss Sum:104.9964	 S_A Loss:16.7461;S_O Loss:15.2093	 A_O Loss:15.7492;O_A Loss:16.6883	 AO_P Loss:3.8091	;:P_A_loss7.0159	;P_O loss9.4719;	 PA_O Loss:8.583	;	 PO_A Loss:11.7236	;
[2022-12-09 19:30:37,992][bmrc_v4.py][line:1395][INFO] Epoch:[1/40]	 Batch:[130/460]	 Loss Sum:137.6736	 S_A Loss:18.3496;S_O Loss:24.2316	 A_O Loss:28.3996;O_A Loss:31.5209	 AO_P Loss:1.9684	;:P_A_loss6.3051	;P_O loss8.934;	 PA_O Loss:7.6504	;	 PO_A Loss:10.314	;
[2022-12-09 19:30:44,287][bmrc_v4.py][line:1395][INFO] Epoch:[1/40]	 Batch:[140/460]	 Loss Sum:110.2858	 S_A Loss:12.5635;S_O Loss:20.0931	 A_O Loss:20.4831;O_A Loss:21.8456	 AO_P Loss:1.5298	;:P_A_loss5.7009	;P_O loss9.312;	 PA_O Loss:8.2208	;	 PO_A Loss:10.5371	;
[2022-12-09 19:30:50,440][bmrc_v4.py][line:1395][INFO] Epoch:[1/40]	 Batch:[150/460]	 Loss Sum:118.5123	 S_A Loss:18.6961;S_O Loss:19.5722	 A_O Loss:25.6505;O_A Loss:22.3237	 AO_P Loss:2.5859	;:P_A_loss5.2949	;P_O loss9.5002;	 PA_O Loss:6.479	;	 PO_A Loss:8.4097	;
[2022-12-09 19:30:56,580][bmrc_v4.py][line:1395][INFO] Epoch:[1/40]	 Batch:[160/460]	 Loss Sum:114.7545	 S_A Loss:14.9817;S_O Loss:22.0481	 A_O Loss:25.3708;O_A Loss:23.9669	 AO_P Loss:2.9322	;:P_A_loss4.9355	;P_O loss7.6447;	 PA_O Loss:4.9119	;	 PO_A Loss:7.9626	;
[2022-12-09 19:31:02,689][bmrc_v4.py][line:1395][INFO] Epoch:[1/40]	 Batch:[170/460]	 Loss Sum:82.234	 S_A Loss:12.7664;S_O Loss:14.7636	 A_O Loss:16.3584;O_A Loss:12.9768	 AO_P Loss:1.3442	;:P_A_loss4.8497	;P_O loss8.2439;	 PA_O Loss:5.3581	;	 PO_A Loss:5.573	;
[2022-12-09 19:31:09,069][bmrc_v4.py][line:1395][INFO] Epoch:[1/40]	 Batch:[180/460]	 Loss Sum:81.3838	 S_A Loss:13.8203;S_O Loss:16.0594	 A_O Loss:15.314;O_A Loss:15.6067	 AO_P Loss:1.4161	;:P_A_loss2.8772	;P_O loss7.3081;	 PA_O Loss:3.9041	;	 PO_A Loss:5.0777	;
[2022-12-09 19:31:15,963][bmrc_v4.py][line:1395][INFO] Epoch:[1/40]	 Batch:[190/460]	 Loss Sum:45.4953	 S_A Loss:6.6032;S_O Loss:7.8169	 A_O Loss:8.0199;O_A Loss:5.6411	 AO_P Loss:1.3887	;:P_A_loss2.2085	;P_O loss5.3328;	 PA_O Loss:3.5114	;	 PO_A Loss:4.9727	;
[2022-12-09 19:31:22,664][bmrc_v4.py][line:1395][INFO] Epoch:[1/40]	 Batch:[200/460]	 Loss Sum:58.6758	 S_A Loss:12.1677;S_O Loss:10.1035	 A_O Loss:9.6422;O_A Loss:12.9045	 AO_P Loss:1.6212	;:P_A_loss2.0593	;P_O loss3.7461;	 PA_O Loss:3.0866	;	 PO_A Loss:3.3448	;
[2022-12-09 19:31:29,296][bmrc_v4.py][line:1395][INFO] Epoch:[1/40]	 Batch:[210/460]	 Loss Sum:53.2545	 S_A Loss:7.7899;S_O Loss:11.7647	 A_O Loss:13.3527;O_A Loss:8.3281	 AO_P Loss:1.6236	;:P_A_loss2.1909	;P_O loss3.5939;	 PA_O Loss:2.0257	;	 PO_A Loss:2.585	;
[2022-12-09 19:31:35,982][bmrc_v4.py][line:1395][INFO] Epoch:[1/40]	 Batch:[220/460]	 Loss Sum:106.0676	 S_A Loss:23.7248;S_O Loss:16.2922	 A_O Loss:25.6074;O_A Loss:27.3488	 AO_P Loss:3.7636	;:P_A_loss1.6932	;P_O loss3.9749;	 PA_O Loss:1.4649	;	 PO_A Loss:2.1979	;
[2022-12-09 19:31:42,623][bmrc_v4.py][line:1395][INFO] Epoch:[1/40]	 Batch:[230/460]	 Loss Sum:55.959	 S_A Loss:13.7013;S_O Loss:12.2508	 A_O Loss:10.5368;O_A Loss:11.615	 AO_P Loss:1.575	;:P_A_loss1.3299	;P_O loss1.929;	 PA_O Loss:0.9055	;	 PO_A Loss:2.1158	;
[2022-12-09 19:31:48,802][bmrc_v4.py][line:1395][INFO] Epoch:[1/40]	 Batch:[240/460]	 Loss Sum:46.1944	 S_A Loss:7.8644;S_O Loss:10.0402	 A_O Loss:9.096;O_A Loss:10.3493	 AO_P Loss:1.5236	;:P_A_loss2.1523	;P_O loss1.9772;	 PA_O Loss:0.7572	;	 PO_A Loss:2.4341	;
[2022-12-09 19:31:53,746][bmrc_v4.py][line:1395][INFO] Epoch:[1/40]	 Batch:[250/460]	 Loss Sum:58.9504	 S_A Loss:13.3517;S_O Loss:14.9188	 A_O Loss:11.99;O_A Loss:11.6513	 AO_P Loss:1.716	;:P_A_loss1.0217	;P_O loss2.0775;	 PA_O Loss:0.6061	;	 PO_A Loss:1.6174	;
[2022-12-09 19:31:58,134][bmrc_v4.py][line:1395][INFO] Epoch:[1/40]	 Batch:[260/460]	 Loss Sum:38.7598	 S_A Loss:9.4259;S_O Loss:8.8252	 A_O Loss:6.5989;O_A Loss:9.7345	 AO_P Loss:0.5591	;:P_A_loss0.8351	;P_O loss1.076;	 PA_O Loss:0.3915	;	 PO_A Loss:1.3135	;
[2022-12-09 19:32:02,555][bmrc_v4.py][line:1395][INFO] Epoch:[1/40]	 Batch:[270/460]	 Loss Sum:32.5606	 S_A Loss:6.2252;S_O Loss:7.74	 A_O Loss:8.2866;O_A Loss:4.7103	 AO_P Loss:2.1794	;:P_A_loss0.9303	;P_O loss1.0552;	 PA_O Loss:0.3183	;	 PO_A Loss:1.1154	;
[2022-12-09 19:32:07,075][bmrc_v4.py][line:1395][INFO] Epoch:[1/40]	 Batch:[280/460]	 Loss Sum:104.3006	 S_A Loss:19.1558;S_O Loss:23.978	 A_O Loss:30.6889;O_A Loss:24.8765	 AO_P Loss:2.6943	;:P_A_loss0.8845	;P_O loss0.7804;	 PA_O Loss:0.3017	;	 PO_A Loss:0.9405	;
[2022-12-09 19:32:13,095][bmrc_v4.py][line:1395][INFO] Epoch:[1/40]	 Batch:[290/460]	 Loss Sum:28.7243	 S_A Loss:7.6458;S_O Loss:4.9532	 A_O Loss:4.5669;O_A Loss:8.1383	 AO_P Loss:1.2243	;:P_A_loss0.4799	;P_O loss0.5169;	 PA_O Loss:0.3601	;	 PO_A Loss:0.8387	;
[2022-12-09 19:32:19,678][bmrc_v4.py][line:1395][INFO] Epoch:[1/40]	 Batch:[300/460]	 Loss Sum:26.039	 S_A Loss:7.1668;S_O Loss:5.0263	 A_O Loss:4.5853;O_A Loss:5.9204	 AO_P Loss:1.476	;:P_A_loss0.367	;P_O loss0.4747;	 PA_O Loss:0.335	;	 PO_A Loss:0.6877	;
[2022-12-09 19:32:27,097][bmrc_v4.py][line:1395][INFO] Epoch:[1/40]	 Batch:[310/460]	 Loss Sum:37.7869	 S_A Loss:8.2755;S_O Loss:9.9398	 A_O Loss:8.7508;O_A Loss:7.14	 AO_P Loss:1.7014	;:P_A_loss0.3086	;P_O loss0.5686;	 PA_O Loss:0.3029	;	 PO_A Loss:0.7993	;
[2022-12-09 19:32:34,408][bmrc_v4.py][line:1395][INFO] Epoch:[1/40]	 Batch:[320/460]	 Loss Sum:65.7186	 S_A Loss:15.4771;S_O Loss:9.7104	 A_O Loss:14.6381;O_A Loss:22.1415	 AO_P Loss:1.944	;:P_A_loss0.4632	;P_O loss0.489;	 PA_O Loss:0.2831	;	 PO_A Loss:0.5722	;
[2022-12-09 19:32:41,478][bmrc_v4.py][line:1395][INFO] Epoch:[1/40]	 Batch:[330/460]	 Loss Sum:50.1661	 S_A Loss:15.024;S_O Loss:7.3285	 A_O Loss:5.6573;O_A Loss:19.2037	 AO_P Loss:1.3214	;:P_A_loss0.3539	;P_O loss0.3669;	 PA_O Loss:0.224	;	 PO_A Loss:0.6863	;
[2022-12-09 19:32:48,332][bmrc_v4.py][line:1395][INFO] Epoch:[1/40]	 Batch:[340/460]	 Loss Sum:35.8792	 S_A Loss:10.5941;S_O Loss:7.0232	 A_O Loss:4.4449;O_A Loss:11.3925	 AO_P Loss:0.9621	;:P_A_loss0.3407	;P_O loss0.3907;	 PA_O Loss:0.2009	;	 PO_A Loss:0.5299	;
[2022-12-09 19:32:55,179][bmrc_v4.py][line:1395][INFO] Epoch:[1/40]	 Batch:[350/460]	 Loss Sum:38.111	 S_A Loss:10.1559;S_O Loss:7.5726	 A_O Loss:5.6712;O_A Loss:11.993	 AO_P Loss:1.385	;:P_A_loss0.261	;P_O loss0.2952;	 PA_O Loss:0.2283	;	 PO_A Loss:0.5487	;
