[2022-12-12 04:00:28,358][bmrc_v4.py][line:1382][INFO] Namespace(add_note='', batch_size=2, bert_model_type='../../bert/bert-base-uncased', beta=1, checkpoint_path='./model/final_2.pth', data_path='./data', dataset_type='ASTE', epoch_num=40, gat=False, gpu=True, hidden_size=768, infer_rt=False, inference_beta=0.8, learning_rate=0.001, log_path='./log', mode='train', model_name='BMRC', nizhuan=False, save_model_path='./checkpoint/2022-12-12-04-00-28-', task_type='ASTE', train_rt=True, tuning_bert_rate=1e-05, warm_up=0.1, work_nums=1, zhongzi=[5, 77, 89, 32, 66])
[2022-12-12 04:00:28,358][bmrc_v4.py][line:1383][INFO] ####################################
[2022-12-12 04:00:28,358][bmrc_v4.py][line:1384][INFO] ####################################
[2022-12-12 04:00:28,358][bmrc_v4.py][line:1385][INFO] loading data......
[2022-12-12 04:00:30,659][bmrc_v4.py][line:1401][INFO] initial optimizer......
[2022-12-12 04:00:30,671][bmrc_v4.py][line:1411][INFO] New model and optimizer from epoch 1
[2022-12-12 04:00:34,448][bmrc_v4.py][line:1427][INFO] begin training......
[2022-12-12 04:00:34,448][bmrc_v4.py][line:1461][INFO] train
[2022-12-12 04:00:42,048][bmrc_v4.py][line:1576][INFO] Epoch:[1/40]	 Batch:[10/460]	 Loss Sum:24.3392	 S_A Loss:4.3163;S_O Loss:4.1071	 A_O Loss:3.7676;O_A Loss:4.066	 AO_P Loss:0.2887	;	 PA_O Loss:3.7815	;	 PO_A Loss:4.012	;
[2022-12-12 04:00:47,419][bmrc_v4.py][line:1576][INFO] Epoch:[1/40]	 Batch:[20/460]	 Loss Sum:34.274	 S_A Loss:5.7614;S_O Loss:5.7134	 A_O Loss:5.5018;O_A Loss:5.7593	 AO_P Loss:0.3389	;	 PA_O Loss:5.7059	;	 PO_A Loss:5.4933	;
[2022-12-12 04:00:52,813][bmrc_v4.py][line:1576][INFO] Epoch:[1/40]	 Batch:[30/460]	 Loss Sum:16.0098	 S_A Loss:2.0295;S_O Loss:2.4896	 A_O Loss:2.5079;O_A Loss:3.0633	 AO_P Loss:0.2319	;	 PA_O Loss:2.5513	;	 PO_A Loss:3.1364	;
[2022-12-12 04:00:58,153][bmrc_v4.py][line:1576][INFO] Epoch:[1/40]	 Batch:[40/460]	 Loss Sum:31.8271	 S_A Loss:5.1417;S_O Loss:5.3449	 A_O Loss:5.122;O_A Loss:5.4292	 AO_P Loss:0.4136	;	 PA_O Loss:4.9096	;	 PO_A Loss:5.4662	;
[2022-12-12 04:01:03,541][bmrc_v4.py][line:1576][INFO] Epoch:[1/40]	 Batch:[50/460]	 Loss Sum:30.0153	 S_A Loss:4.0228;S_O Loss:4.3223	 A_O Loss:4.3134;O_A Loss:6.4191	 AO_P Loss:0.2957	;	 PA_O Loss:4.4733	;	 PO_A Loss:6.1688	;
[2022-12-12 04:01:09,147][bmrc_v4.py][line:1576][INFO] Epoch:[1/40]	 Batch:[60/460]	 Loss Sum:22.7426	 S_A Loss:4.1118;S_O Loss:3.8455	 A_O Loss:3.4471;O_A Loss:3.8612	 AO_P Loss:0.2877	;	 PA_O Loss:3.5169	;	 PO_A Loss:3.6724	;
[2022-12-12 04:01:14,430][bmrc_v4.py][line:1576][INFO] Epoch:[1/40]	 Batch:[70/460]	 Loss Sum:15.2604	 S_A Loss:2.678;S_O Loss:2.4628	 A_O Loss:2.3191;O_A Loss:2.5816	 AO_P Loss:0.256	;	 PA_O Loss:2.625	;	 PO_A Loss:2.3379	;
[2022-12-12 04:01:20,265][bmrc_v4.py][line:1576][INFO] Epoch:[1/40]	 Batch:[80/460]	 Loss Sum:32.7974	 S_A Loss:4.7401;S_O Loss:4.3265	 A_O Loss:5.6071;O_A Loss:5.9134	 AO_P Loss:0.7894	;	 PA_O Loss:5.3788	;	 PO_A Loss:6.0421	;
[2022-12-12 04:01:25,938][bmrc_v4.py][line:1576][INFO] Epoch:[1/40]	 Batch:[90/460]	 Loss Sum:19.0232	 S_A Loss:1.9709;S_O Loss:3.6229	 A_O Loss:3.4364;O_A Loss:3.3378	 AO_P Loss:0.2643	;	 PA_O Loss:3.303	;	 PO_A Loss:3.0879	;
[2022-12-12 04:01:31,532][bmrc_v4.py][line:1576][INFO] Epoch:[1/40]	 Batch:[100/460]	 Loss Sum:15.6406	 S_A Loss:2.6704;S_O Loss:2.6518	 A_O Loss:2.6113;O_A Loss:2.5193	 AO_P Loss:0.1925	;	 PA_O Loss:2.4108	;	 PO_A Loss:2.5846	;
[2022-12-12 04:01:37,258][bmrc_v4.py][line:1576][INFO] Epoch:[1/40]	 Batch:[110/460]	 Loss Sum:18.8331	 S_A Loss:2.7563;S_O Loss:2.858	 A_O Loss:3.3093;O_A Loss:3.1624	 AO_P Loss:0.3131	;	 PA_O Loss:3.3256	;	 PO_A Loss:3.1085	;
[2022-12-12 04:01:42,997][bmrc_v4.py][line:1576][INFO] Epoch:[1/40]	 Batch:[120/460]	 Loss Sum:19.4498	 S_A Loss:1.8819;S_O Loss:3.1886	 A_O Loss:3.1393;O_A Loss:4.2608	 AO_P Loss:0.3678	;	 PA_O Loss:3.0094	;	 PO_A Loss:3.6021	;
[2022-12-12 04:01:48,701][bmrc_v4.py][line:1576][INFO] Epoch:[1/40]	 Batch:[130/460]	 Loss Sum:26.3198	 S_A Loss:3.0943;S_O Loss:3.8336	 A_O Loss:3.9616;O_A Loss:5.367	 AO_P Loss:0.6116	;	 PA_O Loss:3.8605	;	 PO_A Loss:5.5912	;
[2022-12-12 04:01:54,438][bmrc_v4.py][line:1576][INFO] Epoch:[1/40]	 Batch:[140/460]	 Loss Sum:12.492	 S_A Loss:1.8443;S_O Loss:2.1494	 A_O Loss:2.2806;O_A Loss:1.8299	 AO_P Loss:0.4471	;	 PA_O Loss:2.1757	;	 PO_A Loss:1.765	;
[2022-12-12 04:02:00,019][bmrc_v4.py][line:1576][INFO] Epoch:[1/40]	 Batch:[150/460]	 Loss Sum:12.2779	 S_A Loss:1.7922;S_O Loss:2.1294	 A_O Loss:1.9458;O_A Loss:1.8356	 AO_P Loss:0.2496	;	 PA_O Loss:2.4857	;	 PO_A Loss:1.8396	;
[2022-12-12 04:02:05,894][bmrc_v4.py][line:1576][INFO] Epoch:[1/40]	 Batch:[160/460]	 Loss Sum:27.5649	 S_A Loss:3.6264;S_O Loss:3.8588	 A_O Loss:5.2732;O_A Loss:4.5252	 AO_P Loss:0.5887	;	 PA_O Loss:5.2172	;	 PO_A Loss:4.4754	;
[2022-12-12 04:02:11,674][bmrc_v4.py][line:1576][INFO] Epoch:[1/40]	 Batch:[170/460]	 Loss Sum:28.2512	 S_A Loss:3.0945;S_O Loss:3.7977	 A_O Loss:3.5502;O_A Loss:7.0801	 AO_P Loss:0.5297	;	 PA_O Loss:3.6391	;	 PO_A Loss:6.56	;
[2022-12-12 04:02:17,398][bmrc_v4.py][line:1576][INFO] Epoch:[1/40]	 Batch:[180/460]	 Loss Sum:13.688	 S_A Loss:2.1312;S_O Loss:2.3003	 A_O Loss:2.3622;O_A Loss:1.8883	 AO_P Loss:0.49	;	 PA_O Loss:2.5306	;	 PO_A Loss:1.9853	;
[2022-12-12 04:02:23,084][bmrc_v4.py][line:1576][INFO] Epoch:[1/40]	 Batch:[190/460]	 Loss Sum:13.4338	 S_A Loss:1.8727;S_O Loss:1.942	 A_O Loss:2.3673;O_A Loss:2.4669	 AO_P Loss:0.2698	;	 PA_O Loss:2.2545	;	 PO_A Loss:2.2605	;
[2022-12-12 04:02:28,794][bmrc_v4.py][line:1576][INFO] Epoch:[1/40]	 Batch:[200/460]	 Loss Sum:13.0387	 S_A Loss:1.9272;S_O Loss:2.4305	 A_O Loss:2.5275;O_A Loss:1.5954	 AO_P Loss:0.2648	;	 PA_O Loss:2.73	;	 PO_A Loss:1.5632	;
[2022-12-12 04:02:34,416][bmrc_v4.py][line:1576][INFO] Epoch:[1/40]	 Batch:[210/460]	 Loss Sum:18.9644	 S_A Loss:2.0819;S_O Loss:2.7501	 A_O Loss:2.7643;O_A Loss:3.9471	 AO_P Loss:0.2211	;	 PA_O Loss:2.6888	;	 PO_A Loss:4.5112	;
[2022-12-12 04:02:40,081][bmrc_v4.py][line:1576][INFO] Epoch:[1/40]	 Batch:[220/460]	 Loss Sum:30.6774	 S_A Loss:3.6491;S_O Loss:3.8451	 A_O Loss:4.9004;O_A Loss:6.165	 AO_P Loss:0.4497	;	 PA_O Loss:5.2837	;	 PO_A Loss:6.3843	;
[2022-12-12 04:02:45,733][bmrc_v4.py][line:1576][INFO] Epoch:[1/40]	 Batch:[230/460]	 Loss Sum:12.2678	 S_A Loss:2.0565;S_O Loss:2.1339	 A_O Loss:2.1811;O_A Loss:1.9387	 AO_P Loss:0.2642	;	 PA_O Loss:1.9658	;	 PO_A Loss:1.7277	;
[2022-12-12 04:02:51,550][bmrc_v4.py][line:1576][INFO] Epoch:[1/40]	 Batch:[240/460]	 Loss Sum:19.0818	 S_A Loss:2.5266;S_O Loss:2.9611	 A_O Loss:3.4073;O_A Loss:2.8242	 AO_P Loss:0.58	;	 PA_O Loss:3.643	;	 PO_A Loss:3.1397	;
[2022-12-12 04:02:57,356][bmrc_v4.py][line:1576][INFO] Epoch:[1/40]	 Batch:[250/460]	 Loss Sum:22.4844	 S_A Loss:2.3304;S_O Loss:4.0339	 A_O Loss:4.2693;O_A Loss:3.4965	 AO_P Loss:0.6968	;	 PA_O Loss:4.3124	;	 PO_A Loss:3.345	;
[2022-12-12 04:03:03,034][bmrc_v4.py][line:1576][INFO] Epoch:[1/40]	 Batch:[260/460]	 Loss Sum:13.8471	 S_A Loss:2.4023;S_O Loss:2.142	 A_O Loss:2.0472;O_A Loss:2.3445	 AO_P Loss:0.25	;	 PA_O Loss:2.3216	;	 PO_A Loss:2.3395	;
[2022-12-12 04:03:08,736][bmrc_v4.py][line:1576][INFO] Epoch:[1/40]	 Batch:[270/460]	 Loss Sum:17.4323	 S_A Loss:2.9235;S_O Loss:2.8821	 A_O Loss:2.8889;O_A Loss:2.7795	 AO_P Loss:0.4571	;	 PA_O Loss:2.6923	;	 PO_A Loss:2.8089	;
[2022-12-12 04:03:14,672][bmrc_v4.py][line:1576][INFO] Epoch:[1/40]	 Batch:[280/460]	 Loss Sum:14.23	 S_A Loss:1.7642;S_O Loss:3.2255	 A_O Loss:2.6925;O_A Loss:1.5971	 AO_P Loss:0.5885	;	 PA_O Loss:2.7336	;	 PO_A Loss:1.6285	;
[2022-12-12 04:03:20,310][bmrc_v4.py][line:1576][INFO] Epoch:[1/40]	 Batch:[290/460]	 Loss Sum:16.4531	 S_A Loss:2.4476;S_O Loss:2.4536	 A_O Loss:2.881;O_A Loss:2.8422	 AO_P Loss:0.3063	;	 PA_O Loss:2.7498	;	 PO_A Loss:2.7727	;
[2022-12-12 04:03:26,045][bmrc_v4.py][line:1576][INFO] Epoch:[1/40]	 Batch:[300/460]	 Loss Sum:11.7691	 S_A Loss:1.442;S_O Loss:2.2179	 A_O Loss:1.9066;O_A Loss:2.0888	 AO_P Loss:0.3042	;	 PA_O Loss:1.9485	;	 PO_A Loss:1.8611	;
[2022-12-12 04:03:31,685][bmrc_v4.py][line:1576][INFO] Epoch:[1/40]	 Batch:[310/460]	 Loss Sum:17.2263	 S_A Loss:2.4741;S_O Loss:2.7679	 A_O Loss:3.133;O_A Loss:2.6527	 AO_P Loss:0.3885	;	 PA_O Loss:3.1237	;	 PO_A Loss:2.6864	;
[2022-12-12 04:03:37,166][bmrc_v4.py][line:1576][INFO] Epoch:[1/40]	 Batch:[320/460]	 Loss Sum:18.6369	 S_A Loss:2.1947;S_O Loss:2.9371	 A_O Loss:2.7767;O_A Loss:4.013	 AO_P Loss:0.3309	;	 PA_O Loss:2.658	;	 PO_A Loss:3.7265	;
[2022-12-12 04:03:42,518][bmrc_v4.py][line:1576][INFO] Epoch:[1/40]	 Batch:[330/460]	 Loss Sum:14.2332	 S_A Loss:1.7703;S_O Loss:2.9159	 A_O Loss:2.2079;O_A Loss:2.4348	 AO_P Loss:0.2704	;	 PA_O Loss:2.5972	;	 PO_A Loss:2.0367	;
[2022-12-12 04:03:47,963][bmrc_v4.py][line:1576][INFO] Epoch:[1/40]	 Batch:[340/460]	 Loss Sum:7.2573	 S_A Loss:1.6638;S_O Loss:0.9226	 A_O Loss:0.7443;O_A Loss:1.62	 AO_P Loss:0.1946	;	 PA_O Loss:0.6965	;	 PO_A Loss:1.4154	;
[2022-12-12 04:03:53,313][bmrc_v4.py][line:1576][INFO] Epoch:[1/40]	 Batch:[350/460]	 Loss Sum:18.1684	 S_A Loss:2.4403;S_O Loss:2.9332	 A_O Loss:3.3425;O_A Loss:2.5565	 AO_P Loss:0.2716	;	 PA_O Loss:4.0877	;	 PO_A Loss:2.5365	;
[2022-12-12 04:03:58,607][bmrc_v4.py][line:1576][INFO] Epoch:[1/40]	 Batch:[360/460]	 Loss Sum:11.5994	 S_A Loss:1.3639;S_O Loss:2.9278	 A_O Loss:2.6087;O_A Loss:1.0181	 AO_P Loss:0.228	;	 PA_O Loss:2.4588	;	 PO_A Loss:0.9941	;
[2022-12-12 04:04:03,971][bmrc_v4.py][line:1576][INFO] Epoch:[1/40]	 Batch:[370/460]	 Loss Sum:8.3792	 S_A Loss:1.5665;S_O Loss:1.5642	 A_O Loss:1.3287;O_A Loss:1.1596	 AO_P Loss:0.2299	;	 PA_O Loss:1.3074	;	 PO_A Loss:1.223	;
[2022-12-12 04:04:09,202][bmrc_v4.py][line:1576][INFO] Epoch:[1/40]	 Batch:[380/460]	 Loss Sum:5.9895	 S_A Loss:1.6337;S_O Loss:1.074	 A_O Loss:0.7822;O_A Loss:0.7645	 AO_P Loss:0.2095	;	 PA_O Loss:0.6644	;	 PO_A Loss:0.8612	;
[2022-12-12 04:04:14,793][bmrc_v4.py][line:1576][INFO] Epoch:[1/40]	 Batch:[390/460]	 Loss Sum:29.6583	 S_A Loss:3.9207;S_O Loss:4.4005	 A_O Loss:5.3352;O_A Loss:4.9344	 AO_P Loss:1.4483	;	 PA_O Loss:5.0	;	 PO_A Loss:4.6193	;
[2022-12-12 04:04:20,237][bmrc_v4.py][line:1576][INFO] Epoch:[1/40]	 Batch:[400/460]	 Loss Sum:8.6965	 S_A Loss:1.5039;S_O Loss:1.9757	 A_O Loss:1.1682;O_A Loss:1.2688	 AO_P Loss:0.2424	;	 PA_O Loss:1.294	;	 PO_A Loss:1.2436	;
[2022-12-12 04:04:25,541][bmrc_v4.py][line:1576][INFO] Epoch:[1/40]	 Batch:[410/460]	 Loss Sum:11.6937	 S_A Loss:2.6278;S_O Loss:1.739	 A_O Loss:1.4556;O_A Loss:2.0286	 AO_P Loss:0.4339	;	 PA_O Loss:1.4694	;	 PO_A Loss:1.9394	;
[2022-12-12 04:04:30,973][bmrc_v4.py][line:1576][INFO] Epoch:[1/40]	 Batch:[420/460]	 Loss Sum:20.3914	 S_A Loss:1.7874;S_O Loss:3.143	 A_O Loss:3.6365;O_A Loss:3.8045	 AO_P Loss:0.5035	;	 PA_O Loss:3.4065	;	 PO_A Loss:4.11	;
[2022-12-12 04:04:36,339][bmrc_v4.py][line:1576][INFO] Epoch:[1/40]	 Batch:[430/460]	 Loss Sum:8.5589	 S_A Loss:1.3958;S_O Loss:1.9976	 A_O Loss:1.3892;O_A Loss:1.1959	 AO_P Loss:0.3895	;	 PA_O Loss:1.1116	;	 PO_A Loss:1.0794	;
[2022-12-12 04:04:42,195][bmrc_v4.py][line:1576][INFO] Epoch:[1/40]	 Batch:[440/460]	 Loss Sum:13.9232	 S_A Loss:2.1004;S_O Loss:2.3179	 A_O Loss:1.706;O_A Loss:2.9567	 AO_P Loss:0.2742	;	 PA_O Loss:1.644	;	 PO_A Loss:2.924	;
[2022-12-12 04:04:47,772][bmrc_v4.py][line:1576][INFO] Epoch:[1/40]	 Batch:[450/460]	 Loss Sum:7.8866	 S_A Loss:1.4669;S_O Loss:1.4666	 A_O Loss:1.0678;O_A Loss:1.0585	 AO_P Loss:0.2449	;	 PA_O Loss:0.9256	;	 PO_A Loss:1.6564	;
[2022-12-12 04:04:53,433][bmrc_v4.py][line:1576][INFO] Epoch:[1/40]	 Batch:[460/460]	 Loss Sum:9.8496	 S_A Loss:2.1782;S_O Loss:2.0393	 A_O Loss:1.1292;O_A Loss:1.7212	 AO_P Loss:0.2231	;	 PA_O Loss:1.0027	;	 PO_A Loss:1.556	;
[2022-12-12 04:04:53,434][bmrc_v4.py][line:1597][INFO] dev
[2022-12-12 04:05:58,103][bmrc_v4.py][line:1319][INFO] Triplet - Precision: 0.12403100751156781	Recall: 0.18991097866495257	F1: 0.15005813831481982
[2022-12-12 04:05:58,103][bmrc_v4.py][line:1324][INFO] Triplet - Precision_2: 0.10330578469708354	Recall: 0.07418397604099711	F1: 0.08635529900256513
[2022-12-12 04:05:58,104][bmrc_v4.py][line:1329][INFO] Triplet - Precision_3: 0.11870503575772476	Recall: 0.19584569674823235	F1: 0.1478158791260523
[2022-12-12 04:05:58,104][bmrc_v4.py][line:1334][INFO] Aspect - Precision: 0.3343749989550781	Recall: 0.38351254342827046	F1: 0.3572616046561986
[2022-12-12 04:05:58,104][bmrc_v4.py][line:1339][INFO] Opinion - Precision: 0.45768024934896473	Recall: 0.4332344200794231	F1: 0.4451214502394439
[2022-12-12 04:05:58,104][bmrc_v4.py][line:1347][INFO] Aspect-Sentiment - Precision: 0.2281249992871094	Recall: 0.2616487445819041	F1: 0.24373906747295737
[2022-12-12 04:05:58,104][bmrc_v4.py][line:1355][INFO] Aspect-Opinion - Precision: 0.18604651126735172	Recall: 0.2848664679974289	F1: 0.22508744646195755
[2022-12-12 04:05:58,108][bmrc_v4.py][line:1607][INFO] test
[2022-12-12 04:07:08,597][bmrc_v4.py][line:1319][INFO] Triplet - Precision: 0.15850144069380195	Recall: 0.2244897954602249	F1: 0.18581032534138722
[2022-12-12 04:07:08,598][bmrc_v4.py][line:1324][INFO] Triplet - Precision_2: 0.16666666614255765	Recall: 0.10816326508538109	F1: 0.13118764114598733
[2022-12-12 04:07:08,598][bmrc_v4.py][line:1329][INFO] Triplet - Precision_3: 0.1520861370766001	Recall: 0.23061224442732195	F1: 0.18329230258845694
[2022-12-12 04:07:08,598][bmrc_v4.py][line:1334][INFO] Aspect - Precision: 0.3459915604514946	Recall: 0.3923444966690323	F1: 0.36771250563119195
[2022-12-12 04:07:08,598][bmrc_v4.py][line:1339][INFO] Opinion - Precision: 0.47708333233940975	Recall: 0.46734693782174097	F1: 0.47216444753374226
[2022-12-12 04:07:08,599][bmrc_v4.py][line:1347][INFO] Aspect-Sentiment - Precision: 0.25105485179102355	Recall: 0.28468899453423685	F1: 0.2668156448711261
[2022-12-12 04:07:08,599][bmrc_v4.py][line:1355][INFO] Aspect-Opinion - Precision: 0.2089337172781935	Recall: 0.29591836674302374	F1: 0.24493194686283548
[2022-12-12 04:07:08,601][bmrc_v4.py][line:1618][INFO] Model saved after epoch 1
[2022-12-12 04:07:11,311][bmrc_v4.py][line:1461][INFO] train
[2022-12-12 04:07:16,878][bmrc_v4.py][line:1576][INFO] Epoch:[2/40]	 Batch:[10/460]	 Loss Sum:5.7506	 S_A Loss:1.0912;S_O Loss:1.1944	 A_O Loss:0.6234;O_A Loss:0.919	 AO_P Loss:0.4205	;	 PA_O Loss:0.6249	;	 PO_A Loss:0.8772	;
[2022-12-12 04:07:21,806][bmrc_v4.py][line:1576][INFO] Epoch:[2/40]	 Batch:[20/460]	 Loss Sum:7.2196	 S_A Loss:1.5074;S_O Loss:1.1277	 A_O Loss:1.0355;O_A Loss:1.0953	 AO_P Loss:0.4211	;	 PA_O Loss:0.6599	;	 PO_A Loss:1.3727	;
[2022-12-12 04:07:26,690][bmrc_v4.py][line:1576][INFO] Epoch:[2/40]	 Batch:[30/460]	 Loss Sum:10.1876	 S_A Loss:1.5736;S_O Loss:1.6712	 A_O Loss:1.7195;O_A Loss:1.5809	 AO_P Loss:0.1406	;	 PA_O Loss:1.6461	;	 PO_A Loss:1.8556	;
[2022-12-12 04:07:31,564][bmrc_v4.py][line:1576][INFO] Epoch:[2/40]	 Batch:[40/460]	 Loss Sum:8.762	 S_A Loss:1.3851;S_O Loss:1.9882	 A_O Loss:0.9118;O_A Loss:1.5041	 AO_P Loss:0.2051	;	 PA_O Loss:1.7864	;	 PO_A Loss:0.9812	;
[2022-12-12 04:07:36,438][bmrc_v4.py][line:1576][INFO] Epoch:[2/40]	 Batch:[50/460]	 Loss Sum:10.1342	 S_A Loss:1.8989;S_O Loss:1.4239	 A_O Loss:1.1789;O_A Loss:2.1386	 AO_P Loss:0.3214	;	 PA_O Loss:1.0016	;	 PO_A Loss:2.1709	;
[2022-12-12 04:07:41,360][bmrc_v4.py][line:1576][INFO] Epoch:[2/40]	 Batch:[60/460]	 Loss Sum:6.9271	 S_A Loss:1.5053;S_O Loss:1.5466	 A_O Loss:0.5756;O_A Loss:1.1235	 AO_P Loss:0.2527	;	 PA_O Loss:0.5915	;	 PO_A Loss:1.332	;
[2022-12-12 04:07:46,334][bmrc_v4.py][line:1576][INFO] Epoch:[2/40]	 Batch:[70/460]	 Loss Sum:4.0455	 S_A Loss:1.0903;S_O Loss:0.7285	 A_O Loss:0.333;O_A Loss:0.8605	 AO_P Loss:0.2153	;	 PA_O Loss:0.2246	;	 PO_A Loss:0.5934	;
[2022-12-12 04:07:51,247][bmrc_v4.py][line:1576][INFO] Epoch:[2/40]	 Batch:[80/460]	 Loss Sum:14.0012	 S_A Loss:1.8757;S_O Loss:1.5803	 A_O Loss:1.7602;O_A Loss:3.7046	 AO_P Loss:0.2721	;	 PA_O Loss:1.5067	;	 PO_A Loss:3.3016	;
[2022-12-12 04:07:56,169][bmrc_v4.py][line:1576][INFO] Epoch:[2/40]	 Batch:[90/460]	 Loss Sum:9.0242	 S_A Loss:1.8589;S_O Loss:0.8086	 A_O Loss:0.9996;O_A Loss:2.0397	 AO_P Loss:0.2816	;	 PA_O Loss:0.9129	;	 PO_A Loss:2.1229	;
[2022-12-12 04:08:01,097][bmrc_v4.py][line:1576][INFO] Epoch:[2/40]	 Batch:[100/460]	 Loss Sum:9.6497	 S_A Loss:1.3401;S_O Loss:1.1165	 A_O Loss:1.3917;O_A Loss:2.1458	 AO_P Loss:0.231	;	 PA_O Loss:1.3034	;	 PO_A Loss:2.1214	;
[2022-12-12 04:08:06,033][bmrc_v4.py][line:1576][INFO] Epoch:[2/40]	 Batch:[110/460]	 Loss Sum:10.1905	 S_A Loss:2.4068;S_O Loss:1.7438	 A_O Loss:0.8015;O_A Loss:2.4252	 AO_P Loss:0.1879	;	 PA_O Loss:0.7029	;	 PO_A Loss:1.9224	;
[2022-12-12 04:08:11,019][bmrc_v4.py][line:1576][INFO] Epoch:[2/40]	 Batch:[120/460]	 Loss Sum:6.6372	 S_A Loss:1.1575;S_O Loss:1.5719	 A_O Loss:1.0261;O_A Loss:0.6477	 AO_P Loss:0.1388	;	 PA_O Loss:1.149	;	 PO_A Loss:0.9462	;
[2022-12-12 04:08:15,953][bmrc_v4.py][line:1576][INFO] Epoch:[2/40]	 Batch:[130/460]	 Loss Sum:13.8659	 S_A Loss:2.6298;S_O Loss:1.3723	 A_O Loss:1.4333;O_A Loss:3.0554	 AO_P Loss:0.0846	;	 PA_O Loss:1.7438	;	 PO_A Loss:3.5467	;
[2022-12-12 04:08:20,869][bmrc_v4.py][line:1576][INFO] Epoch:[2/40]	 Batch:[140/460]	 Loss Sum:5.9016	 S_A Loss:0.9926;S_O Loss:0.8435	 A_O Loss:0.9091;O_A Loss:1.2917	 AO_P Loss:0.2506	;	 PA_O Loss:0.6101	;	 PO_A Loss:1.004	;
[2022-12-12 04:08:25,815][bmrc_v4.py][line:1576][INFO] Epoch:[2/40]	 Batch:[150/460]	 Loss Sum:11.5578	 S_A Loss:1.6796;S_O Loss:2.0171	 A_O Loss:2.306;O_A Loss:1.3105	 AO_P Loss:0.1882	;	 PA_O Loss:2.1529	;	 PO_A Loss:1.9034	;
[2022-12-12 04:08:30,833][bmrc_v4.py][line:1576][INFO] Epoch:[2/40]	 Batch:[160/460]	 Loss Sum:6.3839	 S_A Loss:1.4443;S_O Loss:1.1917	 A_O Loss:0.7655;O_A Loss:1.0678	 AO_P Loss:0.3368	;	 PA_O Loss:0.708	;	 PO_A Loss:0.8698	;
[2022-12-12 04:08:35,824][bmrc_v4.py][line:1576][INFO] Epoch:[2/40]	 Batch:[170/460]	 Loss Sum:6.164	 S_A Loss:1.3174;S_O Loss:1.2381	 A_O Loss:0.8748;O_A Loss:0.9606	 AO_P Loss:0.3363	;	 PA_O Loss:0.638	;	 PO_A Loss:0.7989	;
[2022-12-12 04:08:40,765][bmrc_v4.py][line:1576][INFO] Epoch:[2/40]	 Batch:[180/460]	 Loss Sum:11.1691	 S_A Loss:2.0091;S_O Loss:1.3884	 A_O Loss:1.0394;O_A Loss:1.5095	 AO_P Loss:0.2009	;	 PA_O Loss:2.5083	;	 PO_A Loss:2.5136	;
[2022-12-12 04:08:45,742][bmrc_v4.py][line:1576][INFO] Epoch:[2/40]	 Batch:[190/460]	 Loss Sum:4.2436	 S_A Loss:0.5963;S_O Loss:0.8172	 A_O Loss:0.7291;O_A Loss:0.766	 AO_P Loss:0.2302	;	 PA_O Loss:0.4773	;	 PO_A Loss:0.6276	;
[2022-12-12 04:08:50,704][bmrc_v4.py][line:1576][INFO] Epoch:[2/40]	 Batch:[200/460]	 Loss Sum:7.3478	 S_A Loss:1.2162;S_O Loss:1.3753	 A_O Loss:1.0793;O_A Loss:0.7715	 AO_P Loss:0.5787	;	 PA_O Loss:1.3272	;	 PO_A Loss:0.9994	;
[2022-12-12 04:08:55,718][bmrc_v4.py][line:1576][INFO] Epoch:[2/40]	 Batch:[210/460]	 Loss Sum:5.7052	 S_A Loss:1.2458;S_O Loss:1.2135	 A_O Loss:0.92;O_A Loss:0.558	 AO_P Loss:0.1976	;	 PA_O Loss:1.0287	;	 PO_A Loss:0.5417	;
[2022-12-12 04:09:00,705][bmrc_v4.py][line:1576][INFO] Epoch:[2/40]	 Batch:[220/460]	 Loss Sum:8.1908	 S_A Loss:1.5053;S_O Loss:1.7868	 A_O Loss:1.0122;O_A Loss:1.0875	 AO_P Loss:0.3298	;	 PA_O Loss:1.1577	;	 PO_A Loss:1.3114	;
[2022-12-12 04:09:05,691][bmrc_v4.py][line:1576][INFO] Epoch:[2/40]	 Batch:[230/460]	 Loss Sum:7.4184	 S_A Loss:1.4804;S_O Loss:1.2054	 A_O Loss:1.0043;O_A Loss:1.2516	 AO_P Loss:0.2027	;	 PA_O Loss:0.8737	;	 PO_A Loss:1.4002	;
[2022-12-12 04:09:10,670][bmrc_v4.py][line:1576][INFO] Epoch:[2/40]	 Batch:[240/460]	 Loss Sum:7.5731	 S_A Loss:1.3756;S_O Loss:1.4256	 A_O Loss:0.918;O_A Loss:0.9685	 AO_P Loss:0.2332	;	 PA_O Loss:1.904	;	 PO_A Loss:0.7482	;
[2022-12-12 04:09:15,611][bmrc_v4.py][line:1576][INFO] Epoch:[2/40]	 Batch:[250/460]	 Loss Sum:8.427	 S_A Loss:2.0877;S_O Loss:1.0727	 A_O Loss:1.1929;O_A Loss:1.7845	 AO_P Loss:0.1308	;	 PA_O Loss:0.8894	;	 PO_A Loss:1.2689	;
[2022-12-12 04:09:20,641][bmrc_v4.py][line:1576][INFO] Epoch:[2/40]	 Batch:[260/460]	 Loss Sum:4.3228	 S_A Loss:1.2178;S_O Loss:0.8645	 A_O Loss:0.2561;O_A Loss:0.7763	 AO_P Loss:0.2605	;	 PA_O Loss:0.1905	;	 PO_A Loss:0.7571	;
[2022-12-12 04:09:25,597][bmrc_v4.py][line:1576][INFO] Epoch:[2/40]	 Batch:[270/460]	 Loss Sum:8.7667	 S_A Loss:2.4511;S_O Loss:0.5763	 A_O Loss:0.4111;O_A Loss:2.4987	 AO_P Loss:0.1273	;	 PA_O Loss:0.5067	;	 PO_A Loss:2.1955	;
[2022-12-12 04:09:30,533][bmrc_v4.py][line:1576][INFO] Epoch:[2/40]	 Batch:[280/460]	 Loss Sum:15.2934	 S_A Loss:1.843;S_O Loss:2.3703	 A_O Loss:2.0562;O_A Loss:3.1576	 AO_P Loss:0.396	;	 PA_O Loss:2.4234	;	 PO_A Loss:3.0467	;
[2022-12-12 04:09:35,477][bmrc_v4.py][line:1576][INFO] Epoch:[2/40]	 Batch:[290/460]	 Loss Sum:9.3721	 S_A Loss:1.1155;S_O Loss:2.3297	 A_O Loss:1.2467;O_A Loss:1.4494	 AO_P Loss:0.3617	;	 PA_O Loss:1.2913	;	 PO_A Loss:1.5778	;
[2022-12-12 04:09:40,439][bmrc_v4.py][line:1576][INFO] Epoch:[2/40]	 Batch:[300/460]	 Loss Sum:7.0415	 S_A Loss:1.9805;S_O Loss:1.6974	 A_O Loss:0.9451;O_A Loss:0.6436	 AO_P Loss:0.0958	;	 PA_O Loss:1.2229	;	 PO_A Loss:0.4563	;
[2022-12-12 04:09:45,454][bmrc_v4.py][line:1576][INFO] Epoch:[2/40]	 Batch:[310/460]	 Loss Sum:13.0314	 S_A Loss:1.4918;S_O Loss:1.4933	 A_O Loss:2.0094;O_A Loss:2.9919	 AO_P Loss:0.2192	;	 PA_O Loss:1.5345	;	 PO_A Loss:3.2913	;
[2022-12-12 04:09:50,428][bmrc_v4.py][line:1576][INFO] Epoch:[2/40]	 Batch:[320/460]	 Loss Sum:13.0865	 S_A Loss:1.1414;S_O Loss:2.6594	 A_O Loss:2.7251;O_A Loss:1.8753	 AO_P Loss:0.3492	;	 PA_O Loss:2.4729	;	 PO_A Loss:1.8631	;
[2022-12-12 04:09:55,388][bmrc_v4.py][line:1576][INFO] Epoch:[2/40]	 Batch:[330/460]	 Loss Sum:25.5437	 S_A Loss:2.8626;S_O Loss:4.1369	 A_O Loss:4.0007;O_A Loss:5.247	 AO_P Loss:0.4967	;	 PA_O Loss:3.6319	;	 PO_A Loss:5.1678	;
[2022-12-12 04:10:00,339][bmrc_v4.py][line:1576][INFO] Epoch:[2/40]	 Batch:[340/460]	 Loss Sum:8.7301	 S_A Loss:2.4667;S_O Loss:1.004	 A_O Loss:1.3432;O_A Loss:1.5401	 AO_P Loss:0.3107	;	 PA_O Loss:0.7921	;	 PO_A Loss:1.2731	;
[2022-12-12 04:10:05,313][bmrc_v4.py][line:1576][INFO] Epoch:[2/40]	 Batch:[350/460]	 Loss Sum:8.7783	 S_A Loss:0.8874;S_O Loss:2.2256	 A_O Loss:1.3868;O_A Loss:1.3634	 AO_P Loss:0.0623	;	 PA_O Loss:1.6163	;	 PO_A Loss:1.2366	;
[2022-12-12 04:10:10,323][bmrc_v4.py][line:1576][INFO] Epoch:[2/40]	 Batch:[360/460]	 Loss Sum:14.4346	 S_A Loss:1.2445;S_O Loss:4.0379	 A_O Loss:3.4773;O_A Loss:1.6503	 AO_P Loss:0.3783	;	 PA_O Loss:2.3805	;	 PO_A Loss:1.2658	;
[2022-12-12 04:10:15,276][bmrc_v4.py][line:1576][INFO] Epoch:[2/40]	 Batch:[370/460]	 Loss Sum:5.8829	 S_A Loss:0.4605;S_O Loss:1.4071	 A_O Loss:1.1096;O_A Loss:1.0312	 AO_P Loss:0.1354	;	 PA_O Loss:0.5501	;	 PO_A Loss:1.1889	;
[2022-12-12 04:10:20,318][bmrc_v4.py][line:1576][INFO] Epoch:[2/40]	 Batch:[380/460]	 Loss Sum:2.2427	 S_A Loss:0.3392;S_O Loss:0.6247	 A_O Loss:0.2331;O_A Loss:0.3796	 AO_P Loss:0.0686	;	 PA_O Loss:0.2646	;	 PO_A Loss:0.3328	;
[2022-12-12 04:10:25,320][bmrc_v4.py][line:1576][INFO] Epoch:[2/40]	 Batch:[390/460]	 Loss Sum:4.8274	 S_A Loss:0.8537;S_O Loss:1.1967	 A_O Loss:0.648;O_A Loss:0.5073	 AO_P Loss:0.1507	;	 PA_O Loss:0.8987	;	 PO_A Loss:0.5722	;
[2022-12-12 04:10:30,403][bmrc_v4.py][line:1576][INFO] Epoch:[2/40]	 Batch:[400/460]	 Loss Sum:3.254	 S_A Loss:0.3083;S_O Loss:0.8691	 A_O Loss:0.6035;O_A Loss:0.3062	 AO_P Loss:0.2024	;	 PA_O Loss:0.6758	;	 PO_A Loss:0.2885	;
[2022-12-12 04:10:35,387][bmrc_v4.py][line:1576][INFO] Epoch:[2/40]	 Batch:[410/460]	 Loss Sum:7.7808	 S_A Loss:0.7559;S_O Loss:1.3091	 A_O Loss:1.3461;O_A Loss:0.8044	 AO_P Loss:0.6359	;	 PA_O Loss:2.1352	;	 PO_A Loss:0.7942	;
[2022-12-12 04:10:40,467][bmrc_v4.py][line:1576][INFO] Epoch:[2/40]	 Batch:[420/460]	 Loss Sum:3.6266	 S_A Loss:0.7332;S_O Loss:0.643	 A_O Loss:0.5717;O_A Loss:0.5694	 AO_P Loss:0.3647	;	 PA_O Loss:0.4309	;	 PO_A Loss:0.3138	;
[2022-12-12 04:10:45,521][bmrc_v4.py][line:1576][INFO] Epoch:[2/40]	 Batch:[430/460]	 Loss Sum:1.3467	 S_A Loss:0.2615;S_O Loss:0.1741	 A_O Loss:0.2299;O_A Loss:0.0879	 AO_P Loss:0.2306	;	 PA_O Loss:0.2278	;	 PO_A Loss:0.1349	;
[2022-12-12 04:10:50,498][bmrc_v4.py][line:1576][INFO] Epoch:[2/40]	 Batch:[440/460]	 Loss Sum:6.7573	 S_A Loss:1.2051;S_O Loss:0.8286	 A_O Loss:1.2414;O_A Loss:1.1267	 AO_P Loss:0.3818	;	 PA_O Loss:0.9855	;	 PO_A Loss:0.9882	;
[2022-12-12 04:10:55,572][bmrc_v4.py][line:1576][INFO] Epoch:[2/40]	 Batch:[450/460]	 Loss Sum:4.8494	 S_A Loss:0.9929;S_O Loss:0.6726	 A_O Loss:0.8618;O_A Loss:0.7346	 AO_P Loss:0.1489	;	 PA_O Loss:0.6575	;	 PO_A Loss:0.7811	;
[2022-12-12 04:11:00,648][bmrc_v4.py][line:1576][INFO] Epoch:[2/40]	 Batch:[460/460]	 Loss Sum:12.1889	 S_A Loss:1.5052;S_O Loss:1.8938	 A_O Loss:2.3494;O_A Loss:1.8437	 AO_P Loss:0.3617	;	 PA_O Loss:2.2802	;	 PO_A Loss:1.9549	;
[2022-12-12 04:11:00,648][bmrc_v4.py][line:1597][INFO] dev
[2022-12-12 04:11:37,106][bmrc_v4.py][line:1319][INFO] Triplet - Precision: 0.3159090901911157	Recall: 0.4124629067879439	F1: 0.357785865652316
[2022-12-12 04:11:37,106][bmrc_v4.py][line:1324][INFO] Triplet - Precision_2: 0.3710801387263412	Recall: 0.6320474758692953	F1: 0.46761753500921843
[2022-12-12 04:11:37,106][bmrc_v4.py][line:1329][INFO] Triplet - Precision_3: 0.3099173547315757	Recall: 0.44510385624598264	F1: 0.3654075541167852
[2022-12-12 04:11:37,106][bmrc_v4.py][line:1334][INFO] Aspect - Precision: 0.6345514929084668	Recall: 0.6845878111663519	F1: 0.6586201881038268
[2022-12-12 04:11:37,106][bmrc_v4.py][line:1339][INFO] Opinion - Precision: 0.6928104552522534	Recall: 0.6290801168276554	F1: 0.6594085193292426
[2022-12-12 04:11:37,106][bmrc_v4.py][line:1347][INFO] Aspect-Sentiment - Precision: 0.5116279052769838	Recall: 0.5519713241864828	F1: 0.5310339816473185
[2022-12-12 04:11:37,106][bmrc_v4.py][line:1355][INFO] Aspect-Opinion - Precision: 0.39090909002066115	Recall: 0.5103857551620601	F1: 0.4427279503756305
[2022-12-12 04:11:37,106][bmrc_v4.py][line:1607][INFO] test
[2022-12-12 04:12:25,395][bmrc_v4.py][line:1319][INFO] Triplet - Precision: 0.3433098585505108	Recall: 0.39795918286130777	F1: 0.36861953982864454
[2022-12-12 04:12:25,395][bmrc_v4.py][line:1324][INFO] Triplet - Precision_2: 0.4586255253034705	Recall: 0.6673469374135776	F1: 0.5436404140332326
[2022-12-12 04:12:25,395][bmrc_v4.py][line:1329][INFO] Triplet - Precision_3: 0.33816425066318156	Recall: 0.428571427696793	F1: 0.37803731005208024
[2022-12-12 04:12:25,395][bmrc_v4.py][line:1334][INFO] Aspect - Precision: 0.6356783903626171	Recall: 0.6052631564467389	F1: 0.6200975379966062
[2022-12-12 04:12:25,395][bmrc_v4.py][line:1339][INFO] Opinion - Precision: 0.7499999982311321	Recall: 0.6489795905122866	F1: 0.6958419518507356
[2022-12-12 04:12:25,395][bmrc_v4.py][line:1347][INFO] Aspect-Sentiment - Precision: 0.5125628127825055	Recall: 0.48803827634440605	F1: 0.4999994990753745
[2022-12-12 04:12:25,395][bmrc_v4.py][line:1355][INFO] Aspect-Opinion - Precision: 0.4190140837693414	Recall: 0.4857142847230321	F1: 0.44990498390926925
[2022-12-12 04:12:25,395][bmrc_v4.py][line:1618][INFO] Model saved after epoch 2
[2022-12-12 04:12:27,696][bmrc_v4.py][line:1461][INFO] train
[2022-12-12 04:12:33,470][bmrc_v4.py][line:1576][INFO] Epoch:[3/40]	 Batch:[10/460]	 Loss Sum:3.2376	 S_A Loss:0.5737;S_O Loss:0.7295	 A_O Loss:0.5049;O_A Loss:0.4412	 AO_P Loss:0.0753	;	 PA_O Loss:0.5788	;	 PO_A Loss:0.3341	;
[2022-12-12 04:12:38,820][bmrc_v4.py][line:1576][INFO] Epoch:[3/40]	 Batch:[20/460]	 Loss Sum:8.2302	 S_A Loss:0.5461;S_O Loss:1.3552	 A_O Loss:2.0795;O_A Loss:0.8367	 AO_P Loss:0.7181	;	 PA_O Loss:1.7596	;	 PO_A Loss:0.9349	;
[2022-12-12 04:12:44,195][bmrc_v4.py][line:1576][INFO] Epoch:[3/40]	 Batch:[30/460]	 Loss Sum:9.2723	 S_A Loss:2.0015;S_O Loss:0.5296	 A_O Loss:1.0313;O_A Loss:2.2062	 AO_P Loss:0.1944	;	 PA_O Loss:1.123	;	 PO_A Loss:2.1862	;
[2022-12-12 04:12:49,594][bmrc_v4.py][line:1576][INFO] Epoch:[3/40]	 Batch:[40/460]	 Loss Sum:13.6862	 S_A Loss:1.181;S_O Loss:0.7542	 A_O Loss:2.8534;O_A Loss:2.6948	 AO_P Loss:1.272	;	 PA_O Loss:2.5255	;	 PO_A Loss:2.4052	;
[2022-12-12 04:12:55,011][bmrc_v4.py][line:1576][INFO] Epoch:[3/40]	 Batch:[50/460]	 Loss Sum:5.5801	 S_A Loss:1.0107;S_O Loss:0.9115	 A_O Loss:0.7561;O_A Loss:0.8716	 AO_P Loss:0.1695	;	 PA_O Loss:0.6236	;	 PO_A Loss:1.2371	;
[2022-12-12 04:13:00,425][bmrc_v4.py][line:1576][INFO] Epoch:[3/40]	 Batch:[60/460]	 Loss Sum:4.5566	 S_A Loss:0.2887;S_O Loss:1.256	 A_O Loss:1.1876;O_A Loss:0.2299	 AO_P Loss:0.4451	;	 PA_O Loss:0.8421	;	 PO_A Loss:0.3071	;
[2022-12-12 04:13:05,833][bmrc_v4.py][line:1576][INFO] Epoch:[3/40]	 Batch:[70/460]	 Loss Sum:8.8881	 S_A Loss:0.9856;S_O Loss:2.0283	 A_O Loss:1.6524;O_A Loss:0.941	 AO_P Loss:0.4979	;	 PA_O Loss:1.1996	;	 PO_A Loss:1.5833	;
[2022-12-12 04:13:11,200][bmrc_v4.py][line:1576][INFO] Epoch:[3/40]	 Batch:[80/460]	 Loss Sum:3.8352	 S_A Loss:0.4754;S_O Loss:1.1077	 A_O Loss:0.6877;O_A Loss:0.2915	 AO_P Loss:0.2518	;	 PA_O Loss:0.73	;	 PO_A Loss:0.2912	;
[2022-12-12 04:13:16,633][bmrc_v4.py][line:1576][INFO] Epoch:[3/40]	 Batch:[90/460]	 Loss Sum:17.3897	 S_A Loss:1.8688;S_O Loss:3.4166	 A_O Loss:3.849;O_A Loss:2.0324	 AO_P Loss:0.3359	;	 PA_O Loss:4.0992	;	 PO_A Loss:1.7878	;
[2022-12-12 04:13:22,083][bmrc_v4.py][line:1576][INFO] Epoch:[3/40]	 Batch:[100/460]	 Loss Sum:5.5874	 S_A Loss:0.728;S_O Loss:1.6891	 A_O Loss:0.8255;O_A Loss:0.5381	 AO_P Loss:0.1523	;	 PA_O Loss:1.3524	;	 PO_A Loss:0.302	;
[2022-12-12 04:13:27,438][bmrc_v4.py][line:1576][INFO] Epoch:[3/40]	 Batch:[110/460]	 Loss Sum:5.571	 S_A Loss:1.2225;S_O Loss:1.2561	 A_O Loss:0.9516;O_A Loss:0.6751	 AO_P Loss:0.1306	;	 PA_O Loss:0.7541	;	 PO_A Loss:0.581	;
[2022-12-12 04:13:32,801][bmrc_v4.py][line:1576][INFO] Epoch:[3/40]	 Batch:[120/460]	 Loss Sum:9.0276	 S_A Loss:1.018;S_O Loss:1.146	 A_O Loss:1.5058;O_A Loss:2.0038	 AO_P Loss:0.2953	;	 PA_O Loss:1.2887	;	 PO_A Loss:1.7699	;
[2022-12-12 04:13:38,176][bmrc_v4.py][line:1576][INFO] Epoch:[3/40]	 Batch:[130/460]	 Loss Sum:1.6102	 S_A Loss:0.3405;S_O Loss:0.5016	 A_O Loss:0.1831;O_A Loss:0.1213	 AO_P Loss:0.0731	;	 PA_O Loss:0.2553	;	 PO_A Loss:0.1353	;
[2022-12-12 04:13:43,624][bmrc_v4.py][line:1576][INFO] Epoch:[3/40]	 Batch:[140/460]	 Loss Sum:4.8409	 S_A Loss:1.4397;S_O Loss:0.7761	 A_O Loss:0.8251;O_A Loss:0.3878	 AO_P Loss:0.1683	;	 PA_O Loss:0.8238	;	 PO_A Loss:0.4201	;
[2022-12-12 04:13:49,041][bmrc_v4.py][line:1576][INFO] Epoch:[3/40]	 Batch:[150/460]	 Loss Sum:0.5119	 S_A Loss:0.0417;S_O Loss:0.0828	 A_O Loss:0.0758;O_A Loss:0.0645	 AO_P Loss:0.0724	;	 PA_O Loss:0.0568	;	 PO_A Loss:0.1178	;
[2022-12-12 04:13:54,446][bmrc_v4.py][line:1576][INFO] Epoch:[3/40]	 Batch:[160/460]	 Loss Sum:6.0555	 S_A Loss:0.8123;S_O Loss:0.6898	 A_O Loss:0.5293;O_A Loss:0.9665	 AO_P Loss:0.4655	;	 PA_O Loss:0.6144	;	 PO_A Loss:1.9776	;
[2022-12-12 04:13:59,857][bmrc_v4.py][line:1576][INFO] Epoch:[3/40]	 Batch:[170/460]	 Loss Sum:4.6075	 S_A Loss:0.864;S_O Loss:0.5205	 A_O Loss:0.71;O_A Loss:0.651	 AO_P Loss:0.3092	;	 PA_O Loss:1.0538	;	 PO_A Loss:0.4989	;
[2022-12-12 04:14:05,283][bmrc_v4.py][line:1576][INFO] Epoch:[3/40]	 Batch:[180/460]	 Loss Sum:8.4794	 S_A Loss:1.2867;S_O Loss:1.0559	 A_O Loss:1.1069;O_A Loss:1.3433	 AO_P Loss:0.2068	;	 PA_O Loss:2.6937	;	 PO_A Loss:0.786	;
[2022-12-12 04:14:10,725][bmrc_v4.py][line:1576][INFO] Epoch:[3/40]	 Batch:[190/460]	 Loss Sum:9.3357	 S_A Loss:1.885;S_O Loss:1.6357	 A_O Loss:1.1898;O_A Loss:1.852	 AO_P Loss:0.0902	;	 PA_O Loss:1.3972	;	 PO_A Loss:1.2859	;
[2022-12-12 04:14:16,109][bmrc_v4.py][line:1576][INFO] Epoch:[3/40]	 Batch:[200/460]	 Loss Sum:2.5631	 S_A Loss:0.3507;S_O Loss:0.1352	 A_O Loss:0.1227;O_A Loss:1.2528	 AO_P Loss:0.0346	;	 PA_O Loss:0.117	;	 PO_A Loss:0.55	;
[2022-12-12 04:14:21,538][bmrc_v4.py][line:1576][INFO] Epoch:[3/40]	 Batch:[210/460]	 Loss Sum:4.4202	 S_A Loss:0.7978;S_O Loss:1.3561	 A_O Loss:0.2864;O_A Loss:0.8216	 AO_P Loss:0.1793	;	 PA_O Loss:0.2167	;	 PO_A Loss:0.7623	;
[2022-12-12 04:14:26,972][bmrc_v4.py][line:1576][INFO] Epoch:[3/40]	 Batch:[220/460]	 Loss Sum:3.1542	 S_A Loss:0.547;S_O Loss:0.306	 A_O Loss:0.1866;O_A Loss:0.8484	 AO_P Loss:0.2132	;	 PA_O Loss:0.1957	;	 PO_A Loss:0.8574	;
[2022-12-12 04:14:32,476][bmrc_v4.py][line:1576][INFO] Epoch:[3/40]	 Batch:[230/460]	 Loss Sum:5.9392	 S_A Loss:0.4122;S_O Loss:1.2485	 A_O Loss:1.3194;O_A Loss:0.5787	 AO_P Loss:0.5208	;	 PA_O Loss:1.2485	;	 PO_A Loss:0.6111	;
[2022-12-12 04:14:37,939][bmrc_v4.py][line:1576][INFO] Epoch:[3/40]	 Batch:[240/460]	 Loss Sum:2.06	 S_A Loss:0.4205;S_O Loss:0.3538	 A_O Loss:0.192;O_A Loss:0.1462	 AO_P Loss:0.4471	;	 PA_O Loss:0.3604	;	 PO_A Loss:0.1398	;
[2022-12-12 04:14:43,387][bmrc_v4.py][line:1576][INFO] Epoch:[3/40]	 Batch:[250/460]	 Loss Sum:8.0561	 S_A Loss:1.2339;S_O Loss:1.904	 A_O Loss:1.2224;O_A Loss:0.5979	 AO_P Loss:0.5559	;	 PA_O Loss:1.2194	;	 PO_A Loss:1.3224	;
[2022-12-12 04:14:48,832][bmrc_v4.py][line:1576][INFO] Epoch:[3/40]	 Batch:[260/460]	 Loss Sum:15.4665	 S_A Loss:2.2382;S_O Loss:3.6044	 A_O Loss:2.3218;O_A Loss:2.2784	 AO_P Loss:0.3852	;	 PA_O Loss:1.6542	;	 PO_A Loss:2.9842	;
[2022-12-12 04:14:54,337][bmrc_v4.py][line:1576][INFO] Epoch:[3/40]	 Batch:[270/460]	 Loss Sum:6.7385	 S_A Loss:0.9173;S_O Loss:1.985	 A_O Loss:1.063;O_A Loss:0.6385	 AO_P Loss:0.2774	;	 PA_O Loss:1.1552	;	 PO_A Loss:0.7021	;
[2022-12-12 04:14:59,903][bmrc_v4.py][line:1576][INFO] Epoch:[3/40]	 Batch:[280/460]	 Loss Sum:5.6462	 S_A Loss:0.5367;S_O Loss:0.8633	 A_O Loss:0.9748;O_A Loss:1.1173	 AO_P Loss:0.0862	;	 PA_O Loss:0.8051	;	 PO_A Loss:1.2627	;
[2022-12-12 04:15:05,443][bmrc_v4.py][line:1576][INFO] Epoch:[3/40]	 Batch:[290/460]	 Loss Sum:5.2338	 S_A Loss:1.2821;S_O Loss:0.1396	 A_O Loss:0.1504;O_A Loss:1.5469	 AO_P Loss:0.0861	;	 PA_O Loss:0.2855	;	 PO_A Loss:1.7432	;
[2022-12-12 04:15:10,945][bmrc_v4.py][line:1576][INFO] Epoch:[3/40]	 Batch:[300/460]	 Loss Sum:1.6706	 S_A Loss:0.1962;S_O Loss:0.5946	 A_O Loss:0.1776;O_A Loss:0.1539	 AO_P Loss:0.0649	;	 PA_O Loss:0.3576	;	 PO_A Loss:0.1259	;
[2022-12-12 04:15:16,436][bmrc_v4.py][line:1576][INFO] Epoch:[3/40]	 Batch:[310/460]	 Loss Sum:5.6518	 S_A Loss:0.8841;S_O Loss:0.7108	 A_O Loss:0.6168;O_A Loss:0.7476	 AO_P Loss:0.162	;	 PA_O Loss:0.7022	;	 PO_A Loss:1.8284	;
[2022-12-12 04:15:22,006][bmrc_v4.py][line:1576][INFO] Epoch:[3/40]	 Batch:[320/460]	 Loss Sum:3.9541	 S_A Loss:0.8489;S_O Loss:0.6006	 A_O Loss:0.3515;O_A Loss:0.6733	 AO_P Loss:0.0484	;	 PA_O Loss:0.5611	;	 PO_A Loss:0.8702	;
[2022-12-12 04:15:27,550][bmrc_v4.py][line:1576][INFO] Epoch:[3/40]	 Batch:[330/460]	 Loss Sum:9.5018	 S_A Loss:1.6522;S_O Loss:0.6524	 A_O Loss:1.4049;O_A Loss:2.0793	 AO_P Loss:0.5415	;	 PA_O Loss:0.9961	;	 PO_A Loss:2.1754	;
[2022-12-12 04:15:33,116][bmrc_v4.py][line:1576][INFO] Epoch:[3/40]	 Batch:[340/460]	 Loss Sum:5.646	 S_A Loss:0.7683;S_O Loss:1.0087	 A_O Loss:1.003;O_A Loss:0.9663	 AO_P Loss:0.1921	;	 PA_O Loss:1.3205	;	 PO_A Loss:0.3871	;
[2022-12-12 04:15:38,679][bmrc_v4.py][line:1576][INFO] Epoch:[3/40]	 Batch:[350/460]	 Loss Sum:12.4562	 S_A Loss:1.3383;S_O Loss:1.6183	 A_O Loss:1.4835;O_A Loss:3.9387	 AO_P Loss:0.2741	;	 PA_O Loss:1.5643	;	 PO_A Loss:2.2389	;
[2022-12-12 04:15:44,302][bmrc_v4.py][line:1576][INFO] Epoch:[3/40]	 Batch:[360/460]	 Loss Sum:6.93	 S_A Loss:1.2935;S_O Loss:1.3066	 A_O Loss:0.8963;O_A Loss:1.1808	 AO_P Loss:0.3394	;	 PA_O Loss:0.8284	;	 PO_A Loss:1.0849	;
[2022-12-12 04:15:50,215][bmrc_v4.py][line:1576][INFO] Epoch:[3/40]	 Batch:[370/460]	 Loss Sum:1.3043	 S_A Loss:0.1143;S_O Loss:0.2083	 A_O Loss:0.1153;O_A Loss:0.1237	 AO_P Loss:0.5639	;	 PA_O Loss:0.107	;	 PO_A Loss:0.0717	;
[2022-12-12 04:15:56,157][bmrc_v4.py][line:1576][INFO] Epoch:[3/40]	 Batch:[380/460]	 Loss Sum:4.8977	 S_A Loss:0.4745;S_O Loss:0.7948	 A_O Loss:0.315;O_A Loss:1.1995	 AO_P Loss:0.164	;	 PA_O Loss:0.6322	;	 PO_A Loss:1.3177	;
[2022-12-12 04:16:02,013][bmrc_v4.py][line:1576][INFO] Epoch:[3/40]	 Batch:[390/460]	 Loss Sum:4.2753	 S_A Loss:0.8245;S_O Loss:0.7738	 A_O Loss:0.841;O_A Loss:0.5477	 AO_P Loss:0.084	;	 PA_O Loss:0.8173	;	 PO_A Loss:0.3869	;
[2022-12-12 04:16:08,021][bmrc_v4.py][line:1576][INFO] Epoch:[3/40]	 Batch:[400/460]	 Loss Sum:4.5826	 S_A Loss:0.473;S_O Loss:1.0059	 A_O Loss:0.6579;O_A Loss:0.7926	 AO_P Loss:0.0239	;	 PA_O Loss:0.772	;	 PO_A Loss:0.8572	;
[2022-12-12 04:16:13,884][bmrc_v4.py][line:1576][INFO] Epoch:[3/40]	 Batch:[410/460]	 Loss Sum:2.1517	 S_A Loss:0.575;S_O Loss:0.1092	 A_O Loss:0.0769;O_A Loss:0.5042	 AO_P Loss:0.2453	;	 PA_O Loss:0.128	;	 PO_A Loss:0.5131	;
[2022-12-12 04:16:19,750][bmrc_v4.py][line:1576][INFO] Epoch:[3/40]	 Batch:[420/460]	 Loss Sum:4.2405	 S_A Loss:0.3874;S_O Loss:1.2317	 A_O Loss:0.8752;O_A Loss:0.4085	 AO_P Loss:0.1781	;	 PA_O Loss:0.7091	;	 PO_A Loss:0.4506	;
[2022-12-12 04:16:25,558][bmrc_v4.py][line:1576][INFO] Epoch:[3/40]	 Batch:[430/460]	 Loss Sum:3.3412	 S_A Loss:0.699;S_O Loss:0.3272	 A_O Loss:0.229;O_A Loss:0.8754	 AO_P Loss:0.1378	;	 PA_O Loss:0.1059	;	 PO_A Loss:0.9668	;
[2022-12-12 04:16:31,769][bmrc_v4.py][line:1576][INFO] Epoch:[3/40]	 Batch:[440/460]	 Loss Sum:0.5118	 S_A Loss:0.0333;S_O Loss:0.1312	 A_O Loss:0.089;O_A Loss:0.1213	 AO_P Loss:0.0194	;	 PA_O Loss:0.0459	;	 PO_A Loss:0.0716	;
[2022-12-12 04:16:37,723][bmrc_v4.py][line:1576][INFO] Epoch:[3/40]	 Batch:[450/460]	 Loss Sum:1.7781	 S_A Loss:0.5407;S_O Loss:0.2091	 A_O Loss:0.0666;O_A Loss:0.5034	 AO_P Loss:0.0187	;	 PA_O Loss:0.0666	;	 PO_A Loss:0.3729	;
[2022-12-12 04:16:43,541][bmrc_v4.py][line:1576][INFO] Epoch:[3/40]	 Batch:[460/460]	 Loss Sum:5.6957	 S_A Loss:0.9781;S_O Loss:0.6467	 A_O Loss:0.5727;O_A Loss:1.6388	 AO_P Loss:0.0181	;	 PA_O Loss:0.4908	;	 PO_A Loss:1.3505	;
[2022-12-12 04:16:43,542][bmrc_v4.py][line:1597][INFO] dev
[2022-12-12 04:17:28,682][bmrc_v4.py][line:1319][INFO] Triplet - Precision: 0.5082508234051129	Recall: 0.45697329241254214	F1: 0.4812494999077431
[2022-12-12 04:17:28,682][bmrc_v4.py][line:1324][INFO] Triplet - Precision_2: 0.5294117629757785	Recall: 0.48071216474566125	F1: 0.5038875244787245
[2022-12-12 04:17:28,682][bmrc_v4.py][line:1329][INFO] Triplet - Precision_3: 0.4908536570400803	Recall: 0.47774480570402134	F1: 0.4842100249516157
[2022-12-12 04:17:28,682][bmrc_v4.py][line:1334][INFO] Aspect - Precision: 0.7469879488072774	Recall: 0.6666666642771805	F1: 0.7045449534912273
[2022-12-12 04:17:28,683][bmrc_v4.py][line:1339][INFO] Opinion - Precision: 0.7604562708727899	Recall: 0.5934718083279769	F1: 0.6666661720503637
[2022-12-12 04:17:28,683][bmrc_v4.py][line:1347][INFO] Aspect-Sentiment - Precision: 0.6345381500620958	Recall: 0.5663082416978199	F1: 0.5984843478324284
[2022-12-12 04:17:28,683][bmrc_v4.py][line:1355][INFO] Aspect-Opinion - Precision: 0.5808580838915575	Recall: 0.5222551913286196	F1: 0.5499994996928349
[2022-12-12 04:17:28,686][bmrc_v4.py][line:1607][INFO] test
[2022-12-12 04:18:30,451][bmrc_v4.py][line:1319][INFO] Triplet - Precision: 0.5427872847364614	Recall: 0.4530612235651812	F1: 0.4938815941732347
[2022-12-12 04:18:30,451][bmrc_v4.py][line:1324][INFO] Triplet - Precision_2: 0.62249999844375	Recall: 0.5081632642690546	F1: 0.5595500656537643
[2022-12-12 04:18:30,451][bmrc_v4.py][line:1329][INFO] Triplet - Precision_3: 0.5355450224276185	Recall: 0.4612244888546439	F1: 0.49561353678104675
[2022-12-12 04:18:30,451][bmrc_v4.py][line:1334][INFO] Aspect - Precision: 0.7859237513609274	Recall: 0.641148323825004	F1: 0.7061918616517464
[2022-12-12 04:18:30,451][bmrc_v4.py][line:1339][INFO] Opinion - Precision: 0.8272980478348244	Recall: 0.6061224477426073	F1: 0.6996461533658325
[2022-12-12 04:18:30,451][bmrc_v4.py][line:1347][INFO] Aspect-Sentiment - Precision: 0.645161288430612	Recall: 0.5263157882145555	F1: 0.5797096485463734
[2022-12-12 04:18:30,451][bmrc_v4.py][line:1355][INFO] Aspect-Opinion - Precision: 0.643031783268871	Recall: 0.5367346927821741	F1: 0.5850940522572229
[2022-12-12 04:18:30,451][bmrc_v4.py][line:1618][INFO] Model saved after epoch 3
[2022-12-12 04:18:32,838][bmrc_v4.py][line:1461][INFO] train
[2022-12-12 04:18:38,388][bmrc_v4.py][line:1576][INFO] Epoch:[4/40]	 Batch:[10/460]	 Loss Sum:5.4421	 S_A Loss:1.4595;S_O Loss:0.9095	 A_O Loss:0.4479;O_A Loss:0.9947	 AO_P Loss:0.1589	;	 PA_O Loss:0.4649	;	 PO_A Loss:1.0067	;
[2022-12-12 04:18:43,702][bmrc_v4.py][line:1576][INFO] Epoch:[4/40]	 Batch:[20/460]	 Loss Sum:6.0697	 S_A Loss:1.155;S_O Loss:1.9019	 A_O Loss:0.7101;O_A Loss:0.7764	 AO_P Loss:0.0813	;	 PA_O Loss:1.0096	;	 PO_A Loss:0.4354	;
[2022-12-12 04:18:49,088][bmrc_v4.py][line:1576][INFO] Epoch:[4/40]	 Batch:[30/460]	 Loss Sum:5.3084	 S_A Loss:1.2221;S_O Loss:1.0874	 A_O Loss:0.8771;O_A Loss:0.6951	 AO_P Loss:0.1343	;	 PA_O Loss:0.7427	;	 PO_A Loss:0.5498	;
[2022-12-12 04:18:54,673][bmrc_v4.py][line:1576][INFO] Epoch:[4/40]	 Batch:[40/460]	 Loss Sum:9.0123	 S_A Loss:0.8937;S_O Loss:1.0148	 A_O Loss:1.6233;O_A Loss:1.7998	 AO_P Loss:0.1722	;	 PA_O Loss:1.2386	;	 PO_A Loss:2.2698	;
[2022-12-12 04:19:00,315][bmrc_v4.py][line:1576][INFO] Epoch:[4/40]	 Batch:[50/460]	 Loss Sum:1.693	 S_A Loss:0.063;S_O Loss:0.2756	 A_O Loss:0.3227;O_A Loss:0.1652	 AO_P Loss:0.3133	;	 PA_O Loss:0.3516	;	 PO_A Loss:0.2015	;
[2022-12-12 04:19:05,867][bmrc_v4.py][line:1576][INFO] Epoch:[4/40]	 Batch:[60/460]	 Loss Sum:1.7569	 S_A Loss:0.3977;S_O Loss:0.3036	 A_O Loss:0.2858;O_A Loss:0.3272	 AO_P Loss:0.1121	;	 PA_O Loss:0.0769	;	 PO_A Loss:0.2536	;
[2022-12-12 04:19:11,464][bmrc_v4.py][line:1576][INFO] Epoch:[4/40]	 Batch:[70/460]	 Loss Sum:2.1575	 S_A Loss:0.7986;S_O Loss:0.0223	 A_O Loss:0.0349;O_A Loss:0.5552	 AO_P Loss:0.0209	;	 PA_O Loss:0.0583	;	 PO_A Loss:0.6673	;
[2022-12-12 04:19:17,113][bmrc_v4.py][line:1576][INFO] Epoch:[4/40]	 Batch:[80/460]	 Loss Sum:4.0996	 S_A Loss:1.0947;S_O Loss:0.6091	 A_O Loss:0.4981;O_A Loss:0.9061	 AO_P Loss:0.0277	;	 PA_O Loss:0.4735	;	 PO_A Loss:0.4903	;
[2022-12-12 04:19:22,790][bmrc_v4.py][line:1576][INFO] Epoch:[4/40]	 Batch:[90/460]	 Loss Sum:2.4228	 S_A Loss:0.3217;S_O Loss:0.1256	 A_O Loss:0.2213;O_A Loss:0.8924	 AO_P Loss:0.0174	;	 PA_O Loss:0.1645	;	 PO_A Loss:0.6799	;
[2022-12-12 04:19:28,450][bmrc_v4.py][line:1576][INFO] Epoch:[4/40]	 Batch:[100/460]	 Loss Sum:2.6274	 S_A Loss:0.1856;S_O Loss:1.0112	 A_O Loss:0.4412;O_A Loss:0.1798	 AO_P Loss:0.3816	;	 PA_O Loss:0.3612	;	 PO_A Loss:0.0667	;
[2022-12-12 04:19:34,142][bmrc_v4.py][line:1576][INFO] Epoch:[4/40]	 Batch:[110/460]	 Loss Sum:0.2698	 S_A Loss:0.0248;S_O Loss:0.0564	 A_O Loss:0.0268;O_A Loss:0.0234	 AO_P Loss:0.0328	;	 PA_O Loss:0.0807	;	 PO_A Loss:0.025	;
[2022-12-12 04:19:39,694][bmrc_v4.py][line:1576][INFO] Epoch:[4/40]	 Batch:[120/460]	 Loss Sum:2.8307	 S_A Loss:0.4668;S_O Loss:0.4262	 A_O Loss:0.244;O_A Loss:0.4829	 AO_P Loss:0.4931	;	 PA_O Loss:0.3853	;	 PO_A Loss:0.3323	;
[2022-12-12 04:19:45,438][bmrc_v4.py][line:1576][INFO] Epoch:[4/40]	 Batch:[130/460]	 Loss Sum:4.3059	 S_A Loss:0.3847;S_O Loss:1.0787	 A_O Loss:0.9594;O_A Loss:0.191	 AO_P Loss:0.0159	;	 PA_O Loss:1.023	;	 PO_A Loss:0.6532	;
[2022-12-12 04:19:51,112][bmrc_v4.py][line:1576][INFO] Epoch:[4/40]	 Batch:[140/460]	 Loss Sum:2.4409	 S_A Loss:0.4933;S_O Loss:0.4094	 A_O Loss:0.2383;O_A Loss:0.4295	 AO_P Loss:0.2509	;	 PA_O Loss:0.3479	;	 PO_A Loss:0.2716	;
[2022-12-12 04:19:56,819][bmrc_v4.py][line:1576][INFO] Epoch:[4/40]	 Batch:[150/460]	 Loss Sum:7.1526	 S_A Loss:1.4975;S_O Loss:0.5695	 A_O Loss:1.4274;O_A Loss:0.5189	 AO_P Loss:0.0951	;	 PA_O Loss:1.7086	;	 PO_A Loss:1.3356	;
[2022-12-12 04:20:02,498][bmrc_v4.py][line:1576][INFO] Epoch:[4/40]	 Batch:[160/460]	 Loss Sum:3.3539	 S_A Loss:0.6347;S_O Loss:0.5578	 A_O Loss:0.4148;O_A Loss:0.5596	 AO_P Loss:0.0454	;	 PA_O Loss:0.5493	;	 PO_A Loss:0.5923	;
[2022-12-12 04:20:08,366][bmrc_v4.py][line:1576][INFO] Epoch:[4/40]	 Batch:[170/460]	 Loss Sum:12.248	 S_A Loss:1.9811;S_O Loss:1.8201	 A_O Loss:2.0353;O_A Loss:1.8669	 AO_P Loss:0.4264	;	 PA_O Loss:2.5269	;	 PO_A Loss:1.5912	;
[2022-12-12 04:20:13,979][bmrc_v4.py][line:1576][INFO] Epoch:[4/40]	 Batch:[180/460]	 Loss Sum:2.9311	 S_A Loss:0.7102;S_O Loss:0.1343	 A_O Loss:0.0409;O_A Loss:0.769	 AO_P Loss:0.0258	;	 PA_O Loss:0.068	;	 PO_A Loss:1.1828	;
[2022-12-12 04:20:19,675][bmrc_v4.py][line:1576][INFO] Epoch:[4/40]	 Batch:[190/460]	 Loss Sum:9.558	 S_A Loss:0.8716;S_O Loss:1.6417	 A_O Loss:2.1267;O_A Loss:1.1312	 AO_P Loss:0.3586	;	 PA_O Loss:1.9083	;	 PO_A Loss:1.5199	;
[2022-12-12 04:20:25,369][bmrc_v4.py][line:1576][INFO] Epoch:[4/40]	 Batch:[200/460]	 Loss Sum:8.3491	 S_A Loss:0.1916;S_O Loss:1.3627	 A_O Loss:1.859;O_A Loss:1.7387	 AO_P Loss:0.0621	;	 PA_O Loss:1.3924	;	 PO_A Loss:1.7427	;
[2022-12-12 04:20:31,207][bmrc_v4.py][line:1576][INFO] Epoch:[4/40]	 Batch:[210/460]	 Loss Sum:5.2017	 S_A Loss:0.2364;S_O Loss:1.6194	 A_O Loss:1.0179;O_A Loss:0.5556	 AO_P Loss:0.0315	;	 PA_O Loss:1.5013	;	 PO_A Loss:0.2395	;
[2022-12-12 04:20:36,870][bmrc_v4.py][line:1576][INFO] Epoch:[4/40]	 Batch:[220/460]	 Loss Sum:5.5897	 S_A Loss:0.7886;S_O Loss:0.589	 A_O Loss:1.691;O_A Loss:0.575	 AO_P Loss:0.3533	;	 PA_O Loss:1.2345	;	 PO_A Loss:0.3584	;
[2022-12-12 04:20:42,697][bmrc_v4.py][line:1576][INFO] Epoch:[4/40]	 Batch:[230/460]	 Loss Sum:4.9306	 S_A Loss:0.5127;S_O Loss:1.156	 A_O Loss:1.2524;O_A Loss:0.3326	 AO_P Loss:0.3932	;	 PA_O Loss:0.8285	;	 PO_A Loss:0.4552	;
[2022-12-12 04:20:48,811][bmrc_v4.py][line:1576][INFO] Epoch:[4/40]	 Batch:[240/460]	 Loss Sum:2.9906	 S_A Loss:0.7611;S_O Loss:0.3955	 A_O Loss:0.2356;O_A Loss:0.456	 AO_P Loss:0.5784	;	 PA_O Loss:0.1929	;	 PO_A Loss:0.3711	;
[2022-12-12 04:20:54,806][bmrc_v4.py][line:1576][INFO] Epoch:[4/40]	 Batch:[250/460]	 Loss Sum:3.5277	 S_A Loss:0.1911;S_O Loss:0.5456	 A_O Loss:0.7934;O_A Loss:0.4309	 AO_P Loss:0.13	;	 PA_O Loss:0.7916	;	 PO_A Loss:0.6453	;
[2022-12-12 04:21:00,605][bmrc_v4.py][line:1576][INFO] Epoch:[4/40]	 Batch:[260/460]	 Loss Sum:14.9417	 S_A Loss:1.9032;S_O Loss:2.6561	 A_O Loss:3.0136;O_A Loss:0.9895	 AO_P Loss:0.079	;	 PA_O Loss:4.0887	;	 PO_A Loss:2.2115	;
[2022-12-12 04:21:06,408][bmrc_v4.py][line:1576][INFO] Epoch:[4/40]	 Batch:[270/460]	 Loss Sum:6.5668	 S_A Loss:0.7055;S_O Loss:0.7609	 A_O Loss:1.0248;O_A Loss:0.9598	 AO_P Loss:0.6962	;	 PA_O Loss:1.1212	;	 PO_A Loss:1.2984	;
[2022-12-12 04:21:12,179][bmrc_v4.py][line:1576][INFO] Epoch:[4/40]	 Batch:[280/460]	 Loss Sum:1.0879	 S_A Loss:0.2158;S_O Loss:0.4556	 A_O Loss:0.0439;O_A Loss:0.112	 AO_P Loss:0.0315	;	 PA_O Loss:0.0517	;	 PO_A Loss:0.1774	;
[2022-12-12 04:21:17,993][bmrc_v4.py][line:1576][INFO] Epoch:[4/40]	 Batch:[290/460]	 Loss Sum:3.3721	 S_A Loss:1.0048;S_O Loss:0.8219	 A_O Loss:0.1649;O_A Loss:0.3897	 AO_P Loss:0.2923	;	 PA_O Loss:0.2557	;	 PO_A Loss:0.4427	;
[2022-12-12 04:21:23,762][bmrc_v4.py][line:1576][INFO] Epoch:[4/40]	 Batch:[300/460]	 Loss Sum:3.5641	 S_A Loss:1.138;S_O Loss:0.3128	 A_O Loss:0.2863;O_A Loss:0.9085	 AO_P Loss:0.2724	;	 PA_O Loss:0.2228	;	 PO_A Loss:0.4233	;
[2022-12-12 04:21:29,523][bmrc_v4.py][line:1576][INFO] Epoch:[4/40]	 Batch:[310/460]	 Loss Sum:1.4516	 S_A Loss:0.205;S_O Loss:0.5183	 A_O Loss:0.0937;O_A Loss:0.2368	 AO_P Loss:0.1178	;	 PA_O Loss:0.098	;	 PO_A Loss:0.182	;
[2022-12-12 04:21:35,226][bmrc_v4.py][line:1576][INFO] Epoch:[4/40]	 Batch:[320/460]	 Loss Sum:4.3134	 S_A Loss:0.4772;S_O Loss:0.4549	 A_O Loss:0.7072;O_A Loss:0.7698	 AO_P Loss:0.0259	;	 PA_O Loss:1.0735	;	 PO_A Loss:0.8049	;
[2022-12-12 04:21:41,085][bmrc_v4.py][line:1576][INFO] Epoch:[4/40]	 Batch:[330/460]	 Loss Sum:2.186	 S_A Loss:0.5313;S_O Loss:0.1146	 A_O Loss:0.2441;O_A Loss:0.4962	 AO_P Loss:0.0201	;	 PA_O Loss:0.3441	;	 PO_A Loss:0.4355	;
[2022-12-12 04:21:47,053][bmrc_v4.py][line:1576][INFO] Epoch:[4/40]	 Batch:[340/460]	 Loss Sum:2.3864	 S_A Loss:0.608;S_O Loss:0.2444	 A_O Loss:0.2509;O_A Loss:0.4366	 AO_P Loss:0.0179	;	 PA_O Loss:0.0536	;	 PO_A Loss:0.775	;
[2022-12-12 04:21:52,922][bmrc_v4.py][line:1576][INFO] Epoch:[4/40]	 Batch:[350/460]	 Loss Sum:2.3854	 S_A Loss:0.8738;S_O Loss:0.4161	 A_O Loss:0.2376;O_A Loss:0.2939	 AO_P Loss:0.0813	;	 PA_O Loss:0.272	;	 PO_A Loss:0.2107	;
[2022-12-12 04:21:58,744][bmrc_v4.py][line:1576][INFO] Epoch:[4/40]	 Batch:[360/460]	 Loss Sum:7.6579	 S_A Loss:1.4017;S_O Loss:0.6331	 A_O Loss:1.0732;O_A Loss:1.7468	 AO_P Loss:0.0619	;	 PA_O Loss:0.7428	;	 PO_A Loss:1.9983	;
[2022-12-12 04:22:04,629][bmrc_v4.py][line:1576][INFO] Epoch:[4/40]	 Batch:[370/460]	 Loss Sum:6.151	 S_A Loss:0.7031;S_O Loss:0.5045	 A_O Loss:0.9095;O_A Loss:1.1761	 AO_P Loss:0.7629	;	 PA_O Loss:0.7798	;	 PO_A Loss:1.3152	;
[2022-12-12 04:22:10,598][bmrc_v4.py][line:1576][INFO] Epoch:[4/40]	 Batch:[380/460]	 Loss Sum:0.594	 S_A Loss:0.1055;S_O Loss:0.1061	 A_O Loss:0.0301;O_A Loss:0.0478	 AO_P Loss:0.0027	;	 PA_O Loss:0.0407	;	 PO_A Loss:0.2609	;
[2022-12-12 04:22:16,411][bmrc_v4.py][line:1576][INFO] Epoch:[4/40]	 Batch:[390/460]	 Loss Sum:2.7254	 S_A Loss:0.4036;S_O Loss:0.6018	 A_O Loss:0.6145;O_A Loss:0.2472	 AO_P Loss:0.0202	;	 PA_O Loss:0.5678	;	 PO_A Loss:0.2703	;
[2022-12-12 04:22:22,282][bmrc_v4.py][line:1576][INFO] Epoch:[4/40]	 Batch:[400/460]	 Loss Sum:4.306	 S_A Loss:0.6873;S_O Loss:0.1213	 A_O Loss:1.268;O_A Loss:0.8782	 AO_P Loss:0.2821	;	 PA_O Loss:0.5012	;	 PO_A Loss:0.5678	;
[2022-12-12 04:22:28,148][bmrc_v4.py][line:1576][INFO] Epoch:[4/40]	 Batch:[410/460]	 Loss Sum:3.4796	 S_A Loss:0.2495;S_O Loss:0.6435	 A_O Loss:1.6414;O_A Loss:0.167	 AO_P Loss:0.0193	;	 PA_O Loss:0.5967	;	 PO_A Loss:0.1622	;
[2022-12-12 04:22:34,080][bmrc_v4.py][line:1576][INFO] Epoch:[4/40]	 Batch:[420/460]	 Loss Sum:1.3426	 S_A Loss:0.0573;S_O Loss:0.5273	 A_O Loss:0.2594;O_A Loss:0.0558	 AO_P Loss:0.0734	;	 PA_O Loss:0.2975	;	 PO_A Loss:0.0719	;
[2022-12-12 04:22:39,909][bmrc_v4.py][line:1576][INFO] Epoch:[4/40]	 Batch:[430/460]	 Loss Sum:0.9765	 S_A Loss:0.3929;S_O Loss:0.2553	 A_O Loss:0.1171;O_A Loss:0.08	 AO_P Loss:0.0034	;	 PA_O Loss:0.0882	;	 PO_A Loss:0.0395	;
[2022-12-12 04:22:45,847][bmrc_v4.py][line:1576][INFO] Epoch:[4/40]	 Batch:[440/460]	 Loss Sum:1.5159	 S_A Loss:0.0893;S_O Loss:0.2776	 A_O Loss:0.3651;O_A Loss:0.095	 AO_P Loss:0.1823	;	 PA_O Loss:0.3628	;	 PO_A Loss:0.1438	;
[2022-12-12 04:22:51,671][bmrc_v4.py][line:1576][INFO] Epoch:[4/40]	 Batch:[450/460]	 Loss Sum:3.526	 S_A Loss:0.4873;S_O Loss:0.5134	 A_O Loss:0.5424;O_A Loss:0.7668	 AO_P Loss:0.0086	;	 PA_O Loss:0.5498	;	 PO_A Loss:0.6578	;
[2022-12-12 04:22:57,706][bmrc_v4.py][line:1576][INFO] Epoch:[4/40]	 Batch:[460/460]	 Loss Sum:4.5358	 S_A Loss:0.3987;S_O Loss:0.6631	 A_O Loss:1.5196;O_A Loss:0.432	 AO_P Loss:0.4142	;	 PA_O Loss:0.8481	;	 PO_A Loss:0.2601	;
[2022-12-12 04:22:57,707][bmrc_v4.py][line:1597][INFO] dev
[2022-12-12 04:23:42,164][bmrc_v4.py][line:1319][INFO] Triplet - Precision: 0.47383720792489187	Recall: 0.4836795237873011	F1: 0.4787072813199949
[2022-12-12 04:23:42,165][bmrc_v4.py][line:1324][INFO] Triplet - Precision_2: 0.4790794969056914	Recall: 0.6795252205355334	F1: 0.5619627037709782
[2022-12-12 04:23:42,165][bmrc_v4.py][line:1329][INFO] Triplet - Precision_3: 0.44908616070734686	Recall: 0.5103857551620601	F1: 0.47777727849203133
[2022-12-12 04:23:42,166][bmrc_v4.py][line:1334][INFO] Aspect - Precision: 0.7304964513102963	Recall: 0.7383512518338665	F1: 0.7344023494463577
[2022-12-12 04:23:42,166][bmrc_v4.py][line:1339][INFO] Opinion - Precision: 0.7577854645059326	Recall: 0.6498516301191346	F1: 0.6996800118867662
[2022-12-12 04:23:42,166][bmrc_v4.py][line:1347][INFO] Aspect-Sentiment - Precision: 0.60638297657311	Recall: 0.6129032236096659	F1: 0.6096251662905527
[2022-12-12 04:23:42,167][bmrc_v4.py][line:1355][INFO] Aspect-Opinion - Precision: 0.5552325565254868	Recall: 0.5667655769532178	F1: 0.560939292825845
[2022-12-12 04:23:42,177][bmrc_v4.py][line:1607][INFO] test
[2022-12-12 04:25:01,810][bmrc_v4.py][line:1319][INFO] Triplet - Precision: 0.5460526303814636	Recall: 0.5081632642690546	F1: 0.526426560844173
[2022-12-12 04:25:01,810][bmrc_v4.py][line:1324][INFO] Triplet - Precision_2: 0.5767918078894337	Recall: 0.6897959169596002	F1: 0.6282522909167692
[2022-12-12 04:25:01,810][bmrc_v4.py][line:1329][INFO] Triplet - Precision_3: 0.5195876277946647	Recall: 0.5142857132361516	F1: 0.5169225758763548
[2022-12-12 04:25:01,811][bmrc_v4.py][line:1334][INFO] Aspect - Precision: 0.7911227133391052	Recall: 0.724880381040956	F1: 0.7565538061820528
[2022-12-12 04:25:01,811][bmrc_v4.py][line:1339][INFO] Opinion - Precision: 0.8303797447332159	Recall: 0.6693877537359434	F1: 0.7412424419397468
[2022-12-12 04:25:01,811][bmrc_v4.py][line:1347][INFO] Aspect-Sentiment - Precision: 0.644908614504155	Recall: 0.5909090894954327	F1: 0.61672858805435
[2022-12-12 04:25:01,811][bmrc_v4.py][line:1355][INFO] Aspect-Opinion - Precision: 0.6469298231426978	Recall: 0.6020408150978759	F1: 0.6236781462621719
[2022-12-12 04:25:01,815][bmrc_v4.py][line:1461][INFO] train
[2022-12-12 04:25:07,344][bmrc_v4.py][line:1576][INFO] Epoch:[5/40]	 Batch:[10/460]	 Loss Sum:4.0824	 S_A Loss:0.6726;S_O Loss:0.5573	 A_O Loss:0.4193;O_A Loss:1.0931	 AO_P Loss:0.0068	;	 PA_O Loss:0.2657	;	 PO_A Loss:1.0676	;
[2022-12-12 04:25:12,904][bmrc_v4.py][line:1576][INFO] Epoch:[5/40]	 Batch:[20/460]	 Loss Sum:1.4825	 S_A Loss:0.4203;S_O Loss:0.1609	 A_O Loss:0.0599;O_A Loss:0.2257	 AO_P Loss:0.0693	;	 PA_O Loss:0.0981	;	 PO_A Loss:0.4483	;
[2022-12-12 04:25:18,520][bmrc_v4.py][line:1576][INFO] Epoch:[5/40]	 Batch:[30/460]	 Loss Sum:5.6594	 S_A Loss:0.8315;S_O Loss:0.5885	 A_O Loss:0.9531;O_A Loss:0.9299	 AO_P Loss:0.9022	;	 PA_O Loss:0.6016	;	 PO_A Loss:0.8526	;
[2022-12-12 04:25:24,147][bmrc_v4.py][line:1576][INFO] Epoch:[5/40]	 Batch:[40/460]	 Loss Sum:2.7283	 S_A Loss:0.4117;S_O Loss:0.905	 A_O Loss:0.2756;O_A Loss:0.627	 AO_P Loss:0.094	;	 PA_O Loss:0.2329	;	 PO_A Loss:0.1821	;
[2022-12-12 04:25:29,706][bmrc_v4.py][line:1576][INFO] Epoch:[5/40]	 Batch:[50/460]	 Loss Sum:3.7923	 S_A Loss:0.6824;S_O Loss:0.3752	 A_O Loss:1.2677;O_A Loss:0.3636	 AO_P Loss:0.3435	;	 PA_O Loss:0.4123	;	 PO_A Loss:0.3477	;
[2022-12-12 04:25:35,284][bmrc_v4.py][line:1576][INFO] Epoch:[5/40]	 Batch:[60/460]	 Loss Sum:15.9256	 S_A Loss:1.2876;S_O Loss:2.9193	 A_O Loss:3.0791;O_A Loss:1.9457	 AO_P Loss:0.0501	;	 PA_O Loss:4.4888	;	 PO_A Loss:2.1549	;
[2022-12-12 04:25:41,094][bmrc_v4.py][line:1576][INFO] Epoch:[5/40]	 Batch:[70/460]	 Loss Sum:2.0717	 S_A Loss:0.5742;S_O Loss:0.4993	 A_O Loss:0.1425;O_A Loss:0.3376	 AO_P Loss:0.1689	;	 PA_O Loss:0.089	;	 PO_A Loss:0.2601	;
[2022-12-12 04:25:46,718][bmrc_v4.py][line:1576][INFO] Epoch:[5/40]	 Batch:[80/460]	 Loss Sum:4.2865	 S_A Loss:0.2551;S_O Loss:0.6161	 A_O Loss:1.0915;O_A Loss:0.513	 AO_P Loss:0.1867	;	 PA_O Loss:1.1223	;	 PO_A Loss:0.5017	;
[2022-12-12 04:25:52,384][bmrc_v4.py][line:1576][INFO] Epoch:[5/40]	 Batch:[90/460]	 Loss Sum:2.1531	 S_A Loss:0.2092;S_O Loss:0.2426	 A_O Loss:0.2912;O_A Loss:0.6936	 AO_P Loss:0.0272	;	 PA_O Loss:0.1179	;	 PO_A Loss:0.5714	;
[2022-12-12 04:25:58,020][bmrc_v4.py][line:1576][INFO] Epoch:[5/40]	 Batch:[100/460]	 Loss Sum:1.7966	 S_A Loss:0.3142;S_O Loss:0.4479	 A_O Loss:0.3038;O_A Loss:0.0346	 AO_P Loss:0.2844	;	 PA_O Loss:0.3569	;	 PO_A Loss:0.0548	;
[2022-12-12 04:26:03,772][bmrc_v4.py][line:1576][INFO] Epoch:[5/40]	 Batch:[110/460]	 Loss Sum:1.2218	 S_A Loss:0.2104;S_O Loss:0.1398	 A_O Loss:0.212;O_A Loss:0.0942	 AO_P Loss:0.3538	;	 PA_O Loss:0.1645	;	 PO_A Loss:0.0472	;
[2022-12-12 04:26:09,545][bmrc_v4.py][line:1576][INFO] Epoch:[5/40]	 Batch:[120/460]	 Loss Sum:1.5955	 S_A Loss:0.1703;S_O Loss:0.5087	 A_O Loss:0.2542;O_A Loss:0.1043	 AO_P Loss:0.1841	;	 PA_O Loss:0.2772	;	 PO_A Loss:0.0968	;
[2022-12-12 04:26:15,564][bmrc_v4.py][line:1576][INFO] Epoch:[5/40]	 Batch:[130/460]	 Loss Sum:1.9561	 S_A Loss:0.265;S_O Loss:0.3785	 A_O Loss:0.4936;O_A Loss:0.1167	 AO_P Loss:0.2118	;	 PA_O Loss:0.4405	;	 PO_A Loss:0.05	;
[2022-12-12 04:26:21,701][bmrc_v4.py][line:1576][INFO] Epoch:[5/40]	 Batch:[140/460]	 Loss Sum:8.5442	 S_A Loss:0.8063;S_O Loss:0.4384	 A_O Loss:2.1682;O_A Loss:1.6184	 AO_P Loss:0.6761	;	 PA_O Loss:1.633	;	 PO_A Loss:1.2038	;
[2022-12-12 04:26:27,489][bmrc_v4.py][line:1576][INFO] Epoch:[5/40]	 Batch:[150/460]	 Loss Sum:4.1092	 S_A Loss:0.5271;S_O Loss:0.3001	 A_O Loss:0.3182;O_A Loss:1.3997	 AO_P Loss:0.1426	;	 PA_O Loss:0.4455	;	 PO_A Loss:0.976	;
[2022-12-12 04:26:33,169][bmrc_v4.py][line:1576][INFO] Epoch:[5/40]	 Batch:[160/460]	 Loss Sum:4.4556	 S_A Loss:0.482;S_O Loss:1.1756	 A_O Loss:0.6793;O_A Loss:0.6291	 AO_P Loss:0.0697	;	 PA_O Loss:0.6345	;	 PO_A Loss:0.7854	;
[2022-12-12 04:26:38,783][bmrc_v4.py][line:1576][INFO] Epoch:[5/40]	 Batch:[170/460]	 Loss Sum:2.9339	 S_A Loss:0.4204;S_O Loss:0.9335	 A_O Loss:0.1744;O_A Loss:0.5084	 AO_P Loss:0.0238	;	 PA_O Loss:0.1086	;	 PO_A Loss:0.7647	;
[2022-12-12 04:26:44,753][bmrc_v4.py][line:1576][INFO] Epoch:[5/40]	 Batch:[180/460]	 Loss Sum:2.6185	 S_A Loss:0.2111;S_O Loss:0.2351	 A_O Loss:0.3969;O_A Loss:1.0063	 AO_P Loss:0.0541	;	 PA_O Loss:0.3628	;	 PO_A Loss:0.352	;
[2022-12-12 04:26:50,402][bmrc_v4.py][line:1576][INFO] Epoch:[5/40]	 Batch:[190/460]	 Loss Sum:1.0242	 S_A Loss:0.0633;S_O Loss:0.1145	 A_O Loss:0.3191;O_A Loss:0.0885	 AO_P Loss:0.1317	;	 PA_O Loss:0.2694	;	 PO_A Loss:0.0376	;
[2022-12-12 04:26:56,449][bmrc_v4.py][line:1576][INFO] Epoch:[5/40]	 Batch:[200/460]	 Loss Sum:2.5616	 S_A Loss:0.8405;S_O Loss:0.8749	 A_O Loss:0.3033;O_A Loss:0.1192	 AO_P Loss:0.0115	;	 PA_O Loss:0.1768	;	 PO_A Loss:0.2355	;
[2022-12-12 04:27:02,477][bmrc_v4.py][line:1576][INFO] Epoch:[5/40]	 Batch:[210/460]	 Loss Sum:2.7587	 S_A Loss:0.2359;S_O Loss:0.7386	 A_O Loss:0.3622;O_A Loss:0.3227	 AO_P Loss:0.0748	;	 PA_O Loss:0.4416	;	 PO_A Loss:0.5828	;
[2022-12-12 04:27:08,538][bmrc_v4.py][line:1576][INFO] Epoch:[5/40]	 Batch:[220/460]	 Loss Sum:0.3368	 S_A Loss:0.0889;S_O Loss:0.0854	 A_O Loss:0.0216;O_A Loss:0.0263	 AO_P Loss:0.0106	;	 PA_O Loss:0.0112	;	 PO_A Loss:0.0928	;
[2022-12-12 04:27:14,740][bmrc_v4.py][line:1576][INFO] Epoch:[5/40]	 Batch:[230/460]	 Loss Sum:1.429	 S_A Loss:0.425;S_O Loss:0.0532	 A_O Loss:0.1011;O_A Loss:0.2834	 AO_P Loss:0.3824	;	 PA_O Loss:0.0348	;	 PO_A Loss:0.149	;
[2022-12-12 04:27:21,006][bmrc_v4.py][line:1576][INFO] Epoch:[5/40]	 Batch:[240/460]	 Loss Sum:0.8652	 S_A Loss:0.0507;S_O Loss:0.4689	 A_O Loss:0.1111;O_A Loss:0.0371	 AO_P Loss:0.0028	;	 PA_O Loss:0.1044	;	 PO_A Loss:0.0902	;
[2022-12-12 04:27:27,409][bmrc_v4.py][line:1576][INFO] Epoch:[5/40]	 Batch:[250/460]	 Loss Sum:0.6093	 S_A Loss:0.3104;S_O Loss:0.1118	 A_O Loss:0.0267;O_A Loss:0.0349	 AO_P Loss:0.004	;	 PA_O Loss:0.1002	;	 PO_A Loss:0.0214	;
[2022-12-12 04:27:33,551][bmrc_v4.py][line:1576][INFO] Epoch:[5/40]	 Batch:[260/460]	 Loss Sum:5.2982	 S_A Loss:1.3867;S_O Loss:0.2474	 A_O Loss:0.2165;O_A Loss:1.2957	 AO_P Loss:0.4266	;	 PA_O Loss:0.4806	;	 PO_A Loss:1.2446	;
[2022-12-12 04:27:39,611][bmrc_v4.py][line:1576][INFO] Epoch:[5/40]	 Batch:[270/460]	 Loss Sum:1.6471	 S_A Loss:0.2788;S_O Loss:1.0087	 A_O Loss:0.2433;O_A Loss:0.0161	 AO_P Loss:0.0087	;	 PA_O Loss:0.0772	;	 PO_A Loss:0.0143	;
[2022-12-12 04:27:45,775][bmrc_v4.py][line:1576][INFO] Epoch:[5/40]	 Batch:[280/460]	 Loss Sum:0.4893	 S_A Loss:0.2387;S_O Loss:0.0227	 A_O Loss:0.0104;O_A Loss:0.1237	 AO_P Loss:0.0288	;	 PA_O Loss:0.0214	;	 PO_A Loss:0.0437	;
[2022-12-12 04:27:51,661][bmrc_v4.py][line:1576][INFO] Epoch:[5/40]	 Batch:[290/460]	 Loss Sum:2.2357	 S_A Loss:0.2191;S_O Loss:0.7095	 A_O Loss:0.3606;O_A Loss:0.2407	 AO_P Loss:0.2506	;	 PA_O Loss:0.341	;	 PO_A Loss:0.1142	;
[2022-12-12 04:27:57,462][bmrc_v4.py][line:1576][INFO] Epoch:[5/40]	 Batch:[300/460]	 Loss Sum:0.781	 S_A Loss:0.243;S_O Loss:0.0588	 A_O Loss:0.0941;O_A Loss:0.11	 AO_P Loss:0.0031	;	 PA_O Loss:0.2158	;	 PO_A Loss:0.0562	;
[2022-12-12 04:28:03,225][bmrc_v4.py][line:1576][INFO] Epoch:[5/40]	 Batch:[310/460]	 Loss Sum:0.8339	 S_A Loss:0.0656;S_O Loss:0.2305	 A_O Loss:0.188;O_A Loss:0.0779	 AO_P Loss:0.0129	;	 PA_O Loss:0.1553	;	 PO_A Loss:0.1038	;
[2022-12-12 04:28:09,006][bmrc_v4.py][line:1576][INFO] Epoch:[5/40]	 Batch:[320/460]	 Loss Sum:2.0895	 S_A Loss:1.0382;S_O Loss:0.1806	 A_O Loss:0.0208;O_A Loss:0.0277	 AO_P Loss:0.6693	;	 PA_O Loss:0.0385	;	 PO_A Loss:0.1144	;
[2022-12-12 04:28:15,029][bmrc_v4.py][line:1576][INFO] Epoch:[5/40]	 Batch:[330/460]	 Loss Sum:1.2875	 S_A Loss:0.0799;S_O Loss:0.0486	 A_O Loss:0.2531;O_A Loss:0.1655	 AO_P Loss:0.1548	;	 PA_O Loss:0.3581	;	 PO_A Loss:0.2275	;
[2022-12-12 04:28:21,403][bmrc_v4.py][line:1576][INFO] Epoch:[5/40]	 Batch:[340/460]	 Loss Sum:7.1358	 S_A Loss:2.1022;S_O Loss:0.9363	 A_O Loss:1.3588;O_A Loss:0.6474	 AO_P Loss:0.1547	;	 PA_O Loss:1.3561	;	 PO_A Loss:0.5802	;
[2022-12-12 04:28:28,084][bmrc_v4.py][line:1576][INFO] Epoch:[5/40]	 Batch:[350/460]	 Loss Sum:6.8205	 S_A Loss:1.5179;S_O Loss:1.4442	 A_O Loss:0.9591;O_A Loss:0.9523	 AO_P Loss:0.5459	;	 PA_O Loss:0.562	;	 PO_A Loss:0.8391	;
[2022-12-12 04:28:35,020][bmrc_v4.py][line:1576][INFO] Epoch:[5/40]	 Batch:[360/460]	 Loss Sum:4.7221	 S_A Loss:1.0217;S_O Loss:0.2694	 A_O Loss:0.9359;O_A Loss:1.2968	 AO_P Loss:0.0201	;	 PA_O Loss:0.4731	;	 PO_A Loss:0.7051	;
[2022-12-12 04:28:41,233][bmrc_v4.py][line:1576][INFO] Epoch:[5/40]	 Batch:[370/460]	 Loss Sum:2.6233	 S_A Loss:0.5197;S_O Loss:0.3259	 A_O Loss:0.5061;O_A Loss:0.4709	 AO_P Loss:0.0655	;	 PA_O Loss:0.2983	;	 PO_A Loss:0.437	;
[2022-12-12 04:28:47,380][bmrc_v4.py][line:1576][INFO] Epoch:[5/40]	 Batch:[380/460]	 Loss Sum:6.5428	 S_A Loss:0.3948;S_O Loss:0.8244	 A_O Loss:0.6951;O_A Loss:1.3603	 AO_P Loss:0.8185	;	 PA_O Loss:1.2275	;	 PO_A Loss:1.222	;
[2022-12-12 04:28:53,571][bmrc_v4.py][line:1576][INFO] Epoch:[5/40]	 Batch:[390/460]	 Loss Sum:1.2925	 S_A Loss:0.2588;S_O Loss:0.3647	 A_O Loss:0.2264;O_A Loss:0.1747	 AO_P Loss:0.0139	;	 PA_O Loss:0.2254	;	 PO_A Loss:0.0285	;
[2022-12-12 04:28:59,951][bmrc_v4.py][line:1576][INFO] Epoch:[5/40]	 Batch:[400/460]	 Loss Sum:0.9092	 S_A Loss:0.1467;S_O Loss:0.2562	 A_O Loss:0.0544;O_A Loss:0.0307	 AO_P Loss:0.2609	;	 PA_O Loss:0.1307	;	 PO_A Loss:0.0297	;
[2022-12-12 04:29:06,102][bmrc_v4.py][line:1576][INFO] Epoch:[5/40]	 Batch:[410/460]	 Loss Sum:0.268	 S_A Loss:0.0248;S_O Loss:0.0255	 A_O Loss:0.0356;O_A Loss:0.0654	 AO_P Loss:0.0228	;	 PA_O Loss:0.033	;	 PO_A Loss:0.061	;
[2022-12-12 04:29:12,222][bmrc_v4.py][line:1576][INFO] Epoch:[5/40]	 Batch:[420/460]	 Loss Sum:3.8629	 S_A Loss:0.1912;S_O Loss:0.0971	 A_O Loss:1.4787;O_A Loss:0.1274	 AO_P Loss:0.5189	;	 PA_O Loss:0.7338	;	 PO_A Loss:0.7158	;
[2022-12-12 04:29:18,405][bmrc_v4.py][line:1576][INFO] Epoch:[5/40]	 Batch:[430/460]	 Loss Sum:2.1779	 S_A Loss:0.0911;S_O Loss:0.2956	 A_O Loss:0.7065;O_A Loss:0.5604	 AO_P Loss:0.1841	;	 PA_O Loss:0.2408	;	 PO_A Loss:0.0994	;
[2022-12-12 04:29:24,775][bmrc_v4.py][line:1576][INFO] Epoch:[5/40]	 Batch:[440/460]	 Loss Sum:3.4826	 S_A Loss:1.624;S_O Loss:0.5784	 A_O Loss:0.2544;O_A Loss:0.0653	 AO_P Loss:0.4459	;	 PA_O Loss:0.3211	;	 PO_A Loss:0.1935	;
[2022-12-12 04:29:30,903][bmrc_v4.py][line:1576][INFO] Epoch:[5/40]	 Batch:[450/460]	 Loss Sum:2.5954	 S_A Loss:0.5911;S_O Loss:0.6388	 A_O Loss:0.5034;O_A Loss:0.1121	 AO_P Loss:0.2462	;	 PA_O Loss:0.1799	;	 PO_A Loss:0.324	;
[2022-12-12 04:29:37,157][bmrc_v4.py][line:1576][INFO] Epoch:[5/40]	 Batch:[460/460]	 Loss Sum:0.4476	 S_A Loss:0.2484;S_O Loss:0.0201	 A_O Loss:0.0115;O_A Loss:0.108	 AO_P Loss:0.0039	;	 PA_O Loss:0.0193	;	 PO_A Loss:0.0363	;
[2022-12-12 04:29:37,157][bmrc_v4.py][line:1597][INFO] dev
[2022-12-12 04:30:20,292][bmrc_v4.py][line:1319][INFO] Triplet - Precision: 0.4647519570110915	Recall: 0.5281899094118994	F1: 0.4944439451123842
[2022-12-12 04:30:20,292][bmrc_v4.py][line:1324][INFO] Triplet - Precision_2: 0.4673202606743133	Recall: 0.8486646859090069	F1: 0.602739266743334
[2022-12-12 04:30:20,292][bmrc_v4.py][line:1329][INFO] Triplet - Precision_3: 0.42533936555353086	Recall: 0.5578634998282982	F1: 0.48266959770401635
[2022-12-12 04:30:20,292][bmrc_v4.py][line:1334][INFO] Aspect - Precision: 0.7209302301630225	Recall: 0.7777777749900439	F1: 0.7482753602084188
[2022-12-12 04:30:20,292][bmrc_v4.py][line:1339][INFO] Opinion - Precision: 0.7067901212753391	Recall: 0.6795252205355334	F1: 0.6928890593680723
[2022-12-12 04:30:20,292][bmrc_v4.py][line:1347][INFO] Aspect-Sentiment - Precision: 0.6146179381574155	Recall: 0.6630824348993462	F1: 0.6379305330027689
[2022-12-12 04:30:20,292][bmrc_v4.py][line:1355][INFO] Aspect-Opinion - Precision: 0.5326370743273183	Recall: 0.6053412444945364	F1: 0.5666661671339254
[2022-12-12 04:30:20,295][bmrc_v4.py][line:1607][INFO] test
[2022-12-12 04:31:20,841][bmrc_v4.py][line:1319][INFO] Triplet - Precision: 0.5465587033470471	Recall: 0.5510204070387339	F1: 0.5487799866981884
[2022-12-12 04:31:20,841][bmrc_v4.py][line:1324][INFO] Triplet - Precision_2: 0.5412371127045914	Recall: 0.857142855393586	F1: 0.6635066334741806
[2022-12-12 04:31:20,841][bmrc_v4.py][line:1329][INFO] Triplet - Precision_3: 0.5018181809057851	Recall: 0.5632653049729279	F1: 0.5307687314131898
[2022-12-12 04:31:20,841][bmrc_v4.py][line:1334][INFO] Aspect - Precision: 0.8004926088657818	Recall: 0.7775119598624116	F1: 0.7888344496480216
[2022-12-12 04:31:20,841][bmrc_v4.py][line:1339][INFO] Opinion - Precision: 0.7904328000217932	Recall: 0.7081632638608913	F1: 0.7470393276707447
[2022-12-12 04:31:20,841][bmrc_v4.py][line:1347][INFO] Aspect-Sentiment - Precision: 0.6453201954548764	Recall: 0.6267942568736979	F1: 0.6359218286600217
[2022-12-12 04:31:20,841][bmrc_v4.py][line:1355][INFO] Aspect-Opinion - Precision: 0.6477732780409448	Recall: 0.6530612231570179	F1: 0.6504060027517228
[2022-12-12 04:31:20,841][bmrc_v4.py][line:1618][INFO] Model saved after epoch 5
[2022-12-12 04:31:22,899][bmrc_v4.py][line:1461][INFO] train
[2022-12-12 04:31:28,422][bmrc_v4.py][line:1576][INFO] Epoch:[6/40]	 Batch:[10/460]	 Loss Sum:3.0429	 S_A Loss:0.5474;S_O Loss:0.2779	 A_O Loss:0.3828;O_A Loss:0.5182	 AO_P Loss:0.3607	;	 PA_O Loss:0.4711	;	 PO_A Loss:0.4848	;
[2022-12-12 04:31:33,796][bmrc_v4.py][line:1576][INFO] Epoch:[6/40]	 Batch:[20/460]	 Loss Sum:0.7424	 S_A Loss:0.3562;S_O Loss:0.0697	 A_O Loss:0.0241;O_A Loss:0.0844	 AO_P Loss:0.0177	;	 PA_O Loss:0.0568	;	 PO_A Loss:0.1335	;
[2022-12-12 04:31:39,114][bmrc_v4.py][line:1576][INFO] Epoch:[6/40]	 Batch:[30/460]	 Loss Sum:1.5637	 S_A Loss:0.022;S_O Loss:0.7492	 A_O Loss:0.2019;O_A Loss:0.0103	 AO_P Loss:0.327	;	 PA_O Loss:0.2487	;	 PO_A Loss:0.0046	;
[2022-12-12 04:31:44,521][bmrc_v4.py][line:1576][INFO] Epoch:[6/40]	 Batch:[40/460]	 Loss Sum:0.7095	 S_A Loss:0.1753;S_O Loss:0.1037	 A_O Loss:0.1249;O_A Loss:0.1654	 AO_P Loss:0.0679	;	 PA_O Loss:0.0343	;	 PO_A Loss:0.0381	;
[2022-12-12 04:31:50,520][bmrc_v4.py][line:1576][INFO] Epoch:[6/40]	 Batch:[50/460]	 Loss Sum:2.8521	 S_A Loss:0.2647;S_O Loss:1.0901	 A_O Loss:0.4033;O_A Loss:0.3277	 AO_P Loss:0.0441	;	 PA_O Loss:0.6347	;	 PO_A Loss:0.0874	;
[2022-12-12 04:31:56,105][bmrc_v4.py][line:1576][INFO] Epoch:[6/40]	 Batch:[60/460]	 Loss Sum:3.8873	 S_A Loss:0.5987;S_O Loss:0.3486	 A_O Loss:0.2713;O_A Loss:0.8971	 AO_P Loss:0.0812	;	 PA_O Loss:0.303	;	 PO_A Loss:1.3876	;
[2022-12-12 04:32:01,671][bmrc_v4.py][line:1576][INFO] Epoch:[6/40]	 Batch:[70/460]	 Loss Sum:1.7125	 S_A Loss:0.4036;S_O Loss:0.0045	 A_O Loss:0.1115;O_A Loss:0.3906	 AO_P Loss:0.2953	;	 PA_O Loss:0.0506	;	 PO_A Loss:0.4563	;
[2022-12-12 04:32:07,733][bmrc_v4.py][line:1576][INFO] Epoch:[6/40]	 Batch:[80/460]	 Loss Sum:0.916	 S_A Loss:0.3066;S_O Loss:0.1172	 A_O Loss:0.0215;O_A Loss:0.2327	 AO_P Loss:0.0239	;	 PA_O Loss:0.0388	;	 PO_A Loss:0.1754	;
[2022-12-12 04:32:14,945][bmrc_v4.py][line:1576][INFO] Epoch:[6/40]	 Batch:[90/460]	 Loss Sum:0.6378	 S_A Loss:0.2735;S_O Loss:0.0232	 A_O Loss:0.0441;O_A Loss:0.0913	 AO_P Loss:0.038	;	 PA_O Loss:0.1021	;	 PO_A Loss:0.0655	;
[2022-12-12 04:32:24,273][bmrc_v4.py][line:1576][INFO] Epoch:[6/40]	 Batch:[100/460]	 Loss Sum:1.4212	 S_A Loss:0.4435;S_O Loss:0.3394	 A_O Loss:0.165;O_A Loss:0.091	 AO_P Loss:0.0823	;	 PA_O Loss:0.2573	;	 PO_A Loss:0.0427	;
[2022-12-12 04:32:33,217][bmrc_v4.py][line:1576][INFO] Epoch:[6/40]	 Batch:[110/460]	 Loss Sum:3.623	 S_A Loss:0.4533;S_O Loss:0.8505	 A_O Loss:0.5377;O_A Loss:0.435	 AO_P Loss:0.4691	;	 PA_O Loss:0.4101	;	 PO_A Loss:0.4673	;
[2022-12-12 04:32:39,322][bmrc_v4.py][line:1576][INFO] Epoch:[6/40]	 Batch:[120/460]	 Loss Sum:3.8687	 S_A Loss:0.4368;S_O Loss:0.1883	 A_O Loss:0.4093;O_A Loss:0.9529	 AO_P Loss:0.0834	;	 PA_O Loss:1.0886	;	 PO_A Loss:0.7093	;
[2022-12-12 04:32:44,852][bmrc_v4.py][line:1576][INFO] Epoch:[6/40]	 Batch:[130/460]	 Loss Sum:0.2931	 S_A Loss:0.0141;S_O Loss:0.131	 A_O Loss:0.0354;O_A Loss:0.015	 AO_P Loss:0.0389	;	 PA_O Loss:0.0422	;	 PO_A Loss:0.0166	;
[2022-12-12 04:32:50,223][bmrc_v4.py][line:1576][INFO] Epoch:[6/40]	 Batch:[140/460]	 Loss Sum:3.4855	 S_A Loss:0.1352;S_O Loss:0.5489	 A_O Loss:0.6171;O_A Loss:0.2887	 AO_P Loss:1.0415	;	 PA_O Loss:0.5793	;	 PO_A Loss:0.2748	;
[2022-12-12 04:32:55,697][bmrc_v4.py][line:1576][INFO] Epoch:[6/40]	 Batch:[150/460]	 Loss Sum:1.8132	 S_A Loss:0.2679;S_O Loss:0.2964	 A_O Loss:0.1929;O_A Loss:0.3397	 AO_P Loss:0.0562	;	 PA_O Loss:0.1348	;	 PO_A Loss:0.5253	;
[2022-12-12 04:33:01,178][bmrc_v4.py][line:1576][INFO] Epoch:[6/40]	 Batch:[160/460]	 Loss Sum:0.8638	 S_A Loss:0.1971;S_O Loss:0.3479	 A_O Loss:0.0567;O_A Loss:0.0116	 AO_P Loss:0.1537	;	 PA_O Loss:0.0819	;	 PO_A Loss:0.0149	;
[2022-12-12 04:33:07,277][bmrc_v4.py][line:1576][INFO] Epoch:[6/40]	 Batch:[170/460]	 Loss Sum:3.0929	 S_A Loss:0.2929;S_O Loss:1.1611	 A_O Loss:0.1027;O_A Loss:0.2665	 AO_P Loss:0.7775	;	 PA_O Loss:0.2353	;	 PO_A Loss:0.2569	;
[2022-12-12 04:33:12,773][bmrc_v4.py][line:1576][INFO] Epoch:[6/40]	 Batch:[180/460]	 Loss Sum:0.8301	 S_A Loss:0.0591;S_O Loss:0.3949	 A_O Loss:0.0451;O_A Loss:0.0123	 AO_P Loss:0.249	;	 PA_O Loss:0.0547	;	 PO_A Loss:0.015	;
[2022-12-12 04:33:18,287][bmrc_v4.py][line:1576][INFO] Epoch:[6/40]	 Batch:[190/460]	 Loss Sum:4.1227	 S_A Loss:0.0373;S_O Loss:1.1501	 A_O Loss:2.0262;O_A Loss:0.0342	 AO_P Loss:0.0214	;	 PA_O Loss:0.8368	;	 PO_A Loss:0.0169	;
[2022-12-12 04:33:23,796][bmrc_v4.py][line:1576][INFO] Epoch:[6/40]	 Batch:[200/460]	 Loss Sum:1.9275	 S_A Loss:0.2234;S_O Loss:0.5669	 A_O Loss:0.1692;O_A Loss:0.5047	 AO_P Loss:0.0296	;	 PA_O Loss:0.2353	;	 PO_A Loss:0.1984	;
[2022-12-12 04:33:29,290][bmrc_v4.py][line:1576][INFO] Epoch:[6/40]	 Batch:[210/460]	 Loss Sum:1.3811	 S_A Loss:0.133;S_O Loss:0.6251	 A_O Loss:0.0661;O_A Loss:0.0304	 AO_P Loss:0.1444	;	 PA_O Loss:0.2201	;	 PO_A Loss:0.1622	;
[2022-12-12 04:33:34,786][bmrc_v4.py][line:1576][INFO] Epoch:[6/40]	 Batch:[220/460]	 Loss Sum:2.1149	 S_A Loss:0.2415;S_O Loss:0.4961	 A_O Loss:0.2601;O_A Loss:0.0044	 AO_P Loss:0.4837	;	 PA_O Loss:0.6211	;	 PO_A Loss:0.0082	;
[2022-12-12 04:33:40,269][bmrc_v4.py][line:1576][INFO] Epoch:[6/40]	 Batch:[230/460]	 Loss Sum:1.1475	 S_A Loss:0.5093;S_O Loss:0.2071	 A_O Loss:0.0292;O_A Loss:0.0737	 AO_P Loss:0.1755	;	 PA_O Loss:0.0586	;	 PO_A Loss:0.094	;
[2022-12-12 04:33:45,751][bmrc_v4.py][line:1576][INFO] Epoch:[6/40]	 Batch:[240/460]	 Loss Sum:0.6239	 S_A Loss:0.2195;S_O Loss:0.2007	 A_O Loss:0.0273;O_A Loss:0.0595	 AO_P Loss:0.0304	;	 PA_O Loss:0.0316	;	 PO_A Loss:0.055	;
[2022-12-12 04:33:51,231][bmrc_v4.py][line:1576][INFO] Epoch:[6/40]	 Batch:[250/460]	 Loss Sum:1.7117	 S_A Loss:0.3126;S_O Loss:0.1616	 A_O Loss:0.3256;O_A Loss:0.2346	 AO_P Loss:0.1193	;	 PA_O Loss:0.4607	;	 PO_A Loss:0.0973	;
[2022-12-12 04:33:56,756][bmrc_v4.py][line:1576][INFO] Epoch:[6/40]	 Batch:[260/460]	 Loss Sum:1.0602	 S_A Loss:0.183;S_O Loss:0.076	 A_O Loss:0.0507;O_A Loss:0.0682	 AO_P Loss:0.3975	;	 PA_O Loss:0.09	;	 PO_A Loss:0.1948	;
[2022-12-12 04:34:02,305][bmrc_v4.py][line:1576][INFO] Epoch:[6/40]	 Batch:[270/460]	 Loss Sum:1.5209	 S_A Loss:0.8112;S_O Loss:0.2854	 A_O Loss:0.0617;O_A Loss:0.048	 AO_P Loss:0.0769	;	 PA_O Loss:0.0873	;	 PO_A Loss:0.1503	;
[2022-12-12 04:34:07,786][bmrc_v4.py][line:1576][INFO] Epoch:[6/40]	 Batch:[280/460]	 Loss Sum:1.464	 S_A Loss:0.0559;S_O Loss:0.1539	 A_O Loss:0.1872;O_A Loss:0.5227	 AO_P Loss:0.0361	;	 PA_O Loss:0.3073	;	 PO_A Loss:0.2009	;
[2022-12-12 04:34:13,334][bmrc_v4.py][line:1576][INFO] Epoch:[6/40]	 Batch:[290/460]	 Loss Sum:0.524	 S_A Loss:0.2082;S_O Loss:0.0398	 A_O Loss:0.0986;O_A Loss:0.0722	 AO_P Loss:0.0612	;	 PA_O Loss:0.0264	;	 PO_A Loss:0.0176	;
[2022-12-12 04:34:18,882][bmrc_v4.py][line:1576][INFO] Epoch:[6/40]	 Batch:[300/460]	 Loss Sum:1.5815	 S_A Loss:0.3625;S_O Loss:0.2653	 A_O Loss:0.0764;O_A Loss:0.2516	 AO_P Loss:0.1516	;	 PA_O Loss:0.0806	;	 PO_A Loss:0.3935	;
[2022-12-12 04:34:24,409][bmrc_v4.py][line:1576][INFO] Epoch:[6/40]	 Batch:[310/460]	 Loss Sum:1.8403	 S_A Loss:0.1214;S_O Loss:0.4773	 A_O Loss:0.0963;O_A Loss:0.0368	 AO_P Loss:0.8532	;	 PA_O Loss:0.2124	;	 PO_A Loss:0.0428	;
[2022-12-12 04:34:29,925][bmrc_v4.py][line:1576][INFO] Epoch:[6/40]	 Batch:[320/460]	 Loss Sum:0.6944	 S_A Loss:0.0293;S_O Loss:0.334	 A_O Loss:0.0981;O_A Loss:0.0048	 AO_P Loss:0.0798	;	 PA_O Loss:0.1384	;	 PO_A Loss:0.01	;
[2022-12-12 04:34:35,437][bmrc_v4.py][line:1576][INFO] Epoch:[6/40]	 Batch:[330/460]	 Loss Sum:2.558	 S_A Loss:0.7216;S_O Loss:0.3824	 A_O Loss:0.2385;O_A Loss:0.3893	 AO_P Loss:0.024	;	 PA_O Loss:0.3196	;	 PO_A Loss:0.4826	;
[2022-12-12 04:34:40,987][bmrc_v4.py][line:1576][INFO] Epoch:[6/40]	 Batch:[340/460]	 Loss Sum:0.7781	 S_A Loss:0.2599;S_O Loss:0.1339	 A_O Loss:0.0519;O_A Loss:0.0073	 AO_P Loss:0.1816	;	 PA_O Loss:0.1406	;	 PO_A Loss:0.0028	;
[2022-12-12 04:34:46,966][bmrc_v4.py][line:1576][INFO] Epoch:[6/40]	 Batch:[350/460]	 Loss Sum:1.9945	 S_A Loss:0.0436;S_O Loss:0.3696	 A_O Loss:0.1798;O_A Loss:0.5674	 AO_P Loss:0.2313	;	 PA_O Loss:0.3227	;	 PO_A Loss:0.2801	;
[2022-12-12 04:34:52,666][bmrc_v4.py][line:1576][INFO] Epoch:[6/40]	 Batch:[360/460]	 Loss Sum:6.1659	 S_A Loss:0.8946;S_O Loss:0.4903	 A_O Loss:0.7971;O_A Loss:0.6769	 AO_P Loss:0.9288	;	 PA_O Loss:1.1669	;	 PO_A Loss:1.2113	;
[2022-12-12 04:34:58,305][bmrc_v4.py][line:1576][INFO] Epoch:[6/40]	 Batch:[370/460]	 Loss Sum:2.3285	 S_A Loss:0.6744;S_O Loss:0.0326	 A_O Loss:0.3083;O_A Loss:0.1555	 AO_P Loss:0.018	;	 PA_O Loss:0.5035	;	 PO_A Loss:0.6362	;
[2022-12-12 04:35:03,942][bmrc_v4.py][line:1576][INFO] Epoch:[6/40]	 Batch:[380/460]	 Loss Sum:0.9842	 S_A Loss:0.1943;S_O Loss:0.4253	 A_O Loss:0.1081;O_A Loss:0.007	 AO_P Loss:0.0041	;	 PA_O Loss:0.2424	;	 PO_A Loss:0.003	;
[2022-12-12 04:35:09,782][bmrc_v4.py][line:1576][INFO] Epoch:[6/40]	 Batch:[390/460]	 Loss Sum:0.896	 S_A Loss:0.3486;S_O Loss:0.0317	 A_O Loss:0.0144;O_A Loss:0.0926	 AO_P Loss:0.038	;	 PA_O Loss:0.0751	;	 PO_A Loss:0.2956	;
[2022-12-12 04:35:15,463][bmrc_v4.py][line:1576][INFO] Epoch:[6/40]	 Batch:[400/460]	 Loss Sum:0.199	 S_A Loss:0.0202;S_O Loss:0.0081	 A_O Loss:0.0057;O_A Loss:0.0241	 AO_P Loss:0.1248	;	 PA_O Loss:0.0047	;	 PO_A Loss:0.0114	;
[2022-12-12 04:35:21,168][bmrc_v4.py][line:1576][INFO] Epoch:[6/40]	 Batch:[410/460]	 Loss Sum:0.5408	 S_A Loss:0.0651;S_O Loss:0.0588	 A_O Loss:0.0547;O_A Loss:0.0124	 AO_P Loss:0.2768	;	 PA_O Loss:0.0547	;	 PO_A Loss:0.0184	;
[2022-12-12 04:35:26,739][bmrc_v4.py][line:1576][INFO] Epoch:[6/40]	 Batch:[420/460]	 Loss Sum:5.2994	 S_A Loss:0.0367;S_O Loss:1.0803	 A_O Loss:1.1833;O_A Loss:0.1256	 AO_P Loss:0.8722	;	 PA_O Loss:1.8605	;	 PO_A Loss:0.1408	;
[2022-12-12 04:35:32,356][bmrc_v4.py][line:1576][INFO] Epoch:[6/40]	 Batch:[430/460]	 Loss Sum:2.9409	 S_A Loss:0.62;S_O Loss:0.7501	 A_O Loss:0.3531;O_A Loss:0.416	 AO_P Loss:0.0768	;	 PA_O Loss:0.3503	;	 PO_A Loss:0.3746	;
[2022-12-12 04:35:38,054][bmrc_v4.py][line:1576][INFO] Epoch:[6/40]	 Batch:[440/460]	 Loss Sum:1.4932	 S_A Loss:0.0948;S_O Loss:0.3762	 A_O Loss:0.1058;O_A Loss:0.1896	 AO_P Loss:0.0116	;	 PA_O Loss:0.0925	;	 PO_A Loss:0.6227	;
[2022-12-12 04:35:43,696][bmrc_v4.py][line:1576][INFO] Epoch:[6/40]	 Batch:[450/460]	 Loss Sum:0.2967	 S_A Loss:0.0127;S_O Loss:0.1284	 A_O Loss:0.0216;O_A Loss:0.0161	 AO_P Loss:0.0275	;	 PA_O Loss:0.0717	;	 PO_A Loss:0.0188	;
[2022-12-12 04:35:49,348][bmrc_v4.py][line:1576][INFO] Epoch:[6/40]	 Batch:[460/460]	 Loss Sum:2.2356	 S_A Loss:0.0536;S_O Loss:0.5458	 A_O Loss:1.0983;O_A Loss:0.0035	 AO_P Loss:0.0807	;	 PA_O Loss:0.4458	;	 PO_A Loss:0.0079	;
[2022-12-12 04:35:49,348][bmrc_v4.py][line:1597][INFO] dev
[2022-12-12 04:36:28,868][bmrc_v4.py][line:1319][INFO] Triplet - Precision: 0.4319248816151998	Recall: 0.5459940636617386	F1: 0.48230618968082045
[2022-12-12 04:36:28,868][bmrc_v4.py][line:1324][INFO] Triplet - Precision_2: 0.40079365039603804	Recall: 1.1988130528225132	F1: 0.6007431179737285
[2022-12-12 04:36:28,868][bmrc_v4.py][line:1329][INFO] Triplet - Precision_3: 0.3447684385166922	Recall: 0.5964391673696168	F1: 0.43695605653877284
[2022-12-12 04:36:28,868][bmrc_v4.py][line:1334][INFO] Aspect - Precision: 0.6953846132449705	Recall: 0.8100358393905526	F1: 0.748343871283388
[2022-12-12 04:36:28,868][bmrc_v4.py][line:1339][INFO] Opinion - Precision: 0.7070422515294584	Recall: 0.7448071194516109	F1: 0.7254330242535768
[2022-12-12 04:36:28,868][bmrc_v4.py][line:1347][INFO] Aspect-Sentiment - Precision: 0.5753846136142012	Recall: 0.6702508936550148	F1: 0.6192047988633876
[2022-12-12 04:36:28,868][bmrc_v4.py][line:1355][INFO] Aspect-Opinion - Precision: 0.5117370880006171	Recall: 0.6468842710774948	F1: 0.5714280767341576
[2022-12-12 04:36:28,876][bmrc_v4.py][line:1607][INFO] test
[2022-12-12 04:37:18,584][bmrc_v4.py][line:1319][INFO] Triplet - Precision: 0.5090252698393045	Recall: 0.5755102029071221	F1: 0.5402293859020167
[2022-12-12 04:37:18,584][bmrc_v4.py][line:1324][INFO] Triplet - Precision_2: 0.4783333329347222	Recall: 1.171428569037901	F1: 0.6792895282744695
[2022-12-12 04:37:18,584][bmrc_v4.py][line:1329][INFO] Triplet - Precision_3: 0.41201716679253625	Recall: 0.5877551008413161	F1: 0.4844402211105905
[2022-12-12 04:37:18,584][bmrc_v4.py][line:1334][INFO] Aspect - Precision: 0.7699316611163288	Recall: 0.8086124382569081	F1: 0.7887976314818763
[2022-12-12 04:37:18,584][bmrc_v4.py][line:1339][INFO] Opinion - Precision: 0.7837837821542957	Recall: 0.7693877535318617	F1: 0.7765185509670278
[2022-12-12 04:37:18,584][bmrc_v4.py][line:1347][INFO] Aspect-Sentiment - Precision: 0.6218678801324194	Recall: 0.6531100462844257	F1: 0.6371056831778488
[2022-12-12 04:37:18,584][bmrc_v4.py][line:1355][INFO] Aspect-Opinion - Precision: 0.6064981938510863	Recall: 0.6857142843148688	F1: 0.6436776615658353
[2022-12-12 04:37:18,584][bmrc_v4.py][line:1461][INFO] train
[2022-12-12 04:37:24,000][bmrc_v4.py][line:1576][INFO] Epoch:[7/40]	 Batch:[10/460]	 Loss Sum:3.5147	 S_A Loss:0.2003;S_O Loss:0.118	 A_O Loss:0.3181;O_A Loss:1.137	 AO_P Loss:0.3796	;	 PA_O Loss:0.1995	;	 PO_A Loss:1.1622	;
[2022-12-12 04:37:29,391][bmrc_v4.py][line:1576][INFO] Epoch:[7/40]	 Batch:[20/460]	 Loss Sum:1.4272	 S_A Loss:0.1966;S_O Loss:0.2246	 A_O Loss:0.1174;O_A Loss:0.0125	 AO_P Loss:0.2433	;	 PA_O Loss:0.5792	;	 PO_A Loss:0.0536	;
[2022-12-12 04:37:35,470][bmrc_v4.py][line:1576][INFO] Epoch:[7/40]	 Batch:[30/460]	 Loss Sum:0.4701	 S_A Loss:0.0158;S_O Loss:0.2938	 A_O Loss:0.0815;O_A Loss:0.0052	 AO_P Loss:0.007	;	 PA_O Loss:0.0644	;	 PO_A Loss:0.0025	;
[2022-12-12 04:37:40,899][bmrc_v4.py][line:1576][INFO] Epoch:[7/40]	 Batch:[40/460]	 Loss Sum:0.4953	 S_A Loss:0.0183;S_O Loss:0.1551	 A_O Loss:0.1178;O_A Loss:0.0201	 AO_P Loss:0.0136	;	 PA_O Loss:0.1263	;	 PO_A Loss:0.0441	;
[2022-12-12 04:37:46,378][bmrc_v4.py][line:1576][INFO] Epoch:[7/40]	 Batch:[50/460]	 Loss Sum:1.3095	 S_A Loss:0.2098;S_O Loss:0.393	 A_O Loss:0.2638;O_A Loss:0.0688	 AO_P Loss:0.176	;	 PA_O Loss:0.1541	;	 PO_A Loss:0.0441	;
[2022-12-12 04:37:51,834][bmrc_v4.py][line:1576][INFO] Epoch:[7/40]	 Batch:[60/460]	 Loss Sum:1.9082	 S_A Loss:0.2316;S_O Loss:0.6535	 A_O Loss:0.3658;O_A Loss:0.0762	 AO_P Loss:0.0628	;	 PA_O Loss:0.496	;	 PO_A Loss:0.0224	;
[2022-12-12 04:37:57,411][bmrc_v4.py][line:1576][INFO] Epoch:[7/40]	 Batch:[70/460]	 Loss Sum:2.9008	 S_A Loss:0.1438;S_O Loss:0.466	 A_O Loss:1.1395;O_A Loss:0.3104	 AO_P Loss:0.1405	;	 PA_O Loss:0.5201	;	 PO_A Loss:0.1805	;
[2022-12-12 04:38:03,149][bmrc_v4.py][line:1576][INFO] Epoch:[7/40]	 Batch:[80/460]	 Loss Sum:0.1789	 S_A Loss:0.0085;S_O Loss:0.0322	 A_O Loss:0.0454;O_A Loss:0.0027	 AO_P Loss:0.0176	;	 PA_O Loss:0.0224	;	 PO_A Loss:0.0502	;
[2022-12-12 04:38:08,596][bmrc_v4.py][line:1576][INFO] Epoch:[7/40]	 Batch:[90/460]	 Loss Sum:4.0081	 S_A Loss:0.084;S_O Loss:0.013	 A_O Loss:0.9903;O_A Loss:1.162	 AO_P Loss:0.2665	;	 PA_O Loss:0.4145	;	 PO_A Loss:1.0777	;
[2022-12-12 04:38:14,064][bmrc_v4.py][line:1576][INFO] Epoch:[7/40]	 Batch:[100/460]	 Loss Sum:1.9668	 S_A Loss:0.1661;S_O Loss:0.3027	 A_O Loss:0.1439;O_A Loss:0.0338	 AO_P Loss:0.4194	;	 PA_O Loss:0.758	;	 PO_A Loss:0.143	;
[2022-12-12 04:38:19,577][bmrc_v4.py][line:1576][INFO] Epoch:[7/40]	 Batch:[110/460]	 Loss Sum:2.0093	 S_A Loss:0.0578;S_O Loss:0.0187	 A_O Loss:0.0811;O_A Loss:1.2272	 AO_P Loss:0.0012	;	 PA_O Loss:0.0508	;	 PO_A Loss:0.5725	;
[2022-12-12 04:38:25,496][bmrc_v4.py][line:1576][INFO] Epoch:[7/40]	 Batch:[120/460]	 Loss Sum:1.6249	 S_A Loss:0.0792;S_O Loss:0.9453	 A_O Loss:0.2407;O_A Loss:0.0246	 AO_P Loss:0.0086	;	 PA_O Loss:0.3114	;	 PO_A Loss:0.0151	;
[2022-12-12 04:38:30,918][bmrc_v4.py][line:1576][INFO] Epoch:[7/40]	 Batch:[130/460]	 Loss Sum:0.4432	 S_A Loss:0.0985;S_O Loss:0.1028	 A_O Loss:0.0524;O_A Loss:0.0078	 AO_P Loss:0.0388	;	 PA_O Loss:0.1325	;	 PO_A Loss:0.0103	;
[2022-12-12 04:38:36,494][bmrc_v4.py][line:1576][INFO] Epoch:[7/40]	 Batch:[140/460]	 Loss Sum:0.6116	 S_A Loss:0.1738;S_O Loss:0.0597	 A_O Loss:0.1806;O_A Loss:0.0385	 AO_P Loss:0.0246	;	 PA_O Loss:0.0205	;	 PO_A Loss:0.114	;
