[2022-12-10 23:58:26,913][bmrc_v4.py][line:1201][INFO] Namespace(add_note='', batch_size=2, bert_model_type='../../bert/bert-base-uncased', beta=1, checkpoint_path='./model/final_2.pth', data_path='./data', dataset_type='ASTE', epoch_num=40, gat=False, gpu=True, hidden_size=768, infer_rt=False, inference_beta=0.8, learning_rate=0.001, log_path='./log', mode='train', model_name='BMRC', nizhuan=False, save_model_path='./checkpoint/2022-12-10-23-58-26-', task_type='ASTE', train_rt=True, tuning_bert_rate=1e-05, warm_up=0.1, work_nums=1, zhongzi=[5, 77, 89, 32, 66])
[2022-12-10 23:58:26,914][bmrc_v4.py][line:1202][INFO] ####################################
[2022-12-10 23:58:26,914][bmrc_v4.py][line:1203][INFO] ####################################
[2022-12-10 23:58:26,914][bmrc_v4.py][line:1204][INFO] loading data......
[2022-12-10 23:58:29,498][bmrc_v4.py][line:1222][INFO] initial optimizer......
[2022-12-10 23:58:29,508][bmrc_v4.py][line:1232][INFO] New model and optimizer from epoch 1
[2022-12-10 23:58:33,278][bmrc_v4.py][line:1248][INFO] begin training......
[2022-12-10 23:58:33,284][bmrc_v4.py][line:1282][INFO] train
[2022-12-10 23:58:40,147][bmrc_v4.py][line:1397][INFO] Epoch:[1/40]	 Batch:[10/460]	 Loss Sum:24.3392	 S_A Loss:4.3163;S_O Loss:4.1071	 A_O Loss:3.7676;O_A Loss:4.066	 AO_P Loss:0.2887	;	 PA_O Loss:3.7815	;	 PO_A Loss:4.012	;
[2022-12-10 23:58:46,254][bmrc_v4.py][line:1397][INFO] Epoch:[1/40]	 Batch:[20/460]	 Loss Sum:34.274	 S_A Loss:5.7614;S_O Loss:5.7134	 A_O Loss:5.5018;O_A Loss:5.7593	 AO_P Loss:0.3389	;	 PA_O Loss:5.7059	;	 PO_A Loss:5.4933	;
[2022-12-10 23:58:51,658][bmrc_v4.py][line:1397][INFO] Epoch:[1/40]	 Batch:[30/460]	 Loss Sum:16.0098	 S_A Loss:2.0295;S_O Loss:2.4896	 A_O Loss:2.5079;O_A Loss:3.0633	 AO_P Loss:0.2319	;	 PA_O Loss:2.5513	;	 PO_A Loss:3.1364	;
[2022-12-10 23:58:56,908][bmrc_v4.py][line:1397][INFO] Epoch:[1/40]	 Batch:[40/460]	 Loss Sum:31.8271	 S_A Loss:5.1417;S_O Loss:5.3449	 A_O Loss:5.122;O_A Loss:5.4292	 AO_P Loss:0.4136	;	 PA_O Loss:4.9096	;	 PO_A Loss:5.4662	;
[2022-12-10 23:59:01,844][bmrc_v4.py][line:1397][INFO] Epoch:[1/40]	 Batch:[50/460]	 Loss Sum:30.0153	 S_A Loss:4.0228;S_O Loss:4.3223	 A_O Loss:4.3134;O_A Loss:6.4191	 AO_P Loss:0.2957	;	 PA_O Loss:4.4733	;	 PO_A Loss:6.1688	;
[2022-12-10 23:59:06,759][bmrc_v4.py][line:1397][INFO] Epoch:[1/40]	 Batch:[60/460]	 Loss Sum:22.7426	 S_A Loss:4.1118;S_O Loss:3.8455	 A_O Loss:3.4471;O_A Loss:3.8612	 AO_P Loss:0.2877	;	 PA_O Loss:3.5169	;	 PO_A Loss:3.6724	;
[2022-12-10 23:59:11,655][bmrc_v4.py][line:1397][INFO] Epoch:[1/40]	 Batch:[70/460]	 Loss Sum:15.2604	 S_A Loss:2.678;S_O Loss:2.4628	 A_O Loss:2.3191;O_A Loss:2.5816	 AO_P Loss:0.256	;	 PA_O Loss:2.625	;	 PO_A Loss:2.3379	;
[2022-12-10 23:59:16,581][bmrc_v4.py][line:1397][INFO] Epoch:[1/40]	 Batch:[80/460]	 Loss Sum:32.7974	 S_A Loss:4.7401;S_O Loss:4.3265	 A_O Loss:5.6071;O_A Loss:5.9134	 AO_P Loss:0.7894	;	 PA_O Loss:5.3788	;	 PO_A Loss:6.0421	;
[2022-12-10 23:59:21,512][bmrc_v4.py][line:1397][INFO] Epoch:[1/40]	 Batch:[90/460]	 Loss Sum:19.0232	 S_A Loss:1.9709;S_O Loss:3.6229	 A_O Loss:3.4364;O_A Loss:3.3378	 AO_P Loss:0.2643	;	 PA_O Loss:3.303	;	 PO_A Loss:3.0879	;
[2022-12-10 23:59:26,428][bmrc_v4.py][line:1397][INFO] Epoch:[1/40]	 Batch:[100/460]	 Loss Sum:15.6406	 S_A Loss:2.6704;S_O Loss:2.6518	 A_O Loss:2.6113;O_A Loss:2.5193	 AO_P Loss:0.1925	;	 PA_O Loss:2.4108	;	 PO_A Loss:2.5846	;
[2022-12-10 23:59:31,357][bmrc_v4.py][line:1397][INFO] Epoch:[1/40]	 Batch:[110/460]	 Loss Sum:18.8331	 S_A Loss:2.7563;S_O Loss:2.858	 A_O Loss:3.3093;O_A Loss:3.1624	 AO_P Loss:0.3131	;	 PA_O Loss:3.3256	;	 PO_A Loss:3.1085	;
[2022-12-10 23:59:36,274][bmrc_v4.py][line:1397][INFO] Epoch:[1/40]	 Batch:[120/460]	 Loss Sum:19.4498	 S_A Loss:1.8819;S_O Loss:3.1886	 A_O Loss:3.1393;O_A Loss:4.2608	 AO_P Loss:0.3678	;	 PA_O Loss:3.0094	;	 PO_A Loss:3.6021	;
[2022-12-10 23:59:41,156][bmrc_v4.py][line:1397][INFO] Epoch:[1/40]	 Batch:[130/460]	 Loss Sum:26.3198	 S_A Loss:3.0943;S_O Loss:3.8336	 A_O Loss:3.9616;O_A Loss:5.367	 AO_P Loss:0.6116	;	 PA_O Loss:3.8605	;	 PO_A Loss:5.5912	;
[2022-12-10 23:59:46,053][bmrc_v4.py][line:1397][INFO] Epoch:[1/40]	 Batch:[140/460]	 Loss Sum:12.492	 S_A Loss:1.8443;S_O Loss:2.1494	 A_O Loss:2.2806;O_A Loss:1.8299	 AO_P Loss:0.4471	;	 PA_O Loss:2.1757	;	 PO_A Loss:1.765	;
[2022-12-10 23:59:50,973][bmrc_v4.py][line:1397][INFO] Epoch:[1/40]	 Batch:[150/460]	 Loss Sum:12.2779	 S_A Loss:1.7922;S_O Loss:2.1294	 A_O Loss:1.9458;O_A Loss:1.8356	 AO_P Loss:0.2496	;	 PA_O Loss:2.4857	;	 PO_A Loss:1.8396	;
[2022-12-10 23:59:55,946][bmrc_v4.py][line:1397][INFO] Epoch:[1/40]	 Batch:[160/460]	 Loss Sum:27.5649	 S_A Loss:3.6264;S_O Loss:3.8588	 A_O Loss:5.2732;O_A Loss:4.5252	 AO_P Loss:0.5887	;	 PA_O Loss:5.2172	;	 PO_A Loss:4.4754	;
[2022-12-11 00:00:00,958][bmrc_v4.py][line:1397][INFO] Epoch:[1/40]	 Batch:[170/460]	 Loss Sum:28.2512	 S_A Loss:3.0945;S_O Loss:3.7977	 A_O Loss:3.5502;O_A Loss:7.0801	 AO_P Loss:0.5297	;	 PA_O Loss:3.6391	;	 PO_A Loss:6.56	;
[2022-12-11 00:00:05,992][bmrc_v4.py][line:1397][INFO] Epoch:[1/40]	 Batch:[180/460]	 Loss Sum:13.688	 S_A Loss:2.1312;S_O Loss:2.3003	 A_O Loss:2.3622;O_A Loss:1.8883	 AO_P Loss:0.49	;	 PA_O Loss:2.5306	;	 PO_A Loss:1.9853	;
[2022-12-11 00:00:11,053][bmrc_v4.py][line:1397][INFO] Epoch:[1/40]	 Batch:[190/460]	 Loss Sum:13.4338	 S_A Loss:1.8727;S_O Loss:1.942	 A_O Loss:2.3673;O_A Loss:2.4669	 AO_P Loss:0.2698	;	 PA_O Loss:2.2545	;	 PO_A Loss:2.2605	;
[2022-12-11 00:00:16,335][bmrc_v4.py][line:1397][INFO] Epoch:[1/40]	 Batch:[200/460]	 Loss Sum:13.0387	 S_A Loss:1.9272;S_O Loss:2.4305	 A_O Loss:2.5275;O_A Loss:1.5954	 AO_P Loss:0.2648	;	 PA_O Loss:2.73	;	 PO_A Loss:1.5632	;
[2022-12-11 00:00:21,467][bmrc_v4.py][line:1397][INFO] Epoch:[1/40]	 Batch:[210/460]	 Loss Sum:18.9644	 S_A Loss:2.0819;S_O Loss:2.7501	 A_O Loss:2.7643;O_A Loss:3.9471	 AO_P Loss:0.2211	;	 PA_O Loss:2.6888	;	 PO_A Loss:4.5112	;
[2022-12-11 00:00:26,619][bmrc_v4.py][line:1397][INFO] Epoch:[1/40]	 Batch:[220/460]	 Loss Sum:30.6774	 S_A Loss:3.6491;S_O Loss:3.8451	 A_O Loss:4.9004;O_A Loss:6.165	 AO_P Loss:0.4497	;	 PA_O Loss:5.2837	;	 PO_A Loss:6.3843	;
[2022-12-11 00:00:31,732][bmrc_v4.py][line:1397][INFO] Epoch:[1/40]	 Batch:[230/460]	 Loss Sum:12.2678	 S_A Loss:2.0565;S_O Loss:2.1339	 A_O Loss:2.1811;O_A Loss:1.9387	 AO_P Loss:0.2642	;	 PA_O Loss:1.9658	;	 PO_A Loss:1.7277	;
[2022-12-11 00:00:36,868][bmrc_v4.py][line:1397][INFO] Epoch:[1/40]	 Batch:[240/460]	 Loss Sum:19.0818	 S_A Loss:2.5266;S_O Loss:2.9611	 A_O Loss:3.4073;O_A Loss:2.8242	 AO_P Loss:0.58	;	 PA_O Loss:3.643	;	 PO_A Loss:3.1397	;
[2022-12-11 00:00:41,993][bmrc_v4.py][line:1397][INFO] Epoch:[1/40]	 Batch:[250/460]	 Loss Sum:22.4844	 S_A Loss:2.3304;S_O Loss:4.0339	 A_O Loss:4.2693;O_A Loss:3.4965	 AO_P Loss:0.6968	;	 PA_O Loss:4.3124	;	 PO_A Loss:3.345	;
[2022-12-11 00:00:47,135][bmrc_v4.py][line:1397][INFO] Epoch:[1/40]	 Batch:[260/460]	 Loss Sum:13.8471	 S_A Loss:2.4023;S_O Loss:2.142	 A_O Loss:2.0472;O_A Loss:2.3445	 AO_P Loss:0.25	;	 PA_O Loss:2.3216	;	 PO_A Loss:2.3395	;
[2022-12-11 00:00:52,350][bmrc_v4.py][line:1397][INFO] Epoch:[1/40]	 Batch:[270/460]	 Loss Sum:17.4323	 S_A Loss:2.9235;S_O Loss:2.8821	 A_O Loss:2.8889;O_A Loss:2.7795	 AO_P Loss:0.4571	;	 PA_O Loss:2.6923	;	 PO_A Loss:2.8089	;
[2022-12-11 00:00:57,575][bmrc_v4.py][line:1397][INFO] Epoch:[1/40]	 Batch:[280/460]	 Loss Sum:14.23	 S_A Loss:1.7642;S_O Loss:3.2255	 A_O Loss:2.6925;O_A Loss:1.5971	 AO_P Loss:0.5885	;	 PA_O Loss:2.7336	;	 PO_A Loss:1.6285	;
[2022-12-11 00:01:02,900][bmrc_v4.py][line:1397][INFO] Epoch:[1/40]	 Batch:[290/460]	 Loss Sum:16.4531	 S_A Loss:2.4476;S_O Loss:2.4536	 A_O Loss:2.881;O_A Loss:2.8422	 AO_P Loss:0.3063	;	 PA_O Loss:2.7498	;	 PO_A Loss:2.7727	;
[2022-12-11 00:01:08,207][bmrc_v4.py][line:1397][INFO] Epoch:[1/40]	 Batch:[300/460]	 Loss Sum:11.7691	 S_A Loss:1.442;S_O Loss:2.2179	 A_O Loss:1.9066;O_A Loss:2.0888	 AO_P Loss:0.3042	;	 PA_O Loss:1.9485	;	 PO_A Loss:1.8611	;
[2022-12-11 00:01:13,550][bmrc_v4.py][line:1397][INFO] Epoch:[1/40]	 Batch:[310/460]	 Loss Sum:17.2263	 S_A Loss:2.4741;S_O Loss:2.7679	 A_O Loss:3.133;O_A Loss:2.6527	 AO_P Loss:0.3885	;	 PA_O Loss:3.1237	;	 PO_A Loss:2.6864	;
[2022-12-11 00:01:18,957][bmrc_v4.py][line:1397][INFO] Epoch:[1/40]	 Batch:[320/460]	 Loss Sum:18.6369	 S_A Loss:2.1947;S_O Loss:2.9371	 A_O Loss:2.7767;O_A Loss:4.013	 AO_P Loss:0.3309	;	 PA_O Loss:2.658	;	 PO_A Loss:3.7265	;
[2022-12-11 00:01:24,338][bmrc_v4.py][line:1397][INFO] Epoch:[1/40]	 Batch:[330/460]	 Loss Sum:14.2332	 S_A Loss:1.7703;S_O Loss:2.9159	 A_O Loss:2.2079;O_A Loss:2.4348	 AO_P Loss:0.2704	;	 PA_O Loss:2.5972	;	 PO_A Loss:2.0367	;
[2022-12-11 00:01:29,873][bmrc_v4.py][line:1397][INFO] Epoch:[1/40]	 Batch:[340/460]	 Loss Sum:7.2573	 S_A Loss:1.6638;S_O Loss:0.9226	 A_O Loss:0.7443;O_A Loss:1.62	 AO_P Loss:0.1946	;	 PA_O Loss:0.6965	;	 PO_A Loss:1.4154	;
[2022-12-11 00:01:35,286][bmrc_v4.py][line:1397][INFO] Epoch:[1/40]	 Batch:[350/460]	 Loss Sum:18.1684	 S_A Loss:2.4403;S_O Loss:2.9332	 A_O Loss:3.3425;O_A Loss:2.5565	 AO_P Loss:0.2716	;	 PA_O Loss:4.0877	;	 PO_A Loss:2.5365	;
[2022-12-11 00:01:40,794][bmrc_v4.py][line:1397][INFO] Epoch:[1/40]	 Batch:[360/460]	 Loss Sum:11.5994	 S_A Loss:1.3639;S_O Loss:2.9278	 A_O Loss:2.6087;O_A Loss:1.0181	 AO_P Loss:0.228	;	 PA_O Loss:2.4588	;	 PO_A Loss:0.9941	;
[2022-12-11 00:01:46,345][bmrc_v4.py][line:1397][INFO] Epoch:[1/40]	 Batch:[370/460]	 Loss Sum:8.3792	 S_A Loss:1.5665;S_O Loss:1.5642	 A_O Loss:1.3287;O_A Loss:1.1596	 AO_P Loss:0.2299	;	 PA_O Loss:1.3074	;	 PO_A Loss:1.223	;
[2022-12-11 00:01:52,017][bmrc_v4.py][line:1397][INFO] Epoch:[1/40]	 Batch:[380/460]	 Loss Sum:5.9895	 S_A Loss:1.6337;S_O Loss:1.074	 A_O Loss:0.7822;O_A Loss:0.7645	 AO_P Loss:0.2095	;	 PA_O Loss:0.6644	;	 PO_A Loss:0.8612	;
[2022-12-11 00:01:57,511][bmrc_v4.py][line:1397][INFO] Epoch:[1/40]	 Batch:[390/460]	 Loss Sum:29.6583	 S_A Loss:3.9207;S_O Loss:4.4005	 A_O Loss:5.3352;O_A Loss:4.9344	 AO_P Loss:1.4483	;	 PA_O Loss:5.0	;	 PO_A Loss:4.6193	;
[2022-12-11 00:02:03,244][bmrc_v4.py][line:1397][INFO] Epoch:[1/40]	 Batch:[400/460]	 Loss Sum:8.6965	 S_A Loss:1.5039;S_O Loss:1.9757	 A_O Loss:1.1682;O_A Loss:1.2688	 AO_P Loss:0.2424	;	 PA_O Loss:1.294	;	 PO_A Loss:1.2436	;
[2022-12-11 00:02:08,974][bmrc_v4.py][line:1397][INFO] Epoch:[1/40]	 Batch:[410/460]	 Loss Sum:11.6937	 S_A Loss:2.6278;S_O Loss:1.739	 A_O Loss:1.4556;O_A Loss:2.0286	 AO_P Loss:0.4339	;	 PA_O Loss:1.4694	;	 PO_A Loss:1.9394	;
[2022-12-11 00:02:14,706][bmrc_v4.py][line:1397][INFO] Epoch:[1/40]	 Batch:[420/460]	 Loss Sum:20.3914	 S_A Loss:1.7874;S_O Loss:3.143	 A_O Loss:3.6365;O_A Loss:3.8045	 AO_P Loss:0.5035	;	 PA_O Loss:3.4065	;	 PO_A Loss:4.11	;
[2022-12-11 00:02:20,325][bmrc_v4.py][line:1397][INFO] Epoch:[1/40]	 Batch:[430/460]	 Loss Sum:8.5589	 S_A Loss:1.3958;S_O Loss:1.9976	 A_O Loss:1.3892;O_A Loss:1.1959	 AO_P Loss:0.3895	;	 PA_O Loss:1.1116	;	 PO_A Loss:1.0794	;
[2022-12-11 00:02:26,021][bmrc_v4.py][line:1397][INFO] Epoch:[1/40]	 Batch:[440/460]	 Loss Sum:13.9232	 S_A Loss:2.1004;S_O Loss:2.3179	 A_O Loss:1.706;O_A Loss:2.9567	 AO_P Loss:0.2742	;	 PA_O Loss:1.644	;	 PO_A Loss:2.924	;
[2022-12-11 00:02:31,703][bmrc_v4.py][line:1397][INFO] Epoch:[1/40]	 Batch:[450/460]	 Loss Sum:7.8866	 S_A Loss:1.4669;S_O Loss:1.4666	 A_O Loss:1.0678;O_A Loss:1.0585	 AO_P Loss:0.2449	;	 PA_O Loss:0.9256	;	 PO_A Loss:1.6564	;
[2022-12-11 00:02:37,312][bmrc_v4.py][line:1397][INFO] Epoch:[1/40]	 Batch:[460/460]	 Loss Sum:9.8496	 S_A Loss:2.1782;S_O Loss:2.0393	 A_O Loss:1.1292;O_A Loss:1.7212	 AO_P Loss:0.2231	;	 PA_O Loss:1.0027	;	 PO_A Loss:1.556	;
[2022-12-11 00:02:37,313][bmrc_v4.py][line:1418][INFO] dev
[2022-12-11 01:37:13,644][bmrc_v4.py][line:1147][INFO] Triplet - Precision: 0.12403100751156781	Recall: 0.18991097866495257	F1: 0.15005813831481982
[2022-12-11 01:37:13,647][bmrc_v4.py][line:1153][INFO] Aspect - Precision: 0.3343749989550781	Recall: 0.38351254342827046	F1: 0.3572616046561986
[2022-12-11 01:37:13,647][bmrc_v4.py][line:1158][INFO] Opinion - Precision: 0.45768024934896473	Recall: 0.4332344200794231	F1: 0.4451214502394439
[2022-12-11 01:37:13,647][bmrc_v4.py][line:1166][INFO] Aspect-Sentiment - Precision: 0.2281249992871094	Recall: 0.2616487445819041	F1: 0.24373906747295737
[2022-12-11 01:37:13,647][bmrc_v4.py][line:1174][INFO] Aspect-Opinion - Precision: 0.18604651126735172	Recall: 0.2848664679974289	F1: 0.22508744646195755
[2022-12-11 01:37:13,647][bmrc_v4.py][line:1428][INFO] test
[2022-12-11 01:37:54,775][bmrc_v4.py][line:1147][INFO] Triplet - Precision: 0.15850144069380195	Recall: 0.2244897954602249	F1: 0.18581032534138722
[2022-12-11 01:37:54,775][bmrc_v4.py][line:1153][INFO] Aspect - Precision: 0.3459915604514946	Recall: 0.3923444966690323	F1: 0.36771250563119195
[2022-12-11 01:37:54,775][bmrc_v4.py][line:1158][INFO] Opinion - Precision: 0.47708333233940975	Recall: 0.46734693782174097	F1: 0.47216444753374226
[2022-12-11 01:37:54,775][bmrc_v4.py][line:1166][INFO] Aspect-Sentiment - Precision: 0.25105485179102355	Recall: 0.28468899453423685	F1: 0.2668156448711261
[2022-12-11 01:37:54,775][bmrc_v4.py][line:1174][INFO] Aspect-Opinion - Precision: 0.2089337172781935	Recall: 0.29591836674302374	F1: 0.24493194686283548
[2022-12-11 01:37:54,778][bmrc_v4.py][line:1439][INFO] Model saved after epoch 1
[2022-12-11 01:37:57,165][bmrc_v4.py][line:1282][INFO] train
