[2022-12-10 15:56:32,183][bmrc_v4.py][line:1198][INFO] Namespace(add_note='', batch_size=2, bert_model_type='../../bert/bert-base-uncased', beta=1, checkpoint_path='./model/final_2.pth', data_path='./data', dataset_type='ASTE', epoch_num=40, gat=False, gpu=True, hidden_size=768, infer_rt=False, inference_beta=0.8, learning_rate=0.001, log_path='./log', mode='train', model_name='BMRC', nizhuan=True, save_model_path='./checkpoint/2022-12-10-15-56-31-', task_type='ASTE', train_rt=True, tuning_bert_rate=1e-05, warm_up=0.1, work_nums=1, zhongzi=[5, 77, 89, 32, 66])
[2022-12-10 15:56:32,183][bmrc_v4.py][line:1199][INFO] ####################################
[2022-12-10 15:56:32,183][bmrc_v4.py][line:1200][INFO] ####################################
[2022-12-10 15:56:32,183][bmrc_v4.py][line:1201][INFO] loading data......
[2022-12-10 15:56:34,088][bmrc_v4.py][line:1219][INFO] initial optimizer......
[2022-12-10 15:56:34,088][bmrc_v4.py][line:1229][INFO] New model and optimizer from epoch 1
[2022-12-10 15:56:36,764][bmrc_v4.py][line:1245][INFO] begin training......
[2022-12-10 15:56:36,764][bmrc_v4.py][line:1279][INFO] train
[2022-12-10 15:56:42,551][bmrc_v4.py][line:1394][INFO] Epoch:[1/40]	 Batch:[10/460]	 Loss Sum:24.5673	 S_A Loss:4.2447;S_O Loss:4.086	 A_O Loss:3.8097;O_A Loss:4.1511	 AO_P Loss:0.3249	;	 PA_O Loss:3.8464	;	 PO_A Loss:4.1044	;
[2022-12-10 15:56:47,290][bmrc_v4.py][line:1394][INFO] Epoch:[1/40]	 Batch:[20/460]	 Loss Sum:33.9586	 S_A Loss:5.7793;S_O Loss:5.4603	 A_O Loss:5.4835;O_A Loss:5.5511	 AO_P Loss:0.3372	;	 PA_O Loss:5.4699	;	 PO_A Loss:5.8774	;
[2022-12-10 15:56:52,068][bmrc_v4.py][line:1394][INFO] Epoch:[1/40]	 Batch:[30/460]	 Loss Sum:16.8463	 S_A Loss:2.1848;S_O Loss:2.5719	 A_O Loss:2.6264;O_A Loss:3.3589	 AO_P Loss:0.2241	;	 PA_O Loss:2.4515	;	 PO_A Loss:3.4287	;
[2022-12-10 15:56:56,858][bmrc_v4.py][line:1394][INFO] Epoch:[1/40]	 Batch:[40/460]	 Loss Sum:31.1232	 S_A Loss:5.0676;S_O Loss:5.3601	 A_O Loss:4.9936;O_A Loss:5.1605	 AO_P Loss:0.4074	;	 PA_O Loss:5.0228	;	 PO_A Loss:5.1111	;
[2022-12-10 15:57:01,695][bmrc_v4.py][line:1394][INFO] Epoch:[1/40]	 Batch:[50/460]	 Loss Sum:30.2962	 S_A Loss:4.2265;S_O Loss:4.4573	 A_O Loss:4.3985;O_A Loss:6.3373	 AO_P Loss:0.3026	;	 PA_O Loss:4.385	;	 PO_A Loss:6.189	;
[2022-12-10 15:57:06,541][bmrc_v4.py][line:1394][INFO] Epoch:[1/40]	 Batch:[60/460]	 Loss Sum:23.1631	 S_A Loss:4.0374;S_O Loss:3.8149	 A_O Loss:3.7275;O_A Loss:4.1459	 AO_P Loss:0.272	;	 PA_O Loss:3.4829	;	 PO_A Loss:3.6825	;
[2022-12-10 15:57:11,424][bmrc_v4.py][line:1394][INFO] Epoch:[1/40]	 Batch:[70/460]	 Loss Sum:15.4318	 S_A Loss:2.4588;S_O Loss:2.5001	 A_O Loss:2.4934;O_A Loss:2.5749	 AO_P Loss:0.2494	;	 PA_O Loss:2.579	;	 PO_A Loss:2.5761	;
[2022-12-10 15:57:16,266][bmrc_v4.py][line:1394][INFO] Epoch:[1/40]	 Batch:[80/460]	 Loss Sum:32.7523	 S_A Loss:4.6478;S_O Loss:4.0622	 A_O Loss:5.384;O_A Loss:6.1126	 AO_P Loss:0.7917	;	 PA_O Loss:5.2904	;	 PO_A Loss:6.4636	;
[2022-12-10 15:57:21,128][bmrc_v4.py][line:1394][INFO] Epoch:[1/40]	 Batch:[90/460]	 Loss Sum:18.3372	 S_A Loss:2.25;S_O Loss:3.0751	 A_O Loss:3.0706;O_A Loss:2.97	 AO_P Loss:0.261	;	 PA_O Loss:3.6174	;	 PO_A Loss:3.0931	;
[2022-12-10 15:57:25,983][bmrc_v4.py][line:1394][INFO] Epoch:[1/40]	 Batch:[100/460]	 Loss Sum:15.1425	 S_A Loss:2.458;S_O Loss:2.4048	 A_O Loss:2.4095;O_A Loss:2.5057	 AO_P Loss:0.22	;	 PA_O Loss:2.7328	;	 PO_A Loss:2.4117	;
[2022-12-10 15:57:30,871][bmrc_v4.py][line:1394][INFO] Epoch:[1/40]	 Batch:[110/460]	 Loss Sum:18.3135	 S_A Loss:2.9836;S_O Loss:2.804	 A_O Loss:3.0753;O_A Loss:3.011	 AO_P Loss:0.2607	;	 PA_O Loss:3.2247	;	 PO_A Loss:2.9542	;
[2022-12-10 15:57:35,716][bmrc_v4.py][line:1394][INFO] Epoch:[1/40]	 Batch:[120/460]	 Loss Sum:20.1624	 S_A Loss:2.0554;S_O Loss:3.4851	 A_O Loss:3.155;O_A Loss:3.7438	 AO_P Loss:0.3785	;	 PA_O Loss:3.2735	;	 PO_A Loss:4.0711	;
[2022-12-10 15:57:40,658][bmrc_v4.py][line:1394][INFO] Epoch:[1/40]	 Batch:[130/460]	 Loss Sum:27.0165	 S_A Loss:3.3121;S_O Loss:3.4008	 A_O Loss:4.0854;O_A Loss:5.8303	 AO_P Loss:0.6161	;	 PA_O Loss:4.0079	;	 PO_A Loss:5.7638	;
[2022-12-10 15:57:45,625][bmrc_v4.py][line:1394][INFO] Epoch:[1/40]	 Batch:[140/460]	 Loss Sum:13.6181	 S_A Loss:2.1414;S_O Loss:2.2001	 A_O Loss:2.3967;O_A Loss:2.0552	 AO_P Loss:0.4325	;	 PA_O Loss:2.3813	;	 PO_A Loss:2.0109	;
[2022-12-10 15:57:50,477][bmrc_v4.py][line:1394][INFO] Epoch:[1/40]	 Batch:[150/460]	 Loss Sum:11.2158	 S_A Loss:1.7102;S_O Loss:1.9278	 A_O Loss:1.9949;O_A Loss:1.7456	 AO_P Loss:0.2089	;	 PA_O Loss:1.8256	;	 PO_A Loss:1.8028	;
