[2022-11-13 16:04:57,672][debug.py][line:2101][INFO] Namespace(add_note='', batch_size=1, bert_model_type='../../bert/bert-base-uncased', beta=1, checkpoint_path='./model/final_2.pth', data_path='./data', dataset_type='ASTE', epoch_num=40, gpu=True, hidden_size=768, inference_beta=0.8, learning_rate=0.001, log_path='./log', mode='train', model_name='BMRC', save_model_path='./checkpoint/2022-11-13-16-04-56-', task_type='ASTE', tuning_bert_rate=1e-05, warm_up=0.1, work_nums=1)
[2022-11-13 16:04:57,672][debug.py][line:2103][INFO] loading data......
[2022-11-13 16:04:59,386][debug.py][line:2122][INFO] initial optimizer......
[2022-11-13 16:04:59,397][debug.py][line:2133][INFO] New model and optimizer from epoch 1
[2022-11-13 16:05:05,263][debug.py][line:2169][INFO] begin training......
[2022-11-13 16:05:05,269][debug.py][line:2206][INFO] train
[2022-11-13 16:05:23,010][debug.py][line:2345][INFO] Epoch:[1/40]	 Batch:[100/920]	 Loss Sum:23.7213	 forward Loss:5.6687;6.0961	 backward Loss:5.7122;5.4126	 Sentiment Loss:0.8317	
[2022-11-13 16:05:40,065][debug.py][line:2345][INFO] Epoch:[1/40]	 Batch:[200/920]	 Loss Sum:31.392	 forward Loss:7.0247;7.7136	 backward Loss:8.3303;7.3307	 Sentiment Loss:0.9926	
[2022-11-13 16:05:56,186][debug.py][line:2345][INFO] Epoch:[1/40]	 Batch:[300/920]	 Loss Sum:31.9333	 forward Loss:6.7969;8.4144	 backward Loss:8.3282;7.4258	 Sentiment Loss:0.9681	
[2022-11-13 16:06:13,419][debug.py][line:2345][INFO] Epoch:[1/40]	 Batch:[400/920]	 Loss Sum:20.1219	 forward Loss:4.6174;5.0302	 backward Loss:5.8173;4.2142	 Sentiment Loss:0.4429	
[2022-11-13 16:06:30,565][debug.py][line:2345][INFO] Epoch:[1/40]	 Batch:[500/920]	 Loss Sum:23.5814	 forward Loss:5.6534;6.098	 backward Loss:6.5917;4.7243	 Sentiment Loss:0.5141	
[2022-11-13 16:06:47,221][debug.py][line:2345][INFO] Epoch:[1/40]	 Batch:[600/920]	 Loss Sum:11.6038	 forward Loss:4.0232;2.3834	 backward Loss:1.715;3.0895	 Sentiment Loss:0.3927	
[2022-11-13 16:07:04,791][debug.py][line:2345][INFO] Epoch:[1/40]	 Batch:[700/920]	 Loss Sum:24.8409	 forward Loss:7.1921;3.8229	 backward Loss:4.2485;9.257	 Sentiment Loss:0.3203	
[2022-11-13 16:07:23,089][debug.py][line:2345][INFO] Epoch:[1/40]	 Batch:[800/920]	 Loss Sum:69.6728	 forward Loss:13.8214;21.571	 backward Loss:14.6254;18.7852	 Sentiment Loss:0.8698	
[2022-11-13 16:07:42,289][debug.py][line:2345][INFO] Epoch:[1/40]	 Batch:[900/920]	 Loss Sum:12.2109	 forward Loss:1.6184;4.8064	 backward Loss:4.6882;0.8907	 Sentiment Loss:0.2072	
[2022-11-13 16:07:45,387][debug.py][line:2421][INFO] dev
[2022-11-13 16:08:09,725][debug.py][line:1217][INFO] Triplet - Precision: 0.1449275357067843	Recall: 0.11869436166559537	F1: 0.1305052141520605
[2022-11-13 16:08:09,726][debug.py][line:1222][INFO] Aspect - Precision: 0.25133689705167434	Recall: 0.16845878075821225	F1: 0.20171625682112643
[2022-11-13 16:08:09,726][debug.py][line:1227][INFO] Opinion - Precision: 0.5999999965714286	Recall: 0.31157269937218784	F1: 0.4101557984547779
[2022-11-13 16:08:09,726][debug.py][line:1235][INFO] Aspect-Sentiment - Precision: 0.19786096150876492	Recall: 0.13261648697986922	F1: 0.15879780207001284
[2022-11-13 16:08:09,726][debug.py][line:1243][INFO] Aspect-Opinion - Precision: 0.1594202892774627	Recall: 0.1305637978321549	F1: 0.14355578507179007
[2022-11-13 16:08:09,729][debug.py][line:2437][INFO] test
[2022-11-13 16:08:45,567][debug.py][line:1217][INFO] Triplet - Precision: 0.1695331691166261	Recall: 0.14081632624323198	F1: 0.15384565778568868
[2022-11-13 16:08:45,567][debug.py][line:1222][INFO] Aspect - Precision: 0.3257328979617821	Recall: 0.23923444918843434	F1: 0.2758615799257156
[2022-11-13 16:08:45,568][debug.py][line:1227][INFO] Opinion - Precision: 0.6931407917215134	Recall: 0.39183673389421075	F1: 0.5006514277374727
[2022-11-13 16:08:45,568][debug.py][line:1235][INFO] Aspect-Sentiment - Precision: 0.24104234449171874	Recall: 0.1770334923994414	F1: 0.20413744219284446
[2022-11-13 16:08:45,568][debug.py][line:1243][INFO] Aspect-Opinion - Precision: 0.21867321813593804	Recall: 0.1816326526905456	F1: 0.1984387457572515
[2022-11-13 16:08:45,570][debug.py][line:2451][INFO] Model saved after epoch 1
[2022-11-13 16:08:47,759][debug.py][line:2206][INFO] train
[2022-11-13 16:09:04,201][debug.py][line:2345][INFO] Epoch:[2/40]	 Batch:[100/920]	 Loss Sum:16.3366	 forward Loss:4.5937;4.8325	 backward Loss:1.8699;4.6179	 Sentiment Loss:0.4226	
[2022-11-13 16:09:20,685][debug.py][line:2345][INFO] Epoch:[2/40]	 Batch:[200/920]	 Loss Sum:6.1728	 forward Loss:1.8015;1.5049	 backward Loss:0.6678;1.4549	 Sentiment Loss:0.7437	
[2022-11-13 16:09:36,979][debug.py][line:2345][INFO] Epoch:[2/40]	 Batch:[300/920]	 Loss Sum:23.684	 forward Loss:2.1278;5.9285	 backward Loss:8.1619;7.2601	 Sentiment Loss:0.2058	
[2022-11-13 16:09:53,571][debug.py][line:2345][INFO] Epoch:[2/40]	 Batch:[400/920]	 Loss Sum:15.3363	 forward Loss:6.0328;1.5276	 backward Loss:1.2829;6.0513	 Sentiment Loss:0.4417	
[2022-11-13 16:10:09,898][debug.py][line:2345][INFO] Epoch:[2/40]	 Batch:[500/920]	 Loss Sum:118.63	 forward Loss:13.7701;32.5793	 backward Loss:33.4581;38.0518	 Sentiment Loss:0.7708	
[2022-11-13 16:10:26,098][debug.py][line:2345][INFO] Epoch:[2/40]	 Batch:[600/920]	 Loss Sum:5.6168	 forward Loss:0.5688;2.4114	 backward Loss:1.5502;0.9617	 Sentiment Loss:0.1247	
[2022-11-13 16:10:42,849][debug.py][line:2345][INFO] Epoch:[2/40]	 Batch:[700/920]	 Loss Sum:12.0391	 forward Loss:2.1115;4.5539	 backward Loss:3.1972;2.1263	 Sentiment Loss:0.0503	
[2022-11-13 16:11:01,071][debug.py][line:2345][INFO] Epoch:[2/40]	 Batch:[800/920]	 Loss Sum:19.7649	 forward Loss:2.9921;1.2255	 backward Loss:7.5297;7.5461	 Sentiment Loss:0.4715	
[2022-11-13 16:11:18,851][debug.py][line:2345][INFO] Epoch:[2/40]	 Batch:[900/920]	 Loss Sum:7.8493	 forward Loss:1.8888;3.0016	 backward Loss:1.0049;1.8001	 Sentiment Loss:0.1538	
[2022-11-13 16:11:22,240][debug.py][line:2421][INFO] dev
[2022-11-13 16:11:45,386][debug.py][line:1217][INFO] Triplet - Precision: 0.4318181720041325	Recall: 0.0563798217911578	F1: 0.09973732798796024
[2022-11-13 16:11:45,386][debug.py][line:1222][INFO] Aspect - Precision: 0.7297297100073051	Recall: 0.09677419320152619	F1: 0.17088586811032497
[2022-11-13 16:11:45,386][debug.py][line:1227][INFO] Opinion - Precision: 0.6829268126115412	Recall: 0.08308605316591676	F1: 0.14814795396290426
[2022-11-13 16:11:45,386][debug.py][line:1235][INFO] Aspect-Sentiment - Precision: 0.48648647333820344	Recall: 0.06451612880101747	F1: 0.1139238431545135
[2022-11-13 16:11:45,386][debug.py][line:1243][INFO] Aspect-Opinion - Precision: 0.5227272608471077	Recall: 0.06824925795771733	F1: 0.12073470320574899
[2022-11-13 16:11:45,389][debug.py][line:2437][INFO] test
[2022-11-13 16:12:16,542][debug.py][line:1217][INFO] Triplet - Precision: 0.5813953420767983	Recall: 0.10204081611828406	F1: 0.17361085648185146
[2022-11-13 16:12:16,542][debug.py][line:1222][INFO] Aspect - Precision: 0.8684210412049863	Recall: 0.15789473646436666	F1: 0.2672062162962081
[2022-11-13 16:12:16,543][debug.py][line:1227][INFO] Opinion - Precision: 0.8313252911888519	Recall: 0.14081632624323198	F1: 0.2408374477554011
[2022-11-13 16:12:16,543][debug.py][line:1235][INFO] Aspect-Sentiment - Precision: 0.7236842010041553	Recall: 0.13157894705363887	F1: 0.22267180352109447
[2022-11-13 16:12:16,543][debug.py][line:1243][INFO] Aspect-Opinion - Precision: 0.6627906899675501	Recall: 0.11632653037484382	F1: 0.19791641195296705
[2022-11-13 16:12:16,545][debug.py][line:2206][INFO] train
[2022-11-13 16:12:33,255][debug.py][line:2345][INFO] Epoch:[3/40]	 Batch:[100/920]	 Loss Sum:23.6026	 forward Loss:2.2217;2.7727	 backward Loss:7.7527;10.7427	 Sentiment Loss:0.1129	
[2022-11-13 16:12:49,693][debug.py][line:2345][INFO] Epoch:[3/40]	 Batch:[200/920]	 Loss Sum:13.1037	 forward Loss:1.8519;2.4771	 backward Loss:7.1139;1.5299	 Sentiment Loss:0.1309	
[2022-11-13 16:13:05,337][debug.py][line:2345][INFO] Epoch:[3/40]	 Batch:[300/920]	 Loss Sum:23.125	 forward Loss:2.3152;10.3956	 backward Loss:2.7179;7.1678	 Sentiment Loss:0.5285	
[2022-11-13 16:13:21,375][debug.py][line:2345][INFO] Epoch:[3/40]	 Batch:[400/920]	 Loss Sum:21.1944	 forward Loss:2.4226;6.9767	 backward Loss:5.3766;6.3654	 Sentiment Loss:0.0532	
[2022-11-13 16:13:37,355][debug.py][line:2345][INFO] Epoch:[3/40]	 Batch:[500/920]	 Loss Sum:3.6282	 forward Loss:1.1333;0.1192	 backward Loss:0.4941;1.7421	 Sentiment Loss:0.1395	
[2022-11-13 16:13:53,304][debug.py][line:2345][INFO] Epoch:[3/40]	 Batch:[600/920]	 Loss Sum:3.5128	 forward Loss:1.5305;0.0302	 backward Loss:0.2918;1.5872	 Sentiment Loss:0.0731	
[2022-11-13 16:14:09,257][debug.py][line:2345][INFO] Epoch:[3/40]	 Batch:[700/920]	 Loss Sum:29.2602	 forward Loss:14.2821;2.8515	 backward Loss:2.2407;8.6895	 Sentiment Loss:1.1965	
[2022-11-13 16:14:24,933][debug.py][line:2345][INFO] Epoch:[3/40]	 Batch:[800/920]	 Loss Sum:4.5281	 forward Loss:0.5948;2.1993	 backward Loss:0.6766;0.6806	 Sentiment Loss:0.3768	
[2022-11-13 16:14:40,648][debug.py][line:2345][INFO] Epoch:[3/40]	 Batch:[900/920]	 Loss Sum:5.799	 forward Loss:0.1557;0.5644	 backward Loss:4.8538;0.2035	 Sentiment Loss:0.0216	
[2022-11-13 16:14:44,358][debug.py][line:2421][INFO] dev
[2022-11-13 16:15:06,958][debug.py][line:1217][INFO] Triplet - Precision: 0.6134453729962573	Recall: 0.21661721003971154	F1: 0.32017505146822295
[2022-11-13 16:15:06,958][debug.py][line:1222][INFO] Aspect - Precision: 0.779816506607188	Recall: 0.3046594971159158	F1: 0.4381439236240298
[2022-11-13 16:15:06,959][debug.py][line:1227][INFO] Opinion - Precision: 0.7857142786989797	Recall: 0.2611275956643098	F1: 0.39198180643980884
[2022-11-13 16:15:06,959][debug.py][line:1235][INFO] Aspect-Sentiment - Precision: 0.6697247644979379	Recall: 0.2616487445819041	F1: 0.3762882538398419
[2022-11-13 16:15:06,959][debug.py][line:1243][INFO] Aspect-Opinion - Precision: 0.6638655406397854	Recall: 0.23442136428955085	F1: 0.3464908408264518
[2022-11-13 16:15:06,961][debug.py][line:2437][INFO] test
[2022-11-13 16:15:40,229][debug.py][line:1217][INFO] Triplet - Precision: 0.715846990623787	Recall: 0.2673469382299042	F1: 0.3893012373598999
[2022-11-13 16:15:40,229][debug.py][line:1222][INFO] Aspect - Precision: 0.9064327432372354	Recall: 0.3708133962420732	F1: 0.5263153756160962
[2022-11-13 16:15:40,229][debug.py][line:1227][INFO] Opinion - Precision: 0.9204545402246901	Recall: 0.3306122442232403	F1: 0.4864860961685505
[2022-11-13 16:15:40,229][debug.py][line:1235][INFO] Aspect-Sentiment - Precision: 0.7602339136828427	Recall: 0.3110047839449646	F1: 0.44142573244091093
[2022-11-13 16:15:40,229][debug.py][line:1243][INFO] Aspect-Opinion - Precision: 0.8196721266684583	Recall: 0.30612244835485214	F1: 0.44576483303157677
[2022-11-13 16:15:40,232][debug.py][line:2451][INFO] Model saved after epoch 3
[2022-11-13 16:15:42,510][debug.py][line:2206][INFO] train
[2022-11-13 16:15:58,108][debug.py][line:2345][INFO] Epoch:[4/40]	 Batch:[100/920]	 Loss Sum:6.6479	 forward Loss:0.1155;3.5589	 backward Loss:2.6571;0.2991	 Sentiment Loss:0.0174	
[2022-11-13 16:16:14,041][debug.py][line:2345][INFO] Epoch:[4/40]	 Batch:[200/920]	 Loss Sum:26.1121	 forward Loss:3.042;1.2121	 backward Loss:8.9308;9.7646	 Sentiment Loss:3.1626	
[2022-11-13 16:16:30,925][debug.py][line:2345][INFO] Epoch:[4/40]	 Batch:[300/920]	 Loss Sum:2.263	 forward Loss:0.4821;0.0518	 backward Loss:0.0893;1.1096	 Sentiment Loss:0.5301	
[2022-11-13 16:16:47,876][debug.py][line:2345][INFO] Epoch:[4/40]	 Batch:[400/920]	 Loss Sum:8.1988	 forward Loss:0.3749;4.6161	 backward Loss:0.8533;2.2841	 Sentiment Loss:0.0705	
[2022-11-13 16:17:03,847][debug.py][line:2345][INFO] Epoch:[4/40]	 Batch:[500/920]	 Loss Sum:1.8962	 forward Loss:0.6085;0.0528	 backward Loss:0.0371;0.8254	 Sentiment Loss:0.3724	
[2022-11-13 16:17:19,652][debug.py][line:2345][INFO] Epoch:[4/40]	 Batch:[600/920]	 Loss Sum:17.0817	 forward Loss:3.9673;4.045	 backward Loss:1.8577;7.1111	 Sentiment Loss:0.1006	
[2022-11-13 16:17:35,325][debug.py][line:2345][INFO] Epoch:[4/40]	 Batch:[700/920]	 Loss Sum:11.1177	 forward Loss:0.4216;1.1429	 backward Loss:4.7209;4.8146	 Sentiment Loss:0.0178	
[2022-11-13 16:17:51,206][debug.py][line:2345][INFO] Epoch:[4/40]	 Batch:[800/920]	 Loss Sum:3.8002	 forward Loss:0.4782;1.4959	 backward Loss:0.2125;0.969	 Sentiment Loss:0.6445	
[2022-11-13 16:18:07,045][debug.py][line:2345][INFO] Epoch:[4/40]	 Batch:[900/920]	 Loss Sum:6.0976	 forward Loss:1.4518;0.6269	 backward Loss:0.8998;1.1866	 Sentiment Loss:1.9326	
[2022-11-13 16:18:10,222][debug.py][line:2421][INFO] dev
[2022-11-13 16:18:29,656][debug.py][line:1217][INFO] Triplet - Precision: 0.7346938625572681	Recall: 0.10682492549903583	F1: 0.18652827478616077
[2022-11-13 16:18:29,657][debug.py][line:1222][INFO] Aspect - Precision: 0.9183673281965852	Recall: 0.16129032200254365	F1: 0.2743899880839623
[2022-11-13 16:18:29,657][debug.py][line:1227][INFO] Opinion - Precision: 0.8979591653477722	Recall: 0.1305637978321549	F1: 0.22797905177341463
[2022-11-13 16:18:29,657][debug.py][line:1235][INFO] Aspect-Sentiment - Precision: 0.7755101882548942	Recall: 0.13620071635770353	F1: 0.23170706151499912
[2022-11-13 16:18:29,657][debug.py][line:1243][INFO] Aspect-Opinion - Precision: 0.8367346768013332	Recall: 0.12166172070723526	F1: 0.21243501040319224
[2022-11-13 16:18:29,659][debug.py][line:2429][INFO] dev_debug
